[INFO](2023/03/24/ 07:52:08 PM) 
[WELCOME] Unfolding configurations...!
[INFO](2023/03/24/ 07:52:08 PM) {'global_config': {'seed': 5959, 'device': 'cuda', 'is_mp': False}}
[INFO](2023/03/24/ 07:52:08 PM) {'data_config': {'data_path': '../processed', 'dataset_name': 'MNIST', 'num_shards': 200, 'iid': False}}
[INFO](2023/03/24/ 07:52:08 PM) {'fed_config': {'C': 0.1, 'K': 1, 'R': 500, 'E': 1, 'B': 2, 'criterion': 'torch.nn.CrossEntropyLoss', 'optimizer': 'torch.optim.SGD'}}
[INFO](2023/03/24/ 07:52:08 PM) {'optim_config': {'lr': 5e-07, 'momentum': 0.9, 'weight_decay': 0.0001}}
[INFO](2023/03/24/ 07:52:08 PM) {'init_config': {'init_type': 'xavier', 'init_gain': 1.0, 'gpu_ids': [0]}}
[INFO](2023/03/24/ 07:52:08 PM) {'model_config': {'name': 'CNN', 'in_channels': 1, 'hidden_channels': 32, 'num_hiddens': 512, 'num_classes': 10}}
[INFO](2023/03/24/ 07:52:08 PM) {'log_config': {'log_path': './log/2023-03-24_19:52:05', 'log_name': 'FL.log', 'tb_port': 5252, 'tb_host': '0.0.0.0'}}
[INFO](2023/03/24/ 07:52:10 PM) [Round: 0000] ...successfully initialized model (# parameters: 42883168)!
[INFO](2023/03/24/ 08:34:06 PM) [Round: 0000] ...successfully created all 1 clients!
[INFO](2023/03/24/ 08:34:06 PM) [Round: 0000] ...successfully finished setup of all 1 clients!
[INFO](2023/03/24/ 08:34:06 PM) [Round: 0000] ...successfully transmitted models to all 1 clients!
[INFO](2023/03/24/ 08:34:06 PM) [Round: 0001] Select clients...!
[INFO](2023/03/24/ 08:34:06 PM) [Round: 0001] ...successfully transmitted models to 1 selected clients!
[INFO](2023/03/24/ 08:34:06 PM) [Round: 0001] Start updating selected 1 clients...!
[INFO](2023/03/24/ 09:40:00 PM) [Round: 0001] ...1 clients are selected and updated (with total sample size: 4984)! Time: 3953.756502866745sec
[INFO](2023/03/24/ 09:40:00 PM) [Round: 0001] Evaluate selected 1 clients' models...!
[INFO](2023/03/24/ 10:04:03 PM) [Round: 0001] ...finished evaluation of 1 selected clients!
[INFO](2023/03/24/ 10:04:03 PM) [Round: 0001] Aggregate updated weights of 1 clients...!
[INFO](2023/03/24/ 10:04:03 PM) [Round: 0001] ...updated weights of 1 clients are successfully averaged!
[INFO](2023/03/24/ 10:12:09 PM) [Round: 0001] Evaluate global model's performance...!                
	[Server] ...finished evaluation!                
	=> Loss: 0.4684                
	=> Accuracy: 83.59%

[INFO](2023/03/24/ 10:12:09 PM) [Round: 0002] Select clients...!
[INFO](2023/03/24/ 10:12:09 PM) [Round: 0002] ...successfully transmitted models to 1 selected clients!
[INFO](2023/03/24/ 10:12:09 PM) [Round: 0002] Start updating selected 1 clients...!
[INFO](2023/03/24/ 11:22:33 PM) [Round: 0002] ...1 clients are selected and updated (with total sample size: 4984)! Time: 4223.894914627075sec
[INFO](2023/03/24/ 11:22:33 PM) [Round: 0002] Evaluate selected 1 clients' models...!
[INFO](2023/03/24/ 11:47:17 PM) [Round: 0002] ...finished evaluation of 1 selected clients!
[INFO](2023/03/24/ 11:47:17 PM) [Round: 0002] Aggregate updated weights of 1 clients...!
[INFO](2023/03/24/ 11:47:17 PM) [Round: 0002] ...updated weights of 1 clients are successfully averaged!
[INFO](2023/03/24/ 11:55:24 PM) [Round: 0002] Evaluate global model's performance...!                
	[Server] ...finished evaluation!                
	=> Loss: 0.7471                
	=> Accuracy: 71.63%

[INFO](2023/03/24/ 11:55:24 PM) [Round: 0003] Select clients...!
[INFO](2023/03/24/ 11:55:24 PM) [Round: 0003] ...successfully transmitted models to 1 selected clients!
[INFO](2023/03/24/ 11:55:24 PM) [Round: 0003] Start updating selected 1 clients...!
[INFO](2023/03/25/ 01:05:43 AM) [Round: 0003] ...1 clients are selected and updated (with total sample size: 4984)! Time: 4218.506276845932sec
[INFO](2023/03/25/ 01:05:43 AM) [Round: 0003] Evaluate selected 1 clients' models...!
[INFO](2023/03/25/ 01:30:24 AM) [Round: 0003] ...finished evaluation of 1 selected clients!
[INFO](2023/03/25/ 01:30:24 AM) [Round: 0003] Aggregate updated weights of 1 clients...!
[INFO](2023/03/25/ 01:30:24 AM) [Round: 0003] ...updated weights of 1 clients are successfully averaged!
[INFO](2023/03/25/ 01:38:28 AM) [Round: 0003] Evaluate global model's performance...!                
	[Server] ...finished evaluation!                
	=> Loss: 0.6505                
	=> Accuracy: 75.78%

[INFO](2023/03/25/ 01:38:28 AM) [Round: 0004] Select clients...!
[INFO](2023/03/25/ 01:38:29 AM) [Round: 0004] ...successfully transmitted models to 1 selected clients!
[INFO](2023/03/25/ 01:38:29 AM) [Round: 0004] Start updating selected 1 clients...!
[INFO](2023/03/25/ 02:49:05 AM) [Round: 0004] ...1 clients are selected and updated (with total sample size: 4984)! Time: 4236.5133101940155sec
[INFO](2023/03/25/ 02:49:05 AM) [Round: 0004] Evaluate selected 1 clients' models...!
[INFO](2023/03/25/ 03:13:48 AM) [Round: 0004] ...finished evaluation of 1 selected clients!
[INFO](2023/03/25/ 03:13:48 AM) [Round: 0004] Aggregate updated weights of 1 clients...!
[INFO](2023/03/25/ 03:13:48 AM) [Round: 0004] ...updated weights of 1 clients are successfully averaged!
[INFO](2023/03/25/ 03:21:55 AM) [Round: 0004] Evaluate global model's performance...!                
	[Server] ...finished evaluation!                
	=> Loss: 0.6420                
	=> Accuracy: 76.98%

[INFO](2023/03/25/ 03:21:55 AM) [Round: 0005] Select clients...!
[INFO](2023/03/25/ 03:21:55 AM) [Round: 0005] ...successfully transmitted models to 1 selected clients!
[INFO](2023/03/25/ 03:21:55 AM) [Round: 0005] Start updating selected 1 clients...!
[INFO](2023/03/25/ 04:32:32 AM) [Round: 0005] ...1 clients are selected and updated (with total sample size: 4984)! Time: 4236.419273853302sec
[INFO](2023/03/25/ 04:32:32 AM) [Round: 0005] Evaluate selected 1 clients' models...!
[INFO](2023/03/25/ 04:57:21 AM) [Round: 0005] ...finished evaluation of 1 selected clients!
[INFO](2023/03/25/ 04:57:21 AM) [Round: 0005] Aggregate updated weights of 1 clients...!
[INFO](2023/03/25/ 04:57:21 AM) [Round: 0005] ...updated weights of 1 clients are successfully averaged!
[INFO](2023/03/25/ 05:05:23 AM) [Round: 0005] Evaluate global model's performance...!                
	[Server] ...finished evaluation!                
	=> Loss: 0.6001                
	=> Accuracy: 69.53%

[INFO](2023/03/25/ 05:05:23 AM) [Round: 0006] Select clients...!
[INFO](2023/03/25/ 05:05:23 AM) [Round: 0006] ...successfully transmitted models to 1 selected clients!
[INFO](2023/03/25/ 05:05:23 AM) [Round: 0006] Start updating selected 1 clients...!
[INFO](2023/03/25/ 06:15:46 AM) [Round: 0006] ...1 clients are selected and updated (with total sample size: 4984)! Time: 4222.320766687393sec
[INFO](2023/03/25/ 06:15:46 AM) [Round: 0006] Evaluate selected 1 clients' models...!
[INFO](2023/03/25/ 06:40:38 AM) [Round: 0006] ...finished evaluation of 1 selected clients!
[INFO](2023/03/25/ 06:40:38 AM) [Round: 0006] Aggregate updated weights of 1 clients...!
[INFO](2023/03/25/ 06:40:38 AM) [Round: 0006] ...updated weights of 1 clients are successfully averaged!
[INFO](2023/03/25/ 06:48:45 AM) [Round: 0006] Evaluate global model's performance...!                
	[Server] ...finished evaluation!                
	=> Loss: 0.8405                
	=> Accuracy: 68.15%

[INFO](2023/03/25/ 06:48:45 AM) [Round: 0007] Select clients...!
[INFO](2023/03/25/ 06:48:45 AM) [Round: 0007] ...successfully transmitted models to 1 selected clients!
[INFO](2023/03/25/ 06:48:45 AM) [Round: 0007] Start updating selected 1 clients...!
[INFO](2023/03/25/ 07:59:21 AM) [Round: 0007] ...1 clients are selected and updated (with total sample size: 4984)! Time: 4236.092401027679sec
[INFO](2023/03/25/ 07:59:21 AM) [Round: 0007] Evaluate selected 1 clients' models...!
[INFO](2023/03/25/ 08:24:10 AM) [Round: 0007] ...finished evaluation of 1 selected clients!
[INFO](2023/03/25/ 08:24:10 AM) [Round: 0007] Aggregate updated weights of 1 clients...!
[INFO](2023/03/25/ 08:24:11 AM) [Round: 0007] ...updated weights of 1 clients are successfully averaged!
[INFO](2023/03/25/ 08:32:17 AM) [Round: 0007] Evaluate global model's performance...!                
	[Server] ...finished evaluation!                
	=> Loss: 0.8421                
	=> Accuracy: 80.65%

[INFO](2023/03/25/ 08:32:17 AM) [Round: 0008] Select clients...!
[INFO](2023/03/25/ 08:32:17 AM) [Round: 0008] ...successfully transmitted models to 1 selected clients!
[INFO](2023/03/25/ 08:32:17 AM) [Round: 0008] Start updating selected 1 clients...!
