[INFO](2023/03/17/ 09:41:39 AM) 
[WELCOME] Unfolding configurations...!
[INFO](2023/03/17/ 09:41:39 AM) {'global_config': {'seed': 5959, 'device': 'cuda', 'is_mp': False}}
[INFO](2023/03/17/ 09:41:39 AM) {'data_config': {'data_path': '../processed', 'dataset_name': 'MNIST', 'num_shards': 200, 'iid': False}}
[INFO](2023/03/17/ 09:41:39 AM) {'fed_config': {'C': 0.1, 'K': 1, 'R': 500, 'E': 1, 'B': 2, 'criterion': 'torch.nn.CrossEntropyLoss', 'optimizer': 'torch.optim.SGD'}}
[INFO](2023/03/17/ 09:41:39 AM) {'optim_config': {'lr': 5e-07, 'momentum': 0.9, 'weight_decay': 0.0001}}
[INFO](2023/03/17/ 09:41:39 AM) {'init_config': {'init_type': 'xavier', 'init_gain': 1.0, 'gpu_ids': [0]}}
[INFO](2023/03/17/ 09:41:39 AM) {'model_config': {'name': 'CNN', 'in_channels': 1, 'hidden_channels': 32, 'num_hiddens': 512, 'num_classes': 10}}
[INFO](2023/03/17/ 09:41:39 AM) {'log_config': {'log_path': './log/2023-03-17_09:41:36', 'log_name': 'FL.log', 'tb_port': 5252, 'tb_host': '0.0.0.0'}}
[INFO](2023/03/17/ 09:41:41 AM) [Round: 0000] ...successfully initialized model (# parameters: 37606496)!
[INFO](2023/03/17/ 09:41:55 AM) [Round: 0000] ...successfully created all 1 clients!
[INFO](2023/03/17/ 09:41:55 AM) [Round: 0000] ...successfully finished setup of all 1 clients!
[INFO](2023/03/17/ 09:41:56 AM) [Round: 0000] ...successfully transmitted models to all 1 clients!
[INFO](2023/03/17/ 09:41:56 AM) [Round: 0001] Select clients...!
[INFO](2023/03/17/ 09:41:56 AM) [Round: 0001] ...successfully transmitted models to 1 selected clients!
[INFO](2023/03/17/ 09:41:56 AM) [Round: 0001] Start updating selected 1 clients...!
[INFO](2023/03/17/ 10:35:37 AM) [Round: 0001] ...1 clients are selected and updated (with total sample size: 5086)! Time: 3220.6935226917267sec
[INFO](2023/03/17/ 10:35:37 AM) [Round: 0001] Evaluate selected 1 clients' models...!
[INFO](2023/03/17/ 10:56:32 AM) [Round: 0001] ...finished evaluation of 1 selected clients!
[INFO](2023/03/17/ 10:56:32 AM) [Round: 0001] Aggregate updated weights of 1 clients...!
[INFO](2023/03/17/ 10:56:32 AM) [Round: 0001] ...updated weights of 1 clients are successfully averaged!
[INFO](2023/03/17/ 11:03:39 AM) [Round: 0001] Evaluate global model's performance...!                
	[Server] ...finished evaluation!                
	=> Loss: 0.5059                
	=> Accuracy: 78.33%

[INFO](2023/03/17/ 11:03:39 AM) [Round: 0002] Select clients...!
[INFO](2023/03/17/ 11:03:40 AM) [Round: 0002] ...successfully transmitted models to 1 selected clients!
[INFO](2023/03/17/ 11:03:40 AM) [Round: 0002] Start updating selected 1 clients...!
[INFO](2023/03/17/ 12:00:56 PM) [Round: 0002] ...1 clients are selected and updated (with total sample size: 5086)! Time: 3436.454753637314sec
[INFO](2023/03/17/ 12:00:56 PM) [Round: 0002] Evaluate selected 1 clients' models...!
[INFO](2023/03/17/ 12:22:16 PM) [Round: 0002] ...finished evaluation of 1 selected clients!
[INFO](2023/03/17/ 12:22:16 PM) [Round: 0002] Aggregate updated weights of 1 clients...!
[INFO](2023/03/17/ 12:22:16 PM) [Round: 0002] ...updated weights of 1 clients are successfully averaged!
[INFO](2023/03/17/ 12:29:22 PM) [Round: 0002] Evaluate global model's performance...!                
	[Server] ...finished evaluation!                
	=> Loss: 0.4650                
	=> Accuracy: 78.16%

[INFO](2023/03/17/ 12:29:23 PM) [Round: 0003] Select clients...!
[INFO](2023/03/17/ 12:29:23 PM) [Round: 0003] ...successfully transmitted models to 1 selected clients!
[INFO](2023/03/17/ 12:29:23 PM) [Round: 0003] Start updating selected 1 clients...!
[INFO](2023/03/17/ 01:26:38 PM) [Round: 0003] ...1 clients are selected and updated (with total sample size: 5086)! Time: 3435.328256368637sec
[INFO](2023/03/17/ 01:26:38 PM) [Round: 0003] Evaluate selected 1 clients' models...!
[INFO](2023/03/17/ 01:47:55 PM) [Round: 0003] ...finished evaluation of 1 selected clients!
[INFO](2023/03/17/ 01:47:56 PM) [Round: 0003] Aggregate updated weights of 1 clients...!
[INFO](2023/03/17/ 01:47:56 PM) [Round: 0003] ...updated weights of 1 clients are successfully averaged!
[INFO](2023/03/17/ 01:55:04 PM) [Round: 0003] Evaluate global model's performance...!                
	[Server] ...finished evaluation!                
	=> Loss: 0.3346                
	=> Accuracy: 82.87%

[INFO](2023/03/17/ 01:55:04 PM) [Round: 0004] Select clients...!
[INFO](2023/03/17/ 01:55:04 PM) [Round: 0004] ...successfully transmitted models to 1 selected clients!
[INFO](2023/03/17/ 01:55:04 PM) [Round: 0004] Start updating selected 1 clients...!
[INFO](2023/03/17/ 02:52:27 PM) [Round: 0004] ...1 clients are selected and updated (with total sample size: 5086)! Time: 3443.1678149700165sec
[INFO](2023/03/17/ 02:52:28 PM) [Round: 0004] Evaluate selected 1 clients' models...!
[INFO](2023/03/17/ 03:13:46 PM) [Round: 0004] ...finished evaluation of 1 selected clients!
[INFO](2023/03/17/ 03:13:46 PM) [Round: 0004] Aggregate updated weights of 1 clients...!
[INFO](2023/03/17/ 03:13:46 PM) [Round: 0004] ...updated weights of 1 clients are successfully averaged!
[INFO](2023/03/17/ 03:20:53 PM) [Round: 0004] Evaluate global model's performance...!                
	[Server] ...finished evaluation!                
	=> Loss: 0.3290                
	=> Accuracy: 84.77%

[INFO](2023/03/17/ 03:20:53 PM) [Round: 0005] Select clients...!
[INFO](2023/03/17/ 03:20:53 PM) [Round: 0005] ...successfully transmitted models to 1 selected clients!
[INFO](2023/03/17/ 03:20:53 PM) [Round: 0005] Start updating selected 1 clients...!
[INFO](2023/03/17/ 04:18:08 PM) [Round: 0005] ...1 clients are selected and updated (with total sample size: 5086)! Time: 3434.7069284915924sec
[INFO](2023/03/17/ 04:18:08 PM) [Round: 0005] Evaluate selected 1 clients' models...!
[INFO](2023/03/17/ 04:39:25 PM) [Round: 0005] ...finished evaluation of 1 selected clients!
[INFO](2023/03/17/ 04:39:25 PM) [Round: 0005] Aggregate updated weights of 1 clients...!
[INFO](2023/03/17/ 04:39:25 PM) [Round: 0005] ...updated weights of 1 clients are successfully averaged!
[INFO](2023/03/17/ 04:46:31 PM) [Round: 0005] Evaluate global model's performance...!                
	[Server] ...finished evaluation!                
	=> Loss: 0.4363                
	=> Accuracy: 79.60%

[INFO](2023/03/17/ 04:46:32 PM) [Round: 0006] Select clients...!
[INFO](2023/03/17/ 04:46:32 PM) [Round: 0006] ...successfully transmitted models to 1 selected clients!
[INFO](2023/03/17/ 04:46:32 PM) [Round: 0006] Start updating selected 1 clients...!
