[INFO](2023/03/15/ 09:40:21 AM) 
[WELCOME] Unfolding configurations...!
[INFO](2023/03/15/ 09:40:21 AM) {'global_config': {'seed': 5959, 'device': 'cuda', 'is_mp': False}}
[INFO](2023/03/15/ 09:40:21 AM) {'data_config': {'data_path': '../processed', 'dataset_name': 'MNIST', 'num_shards': 200, 'iid': False}}
[INFO](2023/03/15/ 09:40:21 AM) {'fed_config': {'C': 0.1, 'K': 1, 'R': 500, 'E': 1, 'B': 2, 'criterion': 'torch.nn.CrossEntropyLoss', 'optimizer': 'torch.optim.SGD'}}
[INFO](2023/03/15/ 09:40:21 AM) {'optim_config': {'lr': 5e-07, 'momentum': 0.9, 'weight_decay': 0.0001}}
[INFO](2023/03/15/ 09:40:21 AM) {'init_config': {'init_type': 'xavier', 'init_gain': 1.0, 'gpu_ids': [0]}}
[INFO](2023/03/15/ 09:40:21 AM) {'model_config': {'name': 'CNN', 'in_channels': 1, 'hidden_channels': 32, 'num_hiddens': 512, 'num_classes': 10}}
[INFO](2023/03/15/ 09:40:21 AM) {'log_config': {'log_path': './log/2023-03-15_09:40:18', 'log_name': 'FL.log', 'tb_port': 5252, 'tb_host': '0.0.0.0'}}
[INFO](2023/03/15/ 09:40:22 AM) [Round: 0000] ...successfully initialized model (# parameters: 36128912)!
[INFO](2023/03/15/ 09:40:37 AM) [Round: 0000] ...successfully created all 1 clients!
[INFO](2023/03/15/ 09:40:37 AM) [Round: 0000] ...successfully finished setup of all 1 clients!
[INFO](2023/03/15/ 09:40:37 AM) [Round: 0000] ...successfully transmitted models to all 1 clients!
[INFO](2023/03/15/ 09:40:37 AM) [Round: 0001] Select clients...!
[INFO](2023/03/15/ 09:40:37 AM) [Round: 0001] ...successfully transmitted models to 1 selected clients!
[INFO](2023/03/15/ 09:40:37 AM) [Round: 0001] Start updating selected 1 clients...!
[INFO](2023/03/15/ 10:15:54 AM) [Round: 0001] ...1 clients are selected and updated (with total sample size: 5204)!
[INFO](2023/03/15/ 10:15:54 AM) [Round: 0001] Evaluate selected 1 clients' models...!
[INFO](2023/03/15/ 10:34:05 AM) [Round: 0001] ...finished evaluation of 1 selected clients!
[INFO](2023/03/15/ 10:34:05 AM) [Round: 0001] Aggregate updated weights of 1 clients...!
[INFO](2023/03/15/ 10:34:05 AM) [Round: 0001] ...updated weights of 1 clients are successfully averaged!
[INFO](2023/03/15/ 10:40:39 AM) [Round: 0001] Evaluate global model's performance...!                
	[Server] ...finished evaluation!                
	=> Loss: 0.5425                
	=> Accuracy: 76.70%

[INFO](2023/03/15/ 10:40:39 AM) [Round: 0002] Select clients...!
[INFO](2023/03/15/ 10:40:39 AM) [Round: 0002] ...successfully transmitted models to 1 selected clients!
[INFO](2023/03/15/ 10:40:39 AM) [Round: 0002] Start updating selected 1 clients...!
[INFO](2023/03/15/ 11:27:20 AM) [Round: 0002] ...1 clients are selected and updated (with total sample size: 5204)!
[INFO](2023/03/15/ 11:27:20 AM) [Round: 0002] Evaluate selected 1 clients' models...!
[INFO](2023/03/15/ 11:46:35 AM) [Round: 0002] ...finished evaluation of 1 selected clients!
[INFO](2023/03/15/ 11:46:35 AM) [Round: 0002] Aggregate updated weights of 1 clients...!
[INFO](2023/03/15/ 11:46:35 AM) [Round: 0002] ...updated weights of 1 clients are successfully averaged!
[INFO](2023/03/15/ 11:53:05 AM) [Round: 0002] Evaluate global model's performance...!                
	[Server] ...finished evaluation!                
	=> Loss: 1.1054                
	=> Accuracy: 62.89%

[INFO](2023/03/15/ 11:53:05 AM) [Round: 0003] Select clients...!
[INFO](2023/03/15/ 11:53:05 AM) [Round: 0003] ...successfully transmitted models to 1 selected clients!
[INFO](2023/03/15/ 11:53:05 AM) [Round: 0003] Start updating selected 1 clients...!
[INFO](2023/03/15/ 12:39:44 PM) [Round: 0003] ...1 clients are selected and updated (with total sample size: 5204)!
[INFO](2023/03/15/ 12:39:44 PM) [Round: 0003] Evaluate selected 1 clients' models...!
[INFO](2023/03/15/ 12:58:55 PM) [Round: 0003] ...finished evaluation of 1 selected clients!
[INFO](2023/03/15/ 12:58:55 PM) [Round: 0003] Aggregate updated weights of 1 clients...!
[INFO](2023/03/15/ 12:58:55 PM) [Round: 0003] ...updated weights of 1 clients are successfully averaged!
[INFO](2023/03/15/ 01:05:27 PM) [Round: 0003] Evaluate global model's performance...!                
	[Server] ...finished evaluation!                
	=> Loss: 0.7187                
	=> Accuracy: 76.33%

[INFO](2023/03/15/ 01:05:27 PM) [Round: 0004] Select clients...!
[INFO](2023/03/15/ 01:05:27 PM) [Round: 0004] ...successfully transmitted models to 1 selected clients!
[INFO](2023/03/15/ 01:05:27 PM) [Round: 0004] Start updating selected 1 clients...!
[INFO](2023/03/15/ 01:52:12 PM) [Round: 0004] ...1 clients are selected and updated (with total sample size: 5204)!
[INFO](2023/03/15/ 01:52:12 PM) [Round: 0004] Evaluate selected 1 clients' models...!
[INFO](2023/03/15/ 02:11:23 PM) [Round: 0004] ...finished evaluation of 1 selected clients!
[INFO](2023/03/15/ 02:11:23 PM) [Round: 0004] Aggregate updated weights of 1 clients...!
[INFO](2023/03/15/ 02:11:23 PM) [Round: 0004] ...updated weights of 1 clients are successfully averaged!
[INFO](2023/03/15/ 02:17:54 PM) [Round: 0004] Evaluate global model's performance...!                
	[Server] ...finished evaluation!                
	=> Loss: 0.4640                
	=> Accuracy: 88.35%

[INFO](2023/03/15/ 02:17:54 PM) [Round: 0005] Select clients...!
[INFO](2023/03/15/ 02:17:54 PM) [Round: 0005] ...successfully transmitted models to 1 selected clients!
[INFO](2023/03/15/ 02:17:54 PM) [Round: 0005] Start updating selected 1 clients...!
[INFO](2023/03/15/ 03:04:34 PM) [Round: 0005] ...1 clients are selected and updated (with total sample size: 5204)!
[INFO](2023/03/15/ 03:04:34 PM) [Round: 0005] Evaluate selected 1 clients' models...!
[INFO](2023/03/15/ 03:23:53 PM) [Round: 0005] ...finished evaluation of 1 selected clients!
[INFO](2023/03/15/ 03:23:53 PM) [Round: 0005] Aggregate updated weights of 1 clients...!
[INFO](2023/03/15/ 03:23:54 PM) [Round: 0005] ...updated weights of 1 clients are successfully averaged!
[INFO](2023/03/15/ 03:30:24 PM) [Round: 0005] Evaluate global model's performance...!                
	[Server] ...finished evaluation!                
	=> Loss: 0.3729                
	=> Accuracy: 91.06%

[INFO](2023/03/15/ 03:30:24 PM) [Round: 0006] Select clients...!
[INFO](2023/03/15/ 03:30:24 PM) [Round: 0006] ...successfully transmitted models to 1 selected clients!
[INFO](2023/03/15/ 03:30:24 PM) [Round: 0006] Start updating selected 1 clients...!
