[INFO](2023/03/22/ 09:49:50 AM) 
[WELCOME] Unfolding configurations...!
[INFO](2023/03/22/ 09:49:50 AM) {'global_config': {'seed': 5959, 'device': 'cuda', 'is_mp': False}}
[INFO](2023/03/22/ 09:49:50 AM) {'data_config': {'data_path': '../processed', 'dataset_name': 'MNIST', 'num_shards': 200, 'iid': False}}
[INFO](2023/03/22/ 09:49:50 AM) {'fed_config': {'C': 0.1, 'K': 1, 'R': 500, 'E': 1, 'B': 2, 'criterion': 'torch.nn.CrossEntropyLoss', 'optimizer': 'torch.optim.SGD'}}
[INFO](2023/03/22/ 09:49:50 AM) {'optim_config': {'lr': 5e-07, 'momentum': 0.9, 'weight_decay': 0.0001}}
[INFO](2023/03/22/ 09:49:50 AM) {'init_config': {'init_type': 'xavier', 'init_gain': 1.0, 'gpu_ids': [0]}}
[INFO](2023/03/22/ 09:49:50 AM) {'model_config': {'name': 'CNN', 'in_channels': 1, 'hidden_channels': 32, 'num_hiddens': 512, 'num_classes': 10}}
[INFO](2023/03/22/ 09:49:50 AM) {'log_config': {'log_path': './log/2023-03-22_09:49:47', 'log_name': 'FL.log', 'tb_port': 5252, 'tb_host': '0.0.0.0'}}
[INFO](2023/03/22/ 09:49:53 AM) [Round: 0000] ...successfully initialized model (# parameters: 37606496)!
[INFO](2023/03/22/ 10:10:26 AM) [Round: 0000] ...successfully created all 1 clients!
[INFO](2023/03/22/ 10:10:26 AM) [Round: 0000] ...successfully finished setup of all 1 clients!
[INFO](2023/03/22/ 10:10:26 AM) [Round: 0000] ...successfully transmitted models to all 1 clients!
[INFO](2023/03/22/ 10:10:26 AM) [Round: 0001] Select clients...!
[INFO](2023/03/22/ 10:10:26 AM) [Round: 0001] ...successfully transmitted models to 1 selected clients!
[INFO](2023/03/22/ 10:10:26 AM) [Round: 0001] Start updating selected 1 clients...!
[INFO](2023/03/22/ 10:53:06 AM) [Round: 0001] ...1 clients are selected and updated (with total sample size: 4984)! Time: 2559.3342156410217sec
[INFO](2023/03/22/ 10:53:06 AM) [Round: 0001] Evaluate selected 1 clients' models...!
[INFO](2023/03/22/ 11:12:17 AM) [Round: 0001] ...finished evaluation of 1 selected clients!
[INFO](2023/03/22/ 11:12:17 AM) [Round: 0001] Aggregate updated weights of 1 clients...!
[INFO](2023/03/22/ 11:12:18 AM) [Round: 0001] ...updated weights of 1 clients are successfully averaged!
[INFO](2023/03/22/ 11:18:39 AM) [Round: 0001] Evaluate global model's performance...!                
	[Server] ...finished evaluation!                
	=> Loss: 0.4435                
	=> Accuracy: 86.72%

[INFO](2023/03/22/ 11:18:39 AM) [Round: 0002] Select clients...!
[INFO](2023/03/22/ 11:18:40 AM) [Round: 0002] ...successfully transmitted models to 1 selected clients!
[INFO](2023/03/22/ 11:18:40 AM) [Round: 0002] Start updating selected 1 clients...!
