[INFO](2023/03/31/ 10:57:16 AM) 
[WELCOME] Unfolding configurations...!
[INFO](2023/03/31/ 10:57:16 AM) {'global_config': {'seed': 5959, 'device': 'cuda', 'is_mp': False}}
[INFO](2023/03/31/ 10:57:16 AM) {'data_config': {'data_path': '../processed', 'dataset_name': 'MNIST', 'num_shards': 200, 'iid': False}}
[INFO](2023/03/31/ 10:57:16 AM) {'fed_config': {'C': 0.1, 'K': 1, 'R': 500, 'E': 1, 'B': 2, 'criterion': 'torch.nn.CrossEntropyLoss', 'optimizer': 'torch.optim.SGD'}}
[INFO](2023/03/31/ 10:57:16 AM) {'optim_config': {'lr': 5e-07, 'momentum': 0.9, 'weight_decay': 0.0001}}
[INFO](2023/03/31/ 10:57:16 AM) {'init_config': {'init_type': 'xavier', 'init_gain': 1.0, 'gpu_ids': [0]}}
[INFO](2023/03/31/ 10:57:16 AM) {'model_config': {'name': 'CNN', 'in_channels': 1, 'hidden_channels': 32, 'num_hiddens': 512, 'num_classes': 10}}
[INFO](2023/03/31/ 10:57:16 AM) {'log_config': {'log_path': './log/2023-03-31_10:57:13', 'log_name': 'FL.log', 'tb_port': 5252, 'tb_host': '0.0.0.0'}}
[INFO](2023/03/31/ 10:57:17 AM) [Round: 0000] ...successfully initialized model (# parameters: 38670432)!
[INFO](2023/03/31/ 11:28:15 AM) [Round: 0000] ...successfully created all 1 clients!
[INFO](2023/03/31/ 11:28:15 AM) [Round: 0000] ...successfully finished setup of all 1 clients!
[INFO](2023/03/31/ 11:28:16 AM) [Round: 0000] ...successfully transmitted models to all 1 clients!
[INFO](2023/03/31/ 11:28:16 AM) [Round: 0001] Select clients...!
[INFO](2023/03/31/ 11:28:16 AM) [Round: 0001] ...successfully transmitted models to 1 selected clients!
[INFO](2023/03/31/ 11:28:16 AM) [Round: 0001] Start updating selected 1 clients...!
[INFO](2023/03/31/ 12:08:17 PM) [Round: 0001] ...1 clients are selected and updated (with total sample size: 2894)! Time: 2401.4350049495697sec
[INFO](2023/03/31/ 12:08:17 PM) [Round: 0001] Evaluate selected 1 clients' models...!
[INFO](2023/03/31/ 12:21:49 PM) [Round: 0001] ...finished evaluation of 1 selected clients!
[INFO](2023/03/31/ 12:21:50 PM) [Round: 0001] Aggregate updated weights of 1 clients...!
[INFO](2023/03/31/ 12:21:50 PM) [Round: 0001] ...updated weights of 1 clients are successfully averaged!
[INFO](2023/03/31/ 12:29:14 PM) [Round: 0001] Evaluate global model's performance...!                
	[Server] ...finished evaluation!                
	=> Loss: 0.7299                
	=> Accuracy: 73.99%

[INFO](2023/03/31/ 12:29:14 PM) [Round: 0002] Select clients...!
[INFO](2023/03/31/ 12:29:14 PM) [Round: 0002] ...successfully transmitted models to 1 selected clients!
[INFO](2023/03/31/ 12:29:14 PM) [Round: 0002] Start updating selected 1 clients...!
[INFO](2023/03/31/ 01:13:28 PM) [Round: 0002] ...1 clients are selected and updated (with total sample size: 2894)! Time: 2653.8255479335785sec
[INFO](2023/03/31/ 01:13:28 PM) [Round: 0002] Evaluate selected 1 clients' models...!
[INFO](2023/03/31/ 01:27:24 PM) [Round: 0002] ...finished evaluation of 1 selected clients!
[INFO](2023/03/31/ 01:27:24 PM) [Round: 0002] Aggregate updated weights of 1 clients...!
[INFO](2023/03/31/ 01:27:24 PM) [Round: 0002] ...updated weights of 1 clients are successfully averaged!
[INFO](2023/03/31/ 01:34:46 PM) [Round: 0002] Evaluate global model's performance...!                
	[Server] ...finished evaluation!                
	=> Loss: 0.7791                
	=> Accuracy: 70.09%

[INFO](2023/03/31/ 01:34:46 PM) [Round: 0003] Select clients...!
[INFO](2023/03/31/ 01:34:46 PM) [Round: 0003] ...successfully transmitted models to 1 selected clients!
[INFO](2023/03/31/ 01:34:46 PM) [Round: 0003] Start updating selected 1 clients...!
[INFO](2023/03/31/ 02:18:51 PM) [Round: 0003] ...1 clients are selected and updated (with total sample size: 2894)! Time: 2644.667900085449sec
[INFO](2023/03/31/ 02:18:51 PM) [Round: 0003] Evaluate selected 1 clients' models...!
[INFO](2023/03/31/ 02:32:47 PM) [Round: 0003] ...finished evaluation of 1 selected clients!
[INFO](2023/03/31/ 02:32:47 PM) [Round: 0003] Aggregate updated weights of 1 clients...!
[INFO](2023/03/31/ 02:32:47 PM) [Round: 0003] ...updated weights of 1 clients are successfully averaged!
[INFO](2023/03/31/ 02:40:11 PM) [Round: 0003] Evaluate global model's performance...!                
	[Server] ...finished evaluation!                
	=> Loss: 0.6345                
	=> Accuracy: 76.33%

[INFO](2023/03/31/ 02:40:11 PM) [Round: 0004] Select clients...!
[INFO](2023/03/31/ 02:40:11 PM) [Round: 0004] ...successfully transmitted models to 1 selected clients!
[INFO](2023/03/31/ 02:40:11 PM) [Round: 0004] Start updating selected 1 clients...!
[INFO](2023/03/31/ 03:24:46 PM) [Round: 0004] ...1 clients are selected and updated (with total sample size: 2894)! Time: 2675.0332210063934sec
[INFO](2023/03/31/ 03:24:47 PM) [Round: 0004] Evaluate selected 1 clients' models...!
[INFO](2023/03/31/ 03:38:43 PM) [Round: 0004] ...finished evaluation of 1 selected clients!
[INFO](2023/03/31/ 03:38:43 PM) [Round: 0004] Aggregate updated weights of 1 clients...!
[INFO](2023/03/31/ 03:38:43 PM) [Round: 0004] ...updated weights of 1 clients are successfully averaged!
[INFO](2023/03/31/ 03:46:06 PM) [Round: 0004] Evaluate global model's performance...!                
	[Server] ...finished evaluation!                
	=> Loss: 0.6705                
	=> Accuracy: 74.77%

[INFO](2023/03/31/ 03:46:06 PM) [Round: 0005] Select clients...!
[INFO](2023/03/31/ 03:46:06 PM) [Round: 0005] ...successfully transmitted models to 1 selected clients!
[INFO](2023/03/31/ 03:46:06 PM) [Round: 0005] Start updating selected 1 clients...!
[INFO](2023/03/31/ 04:30:07 PM) [Round: 0005] ...1 clients are selected and updated (with total sample size: 2894)! Time: 2640.9788637161255sec
[INFO](2023/03/31/ 04:30:07 PM) [Round: 0005] Evaluate selected 1 clients' models...!
[INFO](2023/03/31/ 04:44:01 PM) [Round: 0005] ...finished evaluation of 1 selected clients!
[INFO](2023/03/31/ 04:44:02 PM) [Round: 0005] Aggregate updated weights of 1 clients...!
[INFO](2023/03/31/ 04:44:02 PM) [Round: 0005] ...updated weights of 1 clients are successfully averaged!
[INFO](2023/03/31/ 04:51:22 PM) [Round: 0005] Evaluate global model's performance...!                
	[Server] ...finished evaluation!                
	=> Loss: 0.9337                
	=> Accuracy: 70.30%

[INFO](2023/03/31/ 04:51:22 PM) [Round: 0006] Select clients...!
[INFO](2023/03/31/ 04:51:22 PM) [Round: 0006] ...successfully transmitted models to 1 selected clients!
[INFO](2023/03/31/ 04:51:22 PM) [Round: 0006] Start updating selected 1 clients...!
[INFO](2023/03/31/ 05:35:29 PM) [Round: 0006] ...1 clients are selected and updated (with total sample size: 2894)! Time: 2646.2801184654236sec
[INFO](2023/03/31/ 05:35:29 PM) [Round: 0006] Evaluate selected 1 clients' models...!
[INFO](2023/03/31/ 05:49:23 PM) [Round: 0006] ...finished evaluation of 1 selected clients!
[INFO](2023/03/31/ 05:49:23 PM) [Round: 0006] Aggregate updated weights of 1 clients...!
[INFO](2023/03/31/ 05:49:23 PM) [Round: 0006] ...updated weights of 1 clients are successfully averaged!
[INFO](2023/03/31/ 05:56:44 PM) [Round: 0006] Evaluate global model's performance...!                
	[Server] ...finished evaluation!                
	=> Loss: 0.7564                
	=> Accuracy: 73.42%

[INFO](2023/03/31/ 05:56:44 PM) [Round: 0007] Select clients...!
[INFO](2023/03/31/ 05:56:44 PM) [Round: 0007] ...successfully transmitted models to 1 selected clients!
[INFO](2023/03/31/ 05:56:44 PM) [Round: 0007] Start updating selected 1 clients...!
[INFO](2023/03/31/ 06:40:50 PM) [Round: 0007] ...1 clients are selected and updated (with total sample size: 2894)! Time: 2645.7369475364685sec
[INFO](2023/03/31/ 06:40:50 PM) [Round: 0007] Evaluate selected 1 clients' models...!
[INFO](2023/03/31/ 06:54:49 PM) [Round: 0007] ...finished evaluation of 1 selected clients!
[INFO](2023/03/31/ 06:54:49 PM) [Round: 0007] Aggregate updated weights of 1 clients...!
[INFO](2023/03/31/ 06:54:49 PM) [Round: 0007] ...updated weights of 1 clients are successfully averaged!
[INFO](2023/03/31/ 07:02:12 PM) [Round: 0007] Evaluate global model's performance...!                
	[Server] ...finished evaluation!                
	=> Loss: 0.7523                
	=> Accuracy: 75.76%

[INFO](2023/03/31/ 07:02:12 PM) [Round: 0008] Select clients...!
[INFO](2023/03/31/ 07:02:12 PM) [Round: 0008] ...successfully transmitted models to 1 selected clients!
[INFO](2023/03/31/ 07:02:12 PM) [Round: 0008] Start updating selected 1 clients...!
[INFO](2023/03/31/ 07:46:40 PM) [Round: 0008] ...1 clients are selected and updated (with total sample size: 2894)! Time: 2667.3897063732147sec
[INFO](2023/03/31/ 07:46:40 PM) [Round: 0008] Evaluate selected 1 clients' models...!
[INFO](2023/03/31/ 08:00:35 PM) [Round: 0008] ...finished evaluation of 1 selected clients!
[INFO](2023/03/31/ 08:00:35 PM) [Round: 0008] Aggregate updated weights of 1 clients...!
[INFO](2023/03/31/ 08:00:35 PM) [Round: 0008] ...updated weights of 1 clients are successfully averaged!
[INFO](2023/03/31/ 08:07:57 PM) [Round: 0008] Evaluate global model's performance...!                
	[Server] ...finished evaluation!                
	=> Loss: 0.8626                
	=> Accuracy: 69.45%

[INFO](2023/03/31/ 08:07:58 PM) [Round: 0009] Select clients...!
[INFO](2023/03/31/ 08:07:58 PM) [Round: 0009] ...successfully transmitted models to 1 selected clients!
[INFO](2023/03/31/ 08:07:58 PM) [Round: 0009] Start updating selected 1 clients...!
[INFO](2023/03/31/ 08:52:23 PM) [Round: 0009] ...1 clients are selected and updated (with total sample size: 2894)! Time: 2665.109747648239sec
[INFO](2023/03/31/ 08:52:23 PM) [Round: 0009] Evaluate selected 1 clients' models...!
[INFO](2023/03/31/ 09:06:21 PM) [Round: 0009] ...finished evaluation of 1 selected clients!
[INFO](2023/03/31/ 09:06:21 PM) [Round: 0009] Aggregate updated weights of 1 clients...!
[INFO](2023/03/31/ 09:06:21 PM) [Round: 0009] ...updated weights of 1 clients are successfully averaged!
[INFO](2023/03/31/ 09:13:44 PM) [Round: 0009] Evaluate global model's performance...!                
	[Server] ...finished evaluation!                
	=> Loss: 0.8484                
	=> Accuracy: 73.49%

[INFO](2023/03/31/ 09:13:44 PM) [Round: 0010] Select clients...!
[INFO](2023/03/31/ 09:13:44 PM) [Round: 0010] ...successfully transmitted models to 1 selected clients!
[INFO](2023/03/31/ 09:13:44 PM) [Round: 0010] Start updating selected 1 clients...!
[INFO](2023/03/31/ 09:59:17 PM) [Round: 0010] ...1 clients are selected and updated (with total sample size: 2894)! Time: 2732.6999695301056sec
[INFO](2023/03/31/ 09:59:17 PM) [Round: 0010] Evaluate selected 1 clients' models...!
[INFO](2023/03/31/ 10:13:13 PM) [Round: 0010] ...finished evaluation of 1 selected clients!
[INFO](2023/03/31/ 10:13:13 PM) [Round: 0010] Aggregate updated weights of 1 clients...!
[INFO](2023/03/31/ 10:13:13 PM) [Round: 0010] ...updated weights of 1 clients are successfully averaged!
[INFO](2023/03/31/ 10:20:37 PM) [Round: 0010] Evaluate global model's performance...!                
	[Server] ...finished evaluation!                
	=> Loss: 0.7886                
	=> Accuracy: 70.30%

[INFO](2023/03/31/ 10:20:37 PM) [Round: 0011] Select clients...!
[INFO](2023/03/31/ 10:20:38 PM) [Round: 0011] ...successfully transmitted models to 1 selected clients!
[INFO](2023/03/31/ 10:20:38 PM) [Round: 0011] Start updating selected 1 clients...!
[INFO](2023/03/31/ 11:04:47 PM) [Round: 0011] ...1 clients are selected and updated (with total sample size: 2894)! Time: 2649.514650583267sec
[INFO](2023/03/31/ 11:04:47 PM) [Round: 0011] Evaluate selected 1 clients' models...!
[INFO](2023/03/31/ 11:18:42 PM) [Round: 0011] ...finished evaluation of 1 selected clients!
[INFO](2023/03/31/ 11:18:42 PM) [Round: 0011] Aggregate updated weights of 1 clients...!
[INFO](2023/03/31/ 11:18:42 PM) [Round: 0011] ...updated weights of 1 clients are successfully averaged!
[INFO](2023/03/31/ 11:26:05 PM) [Round: 0011] Evaluate global model's performance...!                
	[Server] ...finished evaluation!                
	=> Loss: 0.8262                
	=> Accuracy: 70.02%

[INFO](2023/03/31/ 11:26:05 PM) [Round: 0012] Select clients...!
[INFO](2023/03/31/ 11:26:05 PM) [Round: 0012] ...successfully transmitted models to 1 selected clients!
[INFO](2023/03/31/ 11:26:05 PM) [Round: 0012] Start updating selected 1 clients...!
[INFO](2023/04/01/ 12:10:15 AM) [Round: 0012] ...1 clients are selected and updated (with total sample size: 2894)! Time: 2649.869507789612sec
[INFO](2023/04/01/ 12:10:15 AM) [Round: 0012] Evaluate selected 1 clients' models...!
[INFO](2023/04/01/ 12:24:12 AM) [Round: 0012] ...finished evaluation of 1 selected clients!
[INFO](2023/04/01/ 12:24:12 AM) [Round: 0012] Aggregate updated weights of 1 clients...!
[INFO](2023/04/01/ 12:24:12 AM) [Round: 0012] ...updated weights of 1 clients are successfully averaged!
[INFO](2023/04/01/ 12:31:34 AM) [Round: 0012] Evaluate global model's performance...!                
	[Server] ...finished evaluation!                
	=> Loss: 0.9503                
	=> Accuracy: 64.21%

[INFO](2023/04/01/ 12:31:34 AM) [Round: 0013] Select clients...!
[INFO](2023/04/01/ 12:31:34 AM) [Round: 0013] ...successfully transmitted models to 1 selected clients!
[INFO](2023/04/01/ 12:31:34 AM) [Round: 0013] Start updating selected 1 clients...!
[INFO](2023/04/01/ 01:15:40 AM) [Round: 0013] ...1 clients are selected and updated (with total sample size: 2894)! Time: 2646.1033623218536sec
[INFO](2023/04/01/ 01:15:40 AM) [Round: 0013] Evaluate selected 1 clients' models...!
[INFO](2023/04/01/ 01:29:35 AM) [Round: 0013] ...finished evaluation of 1 selected clients!
[INFO](2023/04/01/ 01:29:36 AM) [Round: 0013] Aggregate updated weights of 1 clients...!
[INFO](2023/04/01/ 01:29:36 AM) [Round: 0013] ...updated weights of 1 clients are successfully averaged!
[INFO](2023/04/01/ 01:36:58 AM) [Round: 0013] Evaluate global model's performance...!                
	[Server] ...finished evaluation!                
	=> Loss: 1.1789                
	=> Accuracy: 60.38%

[INFO](2023/04/01/ 01:36:58 AM) [Round: 0014] Select clients...!
[INFO](2023/04/01/ 01:36:58 AM) [Round: 0014] ...successfully transmitted models to 1 selected clients!
[INFO](2023/04/01/ 01:36:58 AM) [Round: 0014] Start updating selected 1 clients...!
[INFO](2023/04/01/ 02:21:08 AM) [Round: 0014] ...1 clients are selected and updated (with total sample size: 2894)! Time: 2649.648775577545sec
[INFO](2023/04/01/ 02:21:08 AM) [Round: 0014] Evaluate selected 1 clients' models...!
[INFO](2023/04/01/ 02:35:01 AM) [Round: 0014] ...finished evaluation of 1 selected clients!
[INFO](2023/04/01/ 02:35:02 AM) [Round: 0014] Aggregate updated weights of 1 clients...!
[INFO](2023/04/01/ 02:35:02 AM) [Round: 0014] ...updated weights of 1 clients are successfully averaged!
[INFO](2023/04/01/ 02:42:22 AM) [Round: 0014] Evaluate global model's performance...!                
	[Server] ...finished evaluation!                
	=> Loss: 0.8226                
	=> Accuracy: 72.93%

[INFO](2023/04/01/ 02:42:22 AM) [Round: 0015] Select clients...!
[INFO](2023/04/01/ 02:42:22 AM) [Round: 0015] ...successfully transmitted models to 1 selected clients!
[INFO](2023/04/01/ 02:42:22 AM) [Round: 0015] Start updating selected 1 clients...!
[INFO](2023/04/01/ 03:26:24 AM) [Round: 0015] ...1 clients are selected and updated (with total sample size: 2894)! Time: 2642.396866798401sec
[INFO](2023/04/01/ 03:26:24 AM) [Round: 0015] Evaluate selected 1 clients' models...!
[INFO](2023/04/01/ 03:40:17 AM) [Round: 0015] ...finished evaluation of 1 selected clients!
[INFO](2023/04/01/ 03:40:17 AM) [Round: 0015] Aggregate updated weights of 1 clients...!
[INFO](2023/04/01/ 03:40:18 AM) [Round: 0015] ...updated weights of 1 clients are successfully averaged!
[INFO](2023/04/01/ 03:47:38 AM) [Round: 0015] Evaluate global model's performance...!                
	[Server] ...finished evaluation!                
	=> Loss: 0.6850                
	=> Accuracy: 75.41%

[INFO](2023/04/01/ 03:47:38 AM) [Round: 0016] Select clients...!
[INFO](2023/04/01/ 03:47:39 AM) [Round: 0016] ...successfully transmitted models to 1 selected clients!
[INFO](2023/04/01/ 03:47:39 AM) [Round: 0016] Start updating selected 1 clients...!
[INFO](2023/04/01/ 04:31:46 AM) [Round: 0016] ...1 clients are selected and updated (with total sample size: 2894)! Time: 2647.2165818214417sec
[INFO](2023/04/01/ 04:31:46 AM) [Round: 0016] Evaluate selected 1 clients' models...!
[INFO](2023/04/01/ 04:45:41 AM) [Round: 0016] ...finished evaluation of 1 selected clients!
[INFO](2023/04/01/ 04:45:41 AM) [Round: 0016] Aggregate updated weights of 1 clients...!
[INFO](2023/04/01/ 04:45:41 AM) [Round: 0016] ...updated weights of 1 clients are successfully averaged!
[INFO](2023/04/01/ 04:53:01 AM) [Round: 0016] Evaluate global model's performance...!                
	[Server] ...finished evaluation!                
	=> Loss: 1.0285                
	=> Accuracy: 68.96%

[INFO](2023/04/01/ 04:53:01 AM) [Round: 0017] Select clients...!
[INFO](2023/04/01/ 04:53:01 AM) [Round: 0017] ...successfully transmitted models to 1 selected clients!
[INFO](2023/04/01/ 04:53:01 AM) [Round: 0017] Start updating selected 1 clients...!
[INFO](2023/04/01/ 05:37:08 AM) [Round: 0017] ...1 clients are selected and updated (with total sample size: 2894)! Time: 2646.4776220321655sec
[INFO](2023/04/01/ 05:37:08 AM) [Round: 0017] Evaluate selected 1 clients' models...!
[INFO](2023/04/01/ 05:51:05 AM) [Round: 0017] ...finished evaluation of 1 selected clients!
[INFO](2023/04/01/ 05:51:05 AM) [Round: 0017] Aggregate updated weights of 1 clients...!
[INFO](2023/04/01/ 05:51:05 AM) [Round: 0017] ...updated weights of 1 clients are successfully averaged!
[INFO](2023/04/01/ 05:58:27 AM) [Round: 0017] Evaluate global model's performance...!                
	[Server] ...finished evaluation!                
	=> Loss: 1.0438                
	=> Accuracy: 66.34%

[INFO](2023/04/01/ 05:58:27 AM) [Round: 0018] Select clients...!
[INFO](2023/04/01/ 05:58:27 AM) [Round: 0018] ...successfully transmitted models to 1 selected clients!
[INFO](2023/04/01/ 05:58:27 AM) [Round: 0018] Start updating selected 1 clients...!
[INFO](2023/04/01/ 06:42:55 AM) [Round: 0018] ...1 clients are selected and updated (with total sample size: 2894)! Time: 2667.1815400123596sec
[INFO](2023/04/01/ 06:42:55 AM) [Round: 0018] Evaluate selected 1 clients' models...!
[INFO](2023/04/01/ 06:56:52 AM) [Round: 0018] ...finished evaluation of 1 selected clients!
[INFO](2023/04/01/ 06:56:52 AM) [Round: 0018] Aggregate updated weights of 1 clients...!
[INFO](2023/04/01/ 06:56:52 AM) [Round: 0018] ...updated weights of 1 clients are successfully averaged!
[INFO](2023/04/01/ 07:04:12 AM) [Round: 0018] Evaluate global model's performance...!                
	[Server] ...finished evaluation!                
	=> Loss: 0.8282                
	=> Accuracy: 75.19%

[INFO](2023/04/01/ 07:04:12 AM) [Round: 0019] Select clients...!
[INFO](2023/04/01/ 07:04:12 AM) [Round: 0019] ...successfully transmitted models to 1 selected clients!
[INFO](2023/04/01/ 07:04:12 AM) [Round: 0019] Start updating selected 1 clients...!
[INFO](2023/04/01/ 07:48:39 AM) [Round: 0019] ...1 clients are selected and updated (with total sample size: 2894)! Time: 2666.8432800769806sec
[INFO](2023/04/01/ 07:48:39 AM) [Round: 0019] Evaluate selected 1 clients' models...!
[INFO](2023/04/01/ 08:02:38 AM) [Round: 0019] ...finished evaluation of 1 selected clients!
[INFO](2023/04/01/ 08:02:38 AM) [Round: 0019] Aggregate updated weights of 1 clients...!
[INFO](2023/04/01/ 08:02:38 AM) [Round: 0019] ...updated weights of 1 clients are successfully averaged!
[INFO](2023/04/01/ 08:09:59 AM) [Round: 0019] Evaluate global model's performance...!                
	[Server] ...finished evaluation!                
	=> Loss: 0.9308                
	=> Accuracy: 69.17%

[INFO](2023/04/01/ 08:09:59 AM) [Round: 0020] Select clients...!
[INFO](2023/04/01/ 08:09:59 AM) [Round: 0020] ...successfully transmitted models to 1 selected clients!
[INFO](2023/04/01/ 08:09:59 AM) [Round: 0020] Start updating selected 1 clients...!
[INFO](2023/04/01/ 08:54:34 AM) [Round: 0020] ...1 clients are selected and updated (with total sample size: 2894)! Time: 2675.1145424842834sec
[INFO](2023/04/01/ 08:54:34 AM) [Round: 0020] Evaluate selected 1 clients' models...!
[INFO](2023/04/01/ 09:08:31 AM) [Round: 0020] ...finished evaluation of 1 selected clients!
[INFO](2023/04/01/ 09:08:31 AM) [Round: 0020] Aggregate updated weights of 1 clients...!
[INFO](2023/04/01/ 09:08:31 AM) [Round: 0020] ...updated weights of 1 clients are successfully averaged!
[INFO](2023/04/01/ 09:15:54 AM) [Round: 0020] Evaluate global model's performance...!                
	[Server] ...finished evaluation!                
	=> Loss: 0.6606                
	=> Accuracy: 76.61%

[INFO](2023/04/01/ 09:15:54 AM) [Round: 0021] Select clients...!
[INFO](2023/04/01/ 09:15:54 AM) [Round: 0021] ...successfully transmitted models to 1 selected clients!
[INFO](2023/04/01/ 09:15:54 AM) [Round: 0021] Start updating selected 1 clients...!
