[INFO](2023/03/28/ 03:48:25 PM) 
[WELCOME] Unfolding configurations...!
[INFO](2023/03/28/ 03:48:25 PM) {'global_config': {'seed': 5959, 'device': 'cuda', 'is_mp': False}}
[INFO](2023/03/28/ 03:48:25 PM) {'data_config': {'data_path': '../processed', 'dataset_name': 'MNIST', 'num_shards': 200, 'iid': False}}
[INFO](2023/03/28/ 03:48:25 PM) {'fed_config': {'C': 0.1, 'K': 1, 'R': 500, 'E': 1, 'B': 2, 'criterion': 'torch.nn.CrossEntropyLoss', 'optimizer': 'torch.optim.SGD'}}
[INFO](2023/03/28/ 03:48:25 PM) {'optim_config': {'lr': 5e-07, 'momentum': 0.9, 'weight_decay': 0.0001}}
[INFO](2023/03/28/ 03:48:25 PM) {'init_config': {'init_type': 'xavier', 'init_gain': 1.0, 'gpu_ids': [0]}}
[INFO](2023/03/28/ 03:48:25 PM) {'model_config': {'name': 'CNN', 'in_channels': 1, 'hidden_channels': 32, 'num_hiddens': 512, 'num_classes': 10}}
[INFO](2023/03/28/ 03:48:25 PM) {'log_config': {'log_path': './log/2023-03-28_15:48:22', 'log_name': 'FL.log', 'tb_port': 5252, 'tb_host': '0.0.0.0'}}
[INFO](2023/03/28/ 03:48:27 PM) [Round: 0000] ...successfully initialized model (# parameters: 37606496)!
[INFO](2023/03/28/ 04:30:35 PM) [Round: 0000] ...successfully created all 1 clients!
[INFO](2023/03/28/ 04:30:35 PM) [Round: 0000] ...successfully finished setup of all 1 clients!
[INFO](2023/03/28/ 04:30:35 PM) [Round: 0000] ...successfully transmitted models to all 1 clients!
[INFO](2023/03/28/ 04:30:35 PM) [Round: 0001] Select clients...!
[INFO](2023/03/28/ 04:30:35 PM) [Round: 0001] ...successfully transmitted models to 1 selected clients!
[INFO](2023/03/28/ 04:30:35 PM) [Round: 0001] Start updating selected 1 clients...!
[INFO](2023/03/28/ 05:11:57 PM) [Round: 0001] ...1 clients are selected and updated (with total sample size: 4811)! Time: 2482.054289340973sec
[INFO](2023/03/28/ 05:11:57 PM) [Round: 0001] Evaluate selected 1 clients' models...!
[INFO](2023/03/28/ 05:30:33 PM) [Round: 0001] ...finished evaluation of 1 selected clients!
[INFO](2023/03/28/ 05:30:33 PM) [Round: 0001] Aggregate updated weights of 1 clients...!
[INFO](2023/03/28/ 05:30:33 PM) [Round: 0001] ...updated weights of 1 clients are successfully averaged!
[INFO](2023/03/28/ 05:37:42 PM) [Round: 0001] Evaluate global model's performance...!                
	[Server] ...finished evaluation!                
	=> Loss: 0.8037                
	=> Accuracy: 64.45%

[INFO](2023/03/28/ 05:37:42 PM) [Round: 0002] Select clients...!
[INFO](2023/03/28/ 05:37:42 PM) [Round: 0002] ...successfully transmitted models to 1 selected clients!
[INFO](2023/03/28/ 05:37:42 PM) [Round: 0002] Start updating selected 1 clients...!
[INFO](2023/03/28/ 06:30:03 PM) [Round: 0002] ...1 clients are selected and updated (with total sample size: 4811)! Time: 3141.441318511963sec
[INFO](2023/03/28/ 06:30:03 PM) [Round: 0002] Evaluate selected 1 clients' models...!
[INFO](2023/03/28/ 06:49:01 PM) [Round: 0002] ...finished evaluation of 1 selected clients!
[INFO](2023/03/28/ 06:49:01 PM) [Round: 0002] Aggregate updated weights of 1 clients...!
[INFO](2023/03/28/ 06:49:01 PM) [Round: 0002] ...updated weights of 1 clients are successfully averaged!
[INFO](2023/03/28/ 06:56:07 PM) [Round: 0002] Evaluate global model's performance...!                
	[Server] ...finished evaluation!                
	=> Loss: 0.9629                
	=> Accuracy: 63.58%

[INFO](2023/03/28/ 06:56:07 PM) [Round: 0003] Select clients...!
[INFO](2023/03/28/ 06:56:07 PM) [Round: 0003] ...successfully transmitted models to 1 selected clients!
[INFO](2023/03/28/ 06:56:07 PM) [Round: 0003] Start updating selected 1 clients...!
[INFO](2023/03/28/ 07:51:49 PM) [Round: 0003] ...1 clients are selected and updated (with total sample size: 4811)! Time: 3341.1757023334503sec
[INFO](2023/03/28/ 07:51:49 PM) [Round: 0003] Evaluate selected 1 clients' models...!
[INFO](2023/03/28/ 08:15:55 PM) [Round: 0003] ...finished evaluation of 1 selected clients!
[INFO](2023/03/28/ 08:15:55 PM) [Round: 0003] Aggregate updated weights of 1 clients...!
[INFO](2023/03/28/ 08:15:55 PM) [Round: 0003] ...updated weights of 1 clients are successfully averaged!
[INFO](2023/03/28/ 08:25:06 PM) [Round: 0003] Evaluate global model's performance...!                
	[Server] ...finished evaluation!                
	=> Loss: 1.1296                
	=> Accuracy: 53.40%

[INFO](2023/03/28/ 08:25:06 PM) [Round: 0004] Select clients...!
[INFO](2023/03/28/ 08:25:06 PM) [Round: 0004] ...successfully transmitted models to 1 selected clients!
[INFO](2023/03/28/ 08:25:06 PM) [Round: 0004] Start updating selected 1 clients...!
