[INFO](2023/03/25/ 05:23:54 PM) 
[WELCOME] Unfolding configurations...!
[INFO](2023/03/25/ 05:23:54 PM) {'global_config': {'seed': 5959, 'device': 'cuda', 'is_mp': False}}
[INFO](2023/03/25/ 05:23:54 PM) {'data_config': {'data_path': '../processed', 'dataset_name': 'MNIST', 'num_shards': 200, 'iid': False}}
[INFO](2023/03/25/ 05:23:54 PM) {'fed_config': {'C': 0.1, 'K': 2, 'R': 500, 'E': 2, 'B': 2, 'criterion': 'torch.nn.CrossEntropyLoss', 'optimizer': 'torch.optim.SGD'}}
[INFO](2023/03/25/ 05:23:54 PM) {'optim_config': {'lr': 5e-07, 'momentum': 0.9, 'weight_decay': 0.0001}}
[INFO](2023/03/25/ 05:23:54 PM) {'init_config': {'init_type': 'xavier', 'init_gain': 1.0, 'gpu_ids': [0]}}
[INFO](2023/03/25/ 05:23:54 PM) {'model_config': {'name': 'CNN', 'in_channels': 1, 'hidden_channels': 32, 'num_hiddens': 512, 'num_classes': 10}}
[INFO](2023/03/25/ 05:23:54 PM) {'log_config': {'log_path': './log/2023-03-25_17:23:51', 'log_name': 'FL.log', 'tb_port': 5252, 'tb_host': '0.0.0.0'}}
[INFO](2023/03/25/ 05:23:56 PM) [Round: 0000] ...successfully initialized model (# parameters: 37606496)!
[INFO](2023/03/25/ 06:07:31 PM) [Round: 0000] ...successfully created all 2 clients!
[INFO](2023/03/25/ 06:07:31 PM) [Round: 0000] ...successfully finished setup of all 2 clients!
[INFO](2023/03/25/ 06:07:31 PM) [Round: 0000] ...successfully transmitted models to all 2 clients!
[INFO](2023/03/25/ 06:07:31 PM) [Round: 0001] Select clients...!
[INFO](2023/03/25/ 06:07:31 PM) [Round: 0001] ...successfully transmitted models to 1 selected clients!
[INFO](2023/03/25/ 06:07:31 PM) [Round: 0001] Start updating selected 1 clients...!
[INFO](2023/03/25/ 06:47:37 PM) [Round: 0001] ...1 clients are selected and updated (with total sample size: 2557)! Time: 2405.285228729248sec
[INFO](2023/03/25/ 06:47:37 PM) [Round: 0001] Evaluate selected 1 clients' models...!
[INFO](2023/03/25/ 06:56:54 PM) [Round: 0001] ...finished evaluation of 1 selected clients!
[INFO](2023/03/25/ 06:56:54 PM) [Round: 0001] Aggregate updated weights of 1 clients...!
[INFO](2023/03/25/ 06:56:54 PM) [Round: 0001] ...updated weights of 1 clients are successfully averaged!
[INFO](2023/03/25/ 07:03:16 PM) [Round: 0001] Evaluate global model's performance...!                
	[Server] ...finished evaluation!                
	=> Loss: 0.8933                
	=> Accuracy: 59.86%

[INFO](2023/03/25/ 07:03:16 PM) [Round: 0002] Select clients...!
[INFO](2023/03/25/ 07:03:16 PM) [Round: 0002] ...successfully transmitted models to 1 selected clients!
[INFO](2023/03/25/ 07:03:17 PM) [Round: 0002] Start updating selected 1 clients...!
[INFO](2023/03/25/ 07:48:39 PM) [Round: 0002] ...1 clients are selected and updated (with total sample size: 2427)! Time: 2722.6609580516815sec
[INFO](2023/03/25/ 07:48:39 PM) [Round: 0002] Evaluate selected 1 clients' models...!
[INFO](2023/03/25/ 07:58:46 PM) [Round: 0002] ...finished evaluation of 1 selected clients!
[INFO](2023/03/25/ 07:58:46 PM) [Round: 0002] Aggregate updated weights of 1 clients...!
[INFO](2023/03/25/ 07:58:46 PM) [Round: 0002] ...updated weights of 1 clients are successfully averaged!
[INFO](2023/03/25/ 08:05:10 PM) [Round: 0002] Evaluate global model's performance...!                
	[Server] ...finished evaluation!                
	=> Loss: 0.5585                
	=> Accuracy: 83.89%

[INFO](2023/03/25/ 08:05:10 PM) [Round: 0003] Select clients...!
[INFO](2023/03/25/ 08:05:10 PM) [Round: 0003] ...successfully transmitted models to 1 selected clients!
[INFO](2023/03/25/ 08:05:10 PM) [Round: 0003] Start updating selected 1 clients...!
[INFO](2023/03/25/ 08:51:45 PM) [Round: 0003] ...1 clients are selected and updated (with total sample size: 2557)! Time: 2794.8943367004395sec
[INFO](2023/03/25/ 08:51:45 PM) [Round: 0003] Evaluate selected 1 clients' models...!
[INFO](2023/03/25/ 09:01:18 PM) [Round: 0003] ...finished evaluation of 1 selected clients!
[INFO](2023/03/25/ 09:01:18 PM) [Round: 0003] Aggregate updated weights of 1 clients...!
[INFO](2023/03/25/ 09:01:18 PM) [Round: 0003] ...updated weights of 1 clients are successfully averaged!
[INFO](2023/03/25/ 09:07:40 PM) [Round: 0003] Evaluate global model's performance...!                
	[Server] ...finished evaluation!                
	=> Loss: 0.8078                
	=> Accuracy: 73.62%

[INFO](2023/03/25/ 09:07:40 PM) [Round: 0004] Select clients...!
[INFO](2023/03/25/ 09:07:40 PM) [Round: 0004] ...successfully transmitted models to 1 selected clients!
[INFO](2023/03/25/ 09:07:40 PM) [Round: 0004] Start updating selected 1 clients...!
[INFO](2023/03/25/ 09:54:20 PM) [Round: 0004] ...1 clients are selected and updated (with total sample size: 2557)! Time: 2799.461046934128sec
[INFO](2023/03/25/ 09:54:20 PM) [Round: 0004] Evaluate selected 1 clients' models...!
[INFO](2023/03/25/ 10:03:54 PM) [Round: 0004] ...finished evaluation of 1 selected clients!
[INFO](2023/03/25/ 10:03:55 PM) [Round: 0004] Aggregate updated weights of 1 clients...!
[INFO](2023/03/25/ 10:03:55 PM) [Round: 0004] ...updated weights of 1 clients are successfully averaged!
[INFO](2023/03/25/ 10:10:18 PM) [Round: 0004] Evaluate global model's performance...!                
	[Server] ...finished evaluation!                
	=> Loss: 1.2664                
	=> Accuracy: 59.92%

[INFO](2023/03/25/ 10:10:18 PM) [Round: 0005] Select clients...!
[INFO](2023/03/25/ 10:10:18 PM) [Round: 0005] ...successfully transmitted models to 1 selected clients!
[INFO](2023/03/25/ 10:10:18 PM) [Round: 0005] Start updating selected 1 clients...!
