[INFO](2023/04/01/ 11:07:04 PM) 
[WELCOME] Unfolding configurations...!
[INFO](2023/04/01/ 11:07:04 PM) {'global_config': {'seed': 5959, 'device': 'cuda', 'is_mp': False}}
[INFO](2023/04/01/ 11:07:04 PM) {'data_config': {'data_path': '../processed', 'dataset_name': 'MNIST', 'num_shards': 200, 'iid': False}}
[INFO](2023/04/01/ 11:07:04 PM) {'fed_config': {'C': 0.1, 'K': 1, 'R': 500, 'E': 1, 'B': 2, 'criterion': 'torch.nn.CrossEntropyLoss', 'optimizer': 'torch.optim.SGD'}}
[INFO](2023/04/01/ 11:07:04 PM) {'optim_config': {'lr': 5e-07, 'momentum': 0.9, 'weight_decay': 0.0001}}
[INFO](2023/04/01/ 11:07:04 PM) {'init_config': {'init_type': 'xavier', 'init_gain': 1.0, 'gpu_ids': [0]}}
[INFO](2023/04/01/ 11:07:04 PM) {'model_config': {'name': 'CNN', 'in_channels': 1, 'hidden_channels': 32, 'num_hiddens': 512, 'num_classes': 10}}
[INFO](2023/04/01/ 11:07:04 PM) {'log_config': {'log_path': './log/2023-04-01_23:07:01', 'log_name': 'FL.log', 'tb_port': 5252, 'tb_host': '0.0.0.0'}}
[INFO](2023/04/01/ 11:07:05 PM) [Round: 0000] ...successfully initialized model (# parameters: 38665824)!
[INFO](2023/04/02/ 12:34:00 AM) [Round: 0000] ...successfully created all 1 clients!
[INFO](2023/04/02/ 12:34:01 AM) [Round: 0000] ...successfully finished setup of all 1 clients!
[INFO](2023/04/02/ 12:34:01 AM) [Round: 0000] ...successfully transmitted models to all 1 clients!
[INFO](2023/04/02/ 12:34:01 AM) [Round: 0001] Select clients...!
[INFO](2023/04/02/ 12:34:01 AM) [Round: 0001] ...successfully transmitted models to 1 selected clients!
[INFO](2023/04/02/ 12:34:01 AM) [Round: 0001] Start updating selected 1 clients...!
[INFO](2023/04/02/ 01:21:04 AM) [Round: 0001] ...1 clients are selected and updated (with total sample size: 3317)! Time: 2823.206225156784sec
[INFO](2023/04/02/ 01:21:04 AM) [Round: 0001] Evaluate selected 1 clients' models...!
[INFO](2023/04/02/ 01:36:41 AM) [Round: 0001] ...finished evaluation of 1 selected clients!
[INFO](2023/04/02/ 01:36:41 AM) [Round: 0001] Aggregate updated weights of 1 clients...!
[INFO](2023/04/02/ 01:36:41 AM) [Round: 0001] ...updated weights of 1 clients are successfully averaged!
[INFO](2023/04/02/ 01:41:54 AM) [Round: 0001] Evaluate global model's performance...!                
	[Server] ...finished evaluation!                
	=> Loss: 0.7344                
	=> Accuracy: 84.41%

[INFO](2023/04/02/ 01:41:54 AM) [Round: 0002] Select clients...!
[INFO](2023/04/02/ 01:41:54 AM) [Round: 0002] ...successfully transmitted models to 1 selected clients!
[INFO](2023/04/02/ 01:41:54 AM) [Round: 0002] Start updating selected 1 clients...!
[INFO](2023/04/02/ 02:30:55 AM) [Round: 0002] ...1 clients are selected and updated (with total sample size: 3317)! Time: 2941.548861503601sec
[INFO](2023/04/02/ 02:30:55 AM) [Round: 0002] Evaluate selected 1 clients' models...!
[INFO](2023/04/02/ 02:46:58 AM) [Round: 0002] ...finished evaluation of 1 selected clients!
[INFO](2023/04/02/ 02:46:58 AM) [Round: 0002] Aggregate updated weights of 1 clients...!
[INFO](2023/04/02/ 02:46:59 AM) [Round: 0002] ...updated weights of 1 clients are successfully averaged!
[INFO](2023/04/02/ 02:52:09 AM) [Round: 0002] Evaluate global model's performance...!                
	[Server] ...finished evaluation!                
	=> Loss: 0.6242                
	=> Accuracy: 85.43%

[INFO](2023/04/02/ 02:52:09 AM) [Round: 0003] Select clients...!
[INFO](2023/04/02/ 02:52:09 AM) [Round: 0003] ...successfully transmitted models to 1 selected clients!
[INFO](2023/04/02/ 02:52:09 AM) [Round: 0003] Start updating selected 1 clients...!
[INFO](2023/04/02/ 03:41:07 AM) [Round: 0003] ...1 clients are selected and updated (with total sample size: 3317)! Time: 2937.387752056122sec
[INFO](2023/04/02/ 03:41:07 AM) [Round: 0003] Evaluate selected 1 clients' models...!
[INFO](2023/04/02/ 03:57:19 AM) [Round: 0003] ...finished evaluation of 1 selected clients!
[INFO](2023/04/02/ 03:57:20 AM) [Round: 0003] Aggregate updated weights of 1 clients...!
[INFO](2023/04/02/ 03:57:20 AM) [Round: 0003] ...updated weights of 1 clients are successfully averaged!
[INFO](2023/04/02/ 04:02:32 AM) [Round: 0003] Evaluate global model's performance...!                
	[Server] ...finished evaluation!                
	=> Loss: 0.6899                
	=> Accuracy: 84.51%

[INFO](2023/04/02/ 04:02:32 AM) [Round: 0004] Select clients...!
[INFO](2023/04/02/ 04:02:32 AM) [Round: 0004] ...successfully transmitted models to 1 selected clients!
[INFO](2023/04/02/ 04:02:32 AM) [Round: 0004] Start updating selected 1 clients...!
[INFO](2023/04/02/ 04:51:33 AM) [Round: 0004] ...1 clients are selected and updated (with total sample size: 3317)! Time: 2940.8177580833435sec
[INFO](2023/04/02/ 04:51:33 AM) [Round: 0004] Evaluate selected 1 clients' models...!
[INFO](2023/04/02/ 05:07:41 AM) [Round: 0004] ...finished evaluation of 1 selected clients!
[INFO](2023/04/02/ 05:07:41 AM) [Round: 0004] Aggregate updated weights of 1 clients...!
[INFO](2023/04/02/ 05:07:41 AM) [Round: 0004] ...updated weights of 1 clients are successfully averaged!
[INFO](2023/04/02/ 05:12:51 AM) [Round: 0004] Evaluate global model's performance...!                
	[Server] ...finished evaluation!                
	=> Loss: 0.6580                
	=> Accuracy: 83.50%

[INFO](2023/04/02/ 05:12:51 AM) [Round: 0005] Select clients...!
[INFO](2023/04/02/ 05:12:51 AM) [Round: 0005] ...successfully transmitted models to 1 selected clients!
[INFO](2023/04/02/ 05:12:51 AM) [Round: 0005] Start updating selected 1 clients...!
[INFO](2023/04/02/ 06:01:42 AM) [Round: 0005] ...1 clients are selected and updated (with total sample size: 3317)! Time: 2930.2921233177185sec
[INFO](2023/04/02/ 06:01:42 AM) [Round: 0005] Evaluate selected 1 clients' models...!
[INFO](2023/04/02/ 06:17:51 AM) [Round: 0005] ...finished evaluation of 1 selected clients!
[INFO](2023/04/02/ 06:17:51 AM) [Round: 0005] Aggregate updated weights of 1 clients...!
[INFO](2023/04/02/ 06:17:51 AM) [Round: 0005] ...updated weights of 1 clients are successfully averaged!
[INFO](2023/04/02/ 06:23:04 AM) [Round: 0005] Evaluate global model's performance...!                
	[Server] ...finished evaluation!                
	=> Loss: 0.6913                
	=> Accuracy: 81.68%

[INFO](2023/04/02/ 06:23:04 AM) [Round: 0006] Select clients...!
[INFO](2023/04/02/ 06:23:04 AM) [Round: 0006] ...successfully transmitted models to 1 selected clients!
[INFO](2023/04/02/ 06:23:04 AM) [Round: 0006] Start updating selected 1 clients...!
[INFO](2023/04/02/ 07:12:19 AM) [Round: 0006] ...1 clients are selected and updated (with total sample size: 3317)! Time: 2955.0413517951965sec
[INFO](2023/04/02/ 07:12:19 AM) [Round: 0006] Evaluate selected 1 clients' models...!
[INFO](2023/04/02/ 07:28:29 AM) [Round: 0006] ...finished evaluation of 1 selected clients!
[INFO](2023/04/02/ 07:28:29 AM) [Round: 0006] Aggregate updated weights of 1 clients...!
[INFO](2023/04/02/ 07:28:29 AM) [Round: 0006] ...updated weights of 1 clients are successfully averaged!
[INFO](2023/04/02/ 07:33:41 AM) [Round: 0006] Evaluate global model's performance...!                
	[Server] ...finished evaluation!                
	=> Loss: 0.6880                
	=> Accuracy: 82.49%

[INFO](2023/04/02/ 07:33:41 AM) [Round: 0007] Select clients...!
[INFO](2023/04/02/ 07:33:41 AM) [Round: 0007] ...successfully transmitted models to 1 selected clients!
[INFO](2023/04/02/ 07:33:41 AM) [Round: 0007] Start updating selected 1 clients...!
[INFO](2023/04/02/ 08:23:18 AM) [Round: 0007] ...1 clients are selected and updated (with total sample size: 3317)! Time: 2976.5752367973328sec
[INFO](2023/04/02/ 08:23:18 AM) [Round: 0007] Evaluate selected 1 clients' models...!
[INFO](2023/04/02/ 08:39:28 AM) [Round: 0007] ...finished evaluation of 1 selected clients!
[INFO](2023/04/02/ 08:39:28 AM) [Round: 0007] Aggregate updated weights of 1 clients...!
[INFO](2023/04/02/ 08:39:28 AM) [Round: 0007] ...updated weights of 1 clients are successfully averaged!
[INFO](2023/04/02/ 08:44:41 AM) [Round: 0007] Evaluate global model's performance...!                
	[Server] ...finished evaluation!                
	=> Loss: 0.6815                
	=> Accuracy: 81.38%

[INFO](2023/04/02/ 08:44:41 AM) [Round: 0008] Select clients...!
[INFO](2023/04/02/ 08:44:41 AM) [Round: 0008] ...successfully transmitted models to 1 selected clients!
[INFO](2023/04/02/ 08:44:41 AM) [Round: 0008] Start updating selected 1 clients...!
[INFO](2023/04/02/ 09:35:18 AM) [Round: 0008] ...1 clients are selected and updated (with total sample size: 3317)! Time: 3036.4982063770294sec
[INFO](2023/04/02/ 09:35:18 AM) [Round: 0008] Evaluate selected 1 clients' models...!
[INFO](2023/04/02/ 09:51:29 AM) [Round: 0008] ...finished evaluation of 1 selected clients!
[INFO](2023/04/02/ 09:51:29 AM) [Round: 0008] Aggregate updated weights of 1 clients...!
[INFO](2023/04/02/ 09:51:29 AM) [Round: 0008] ...updated weights of 1 clients are successfully averaged!
[INFO](2023/04/02/ 09:56:42 AM) [Round: 0008] Evaluate global model's performance...!                
	[Server] ...finished evaluation!                
	=> Loss: 0.9085                
	=> Accuracy: 73.79%

[INFO](2023/04/02/ 09:56:42 AM) [Round: 0009] Select clients...!
[INFO](2023/04/02/ 09:56:42 AM) [Round: 0009] ...successfully transmitted models to 1 selected clients!
[INFO](2023/04/02/ 09:56:42 AM) [Round: 0009] Start updating selected 1 clients...!
