[INFO](2023/05/17/ 12:15:03 PM) 
[WELCOME] Unfolding configurations...!
[INFO](2023/05/17/ 12:15:03 PM) {'global_config': {'seed': 5959, 'device': 'cuda', 'is_mp': False}}
[INFO](2023/05/17/ 12:15:03 PM) {'data_config': {'data_path': '/DATA/DATANAS1/mty/processed_v2/', 'dataset_name': 'MNIST', 'num_shards': 200, 'iid': False}}
[INFO](2023/05/17/ 12:15:03 PM) {'fed_config': {'C': 0.1, 'K': 1, 'R': 500, 'E': 1, 'B': 2, 'criterion': 'torch.nn.CrossEntropyLoss', 'optimizer': 'torch.optim.SGD', 'mode': 'fedavg'}}
[INFO](2023/05/17/ 12:15:03 PM) {'optim_config': {'lr': 5e-07, 'momentum': 0.9, 'weight_decay': 0.0001}}
[INFO](2023/05/17/ 12:15:03 PM) {'init_config': {'init_type': 'xavier', 'init_gain': 1.0, 'gpu_ids': [0]}}
[INFO](2023/05/17/ 12:15:03 PM) {'model_config': {'name': 'CNN', 'in_channels': 1, 'hidden_channels': 32, 'num_hiddens': 512, 'num_classes': 10}}
[INFO](2023/05/17/ 12:15:03 PM) {'log_config': {'log_path': './log/2023-05-17_12:15:00', 'log_name': 'FL.log', 'tb_port': 5252, 'tb_host': '0.0.0.0'}}
[INFO](2023/05/17/ 12:15:06 PM) [Round: 0000] ...successfully initialized model (# parameters: 40764000)!
[INFO](2023/05/17/ 02:02:10 PM) [Round: 0000] ...successfully created all 1 clients!
[INFO](2023/05/17/ 02:02:10 PM) [Round: 0000] ...successfully finished setup of all 1 clients!
[INFO](2023/05/17/ 02:02:10 PM) [Round: 0000] ...successfully transmitted models to all 1 clients!
[INFO](2023/05/17/ 02:02:10 PM) [Round: 0001] Select clients...!
[INFO](2023/05/17/ 02:02:10 PM) [Round: 0001] ...successfully transmitted models to 1 selected clients!
[INFO](2023/05/17/ 02:02:10 PM) [Round: 0001] Start updating selected 1 clients...!
[INFO](2023/05/17/ 03:14:27 PM) [Round: 0001] ...1 clients are selected and updated (with total sample size: 2822)! Time: 4336.549520015717sec
[INFO](2023/05/17/ 03:14:27 PM) [Round: 0001] Evaluate selected 1 clients' models...!
[INFO](2023/05/17/ 03:34:07 PM) [Round: 0001] ...finished evaluation of 1 selected clients!
[INFO](2023/05/17/ 03:34:07 PM) [Round: 0001] Aggregate updated weights of 1 clients...!
[INFO](2023/05/17/ 03:34:08 PM) [Round: 0001] ...updated weights of 1 clients are successfully averaged!
[INFO](2023/05/17/ 03:46:57 PM) [Round: 0001] Evaluate global model's performance...!                
	[Server] ...finished evaluation!                
	=> Loss: 0.4995                
	=> Accuracy: 88.40%

[INFO](2023/05/17/ 03:46:58 PM) [Round: 0002] Select clients...!
[INFO](2023/05/17/ 03:46:58 PM) [Round: 0002] ...successfully transmitted models to 1 selected clients!
[INFO](2023/05/17/ 03:46:58 PM) [Round: 0002] Start updating selected 1 clients...!
[INFO](2023/05/17/ 04:51:10 PM) [Round: 0002] ...1 clients are selected and updated (with total sample size: 2822)! Time: 3851.8934121131897sec
[INFO](2023/05/17/ 04:51:10 PM) [Round: 0002] Evaluate selected 1 clients' models...!
[INFO](2023/05/17/ 05:14:42 PM) [Round: 0002] ...finished evaluation of 1 selected clients!
[INFO](2023/05/17/ 05:14:42 PM) [Round: 0002] Aggregate updated weights of 1 clients...!
[INFO](2023/05/17/ 05:14:43 PM) [Round: 0002] ...updated weights of 1 clients are successfully averaged!
[INFO](2023/05/17/ 05:22:31 PM) [Round: 0002] Evaluate global model's performance...!                
	[Server] ...finished evaluation!                
	=> Loss: 0.5498                
	=> Accuracy: 88.29%

[INFO](2023/05/17/ 05:22:31 PM) [Round: 0003] Select clients...!
[INFO](2023/05/17/ 05:22:31 PM) [Round: 0003] ...successfully transmitted models to 1 selected clients!
[INFO](2023/05/17/ 05:22:31 PM) [Round: 0003] Start updating selected 1 clients...!
[INFO](2023/05/17/ 06:27:06 PM) [Round: 0003] ...1 clients are selected and updated (with total sample size: 2822)! Time: 3874.694701194763sec
[INFO](2023/05/17/ 06:27:06 PM) [Round: 0003] Evaluate selected 1 clients' models...!
[INFO](2023/05/17/ 06:50:38 PM) [Round: 0003] ...finished evaluation of 1 selected clients!
[INFO](2023/05/17/ 06:50:38 PM) [Round: 0003] Aggregate updated weights of 1 clients...!
[INFO](2023/05/17/ 06:50:39 PM) [Round: 0003] ...updated weights of 1 clients are successfully averaged!
[INFO](2023/05/17/ 06:58:28 PM) [Round: 0003] Evaluate global model's performance...!                
	[Server] ...finished evaluation!                
	=> Loss: 0.5687                
	=> Accuracy: 87.87%

[INFO](2023/05/17/ 06:58:28 PM) [Round: 0004] Select clients...!
[INFO](2023/05/17/ 06:58:29 PM) [Round: 0004] ...successfully transmitted models to 1 selected clients!
[INFO](2023/05/17/ 06:58:29 PM) [Round: 0004] Start updating selected 1 clients...!
[INFO](2023/05/17/ 08:01:21 PM) [Round: 0004] ...1 clients are selected and updated (with total sample size: 2822)! Time: 3771.9473838806152sec
[INFO](2023/05/17/ 08:01:21 PM) [Round: 0004] Evaluate selected 1 clients' models...!
[INFO](2023/05/17/ 08:23:08 PM) [Round: 0004] ...finished evaluation of 1 selected clients!
[INFO](2023/05/17/ 08:23:08 PM) [Round: 0004] Aggregate updated weights of 1 clients...!
[INFO](2023/05/17/ 08:23:08 PM) [Round: 0004] ...updated weights of 1 clients are successfully averaged!
[INFO](2023/05/17/ 08:30:14 PM) [Round: 0004] Evaluate global model's performance...!                
	[Server] ...finished evaluation!                
	=> Loss: 0.7004                
	=> Accuracy: 81.75%

[INFO](2023/05/17/ 08:30:14 PM) [Round: 0005] Select clients...!
[INFO](2023/05/17/ 08:30:14 PM) [Round: 0005] ...successfully transmitted models to 1 selected clients!
[INFO](2023/05/17/ 08:30:14 PM) [Round: 0005] Start updating selected 1 clients...!
[INFO](2023/05/17/ 09:31:38 PM) [Round: 0005] ...1 clients are selected and updated (with total sample size: 2822)! Time: 3683.540267467499sec
[INFO](2023/05/17/ 09:31:38 PM) [Round: 0005] Evaluate selected 1 clients' models...!
[INFO](2023/05/17/ 09:53:56 PM) [Round: 0005] ...finished evaluation of 1 selected clients!
[INFO](2023/05/17/ 09:53:56 PM) [Round: 0005] Aggregate updated weights of 1 clients...!
[INFO](2023/05/17/ 09:53:56 PM) [Round: 0005] ...updated weights of 1 clients are successfully averaged!
[INFO](2023/05/17/ 10:01:31 PM) [Round: 0005] Evaluate global model's performance...!                
	[Server] ...finished evaluation!                
	=> Loss: 0.6366                
	=> Accuracy: 85.86%

[INFO](2023/05/17/ 10:01:31 PM) [Round: 0006] Select clients...!
[INFO](2023/05/17/ 10:01:32 PM) [Round: 0006] ...successfully transmitted models to 1 selected clients!
[INFO](2023/05/17/ 10:01:32 PM) [Round: 0006] Start updating selected 1 clients...!
