[INFO](2023/03/28/ 10:46:35 PM) 
[WELCOME] Unfolding configurations...!
[INFO](2023/03/28/ 10:46:35 PM) {'global_config': {'seed': 5959, 'device': 'cuda', 'is_mp': False}}
[INFO](2023/03/28/ 10:46:35 PM) {'data_config': {'data_path': '../processed', 'dataset_name': 'MNIST', 'num_shards': 200, 'iid': False}}
[INFO](2023/03/28/ 10:46:35 PM) {'fed_config': {'C': 0.1, 'K': 1, 'R': 500, 'E': 1, 'B': 2, 'criterion': 'torch.nn.CrossEntropyLoss', 'optimizer': 'torch.optim.SGD'}}
[INFO](2023/03/28/ 10:46:35 PM) {'optim_config': {'lr': 5e-07, 'momentum': 0.9, 'weight_decay': 0.0001}}
[INFO](2023/03/28/ 10:46:35 PM) {'init_config': {'init_type': 'xavier', 'init_gain': 1.0, 'gpu_ids': [0]}}
[INFO](2023/03/28/ 10:46:35 PM) {'model_config': {'name': 'CNN', 'in_channels': 1, 'hidden_channels': 32, 'num_hiddens': 512, 'num_classes': 10}}
[INFO](2023/03/28/ 10:46:35 PM) {'log_config': {'log_path': './log/2023-03-28_22:46:32', 'log_name': 'FL.log', 'tb_port': 5252, 'tb_host': '0.0.0.0'}}
[INFO](2023/03/28/ 10:46:37 PM) [Round: 0000] ...successfully initialized model (# parameters: 37606496)!
[INFO](2023/03/28/ 11:29:01 PM) [Round: 0000] ...successfully created all 1 clients!
[INFO](2023/03/28/ 11:29:01 PM) [Round: 0000] ...successfully finished setup of all 1 clients!
[INFO](2023/03/28/ 11:29:01 PM) [Round: 0000] ...successfully transmitted models to all 1 clients!
[INFO](2023/03/28/ 11:29:01 PM) [Round: 0001] Select clients...!
[INFO](2023/03/28/ 11:29:01 PM) [Round: 0001] ...successfully transmitted models to 1 selected clients!
[INFO](2023/03/28/ 11:29:01 PM) [Round: 0001] Start updating selected 1 clients...!
[INFO](2023/03/29/ 12:31:16 AM) [Round: 0001] ...1 clients are selected and updated (with total sample size: 5040)! Time: 3734.407557487488sec
[INFO](2023/03/29/ 12:31:16 AM) [Round: 0001] Evaluate selected 1 clients' models...!
[INFO](2023/03/29/ 12:57:37 AM) [Round: 0001] ...finished evaluation of 1 selected clients!
[INFO](2023/03/29/ 12:57:38 AM) [Round: 0001] Aggregate updated weights of 1 clients...!
[INFO](2023/03/29/ 12:57:38 AM) [Round: 0001] ...updated weights of 1 clients are successfully averaged!
[INFO](2023/03/29/ 01:05:57 AM) [Round: 0001] Evaluate global model's performance...!                
	[Server] ...finished evaluation!                
	=> Loss: 1.0905                
	=> Accuracy: 54.60%

[INFO](2023/03/29/ 01:05:57 AM) [Round: 0002] Select clients...!
[INFO](2023/03/29/ 01:05:57 AM) [Round: 0002] ...successfully transmitted models to 1 selected clients!
[INFO](2023/03/29/ 01:05:57 AM) [Round: 0002] Start updating selected 1 clients...!
[INFO](2023/03/29/ 02:09:36 AM) [Round: 0002] ...1 clients are selected and updated (with total sample size: 5040)! Time: 3819.111524581909sec
[INFO](2023/03/29/ 02:09:36 AM) [Round: 0002] Evaluate selected 1 clients' models...!
[INFO](2023/03/29/ 02:32:12 AM) [Round: 0002] ...finished evaluation of 1 selected clients!
[INFO](2023/03/29/ 02:32:12 AM) [Round: 0002] Aggregate updated weights of 1 clients...!
[INFO](2023/03/29/ 02:32:12 AM) [Round: 0002] ...updated weights of 1 clients are successfully averaged!
[INFO](2023/03/29/ 02:38:38 AM) [Round: 0002] Evaluate global model's performance...!                
	[Server] ...finished evaluation!                
	=> Loss: 1.1143                
	=> Accuracy: 51.49%

[INFO](2023/03/29/ 02:38:38 AM) [Round: 0003] Select clients...!
[INFO](2023/03/29/ 02:38:38 AM) [Round: 0003] ...successfully transmitted models to 1 selected clients!
[INFO](2023/03/29/ 02:38:38 AM) [Round: 0003] Start updating selected 1 clients...!
[INFO](2023/03/29/ 03:26:09 AM) [Round: 0003] ...1 clients are selected and updated (with total sample size: 5040)! Time: 2850.1025273799896sec
[INFO](2023/03/29/ 03:26:09 AM) [Round: 0003] Evaluate selected 1 clients' models...!
[INFO](2023/03/29/ 03:47:24 AM) [Round: 0003] ...finished evaluation of 1 selected clients!
[INFO](2023/03/29/ 03:47:24 AM) [Round: 0003] Aggregate updated weights of 1 clients...!
[INFO](2023/03/29/ 03:47:24 AM) [Round: 0003] ...updated weights of 1 clients are successfully averaged!
[INFO](2023/03/29/ 03:53:59 AM) [Round: 0003] Evaluate global model's performance...!                
	[Server] ...finished evaluation!                
	=> Loss: 0.9139                
	=> Accuracy: 69.65%

[INFO](2023/03/29/ 03:53:59 AM) [Round: 0004] Select clients...!
[INFO](2023/03/29/ 03:54:00 AM) [Round: 0004] ...successfully transmitted models to 1 selected clients!
[INFO](2023/03/29/ 03:54:00 AM) [Round: 0004] Start updating selected 1 clients...!
[INFO](2023/03/29/ 04:41:17 AM) [Round: 0004] ...1 clients are selected and updated (with total sample size: 5040)! Time: 2837.2800209522247sec
[INFO](2023/03/29/ 04:41:17 AM) [Round: 0004] Evaluate selected 1 clients' models...!
[INFO](2023/03/29/ 05:02:25 AM) [Round: 0004] ...finished evaluation of 1 selected clients!
[INFO](2023/03/29/ 05:02:25 AM) [Round: 0004] Aggregate updated weights of 1 clients...!
[INFO](2023/03/29/ 05:02:25 AM) [Round: 0004] ...updated weights of 1 clients are successfully averaged!
[INFO](2023/03/29/ 05:08:59 AM) [Round: 0004] Evaluate global model's performance...!                
	[Server] ...finished evaluation!                
	=> Loss: 1.1078                
	=> Accuracy: 66.73%

[INFO](2023/03/29/ 05:08:59 AM) [Round: 0005] Select clients...!
[INFO](2023/03/29/ 05:09:00 AM) [Round: 0005] ...successfully transmitted models to 1 selected clients!
[INFO](2023/03/29/ 05:09:00 AM) [Round: 0005] Start updating selected 1 clients...!
[INFO](2023/03/29/ 05:56:22 AM) [Round: 0005] ...1 clients are selected and updated (with total sample size: 5040)! Time: 2842.394877433777sec
[INFO](2023/03/29/ 05:56:22 AM) [Round: 0005] Evaluate selected 1 clients' models...!
[INFO](2023/03/29/ 06:17:33 AM) [Round: 0005] ...finished evaluation of 1 selected clients!
[INFO](2023/03/29/ 06:17:33 AM) [Round: 0005] Aggregate updated weights of 1 clients...!
[INFO](2023/03/29/ 06:17:33 AM) [Round: 0005] ...updated weights of 1 clients are successfully averaged!
[INFO](2023/03/29/ 06:24:06 AM) [Round: 0005] Evaluate global model's performance...!                
	[Server] ...finished evaluation!                
	=> Loss: 1.0459                
	=> Accuracy: 67.91%

[INFO](2023/03/29/ 06:24:07 AM) [Round: 0006] Select clients...!
[INFO](2023/03/29/ 06:24:07 AM) [Round: 0006] ...successfully transmitted models to 1 selected clients!
[INFO](2023/03/29/ 06:24:07 AM) [Round: 0006] Start updating selected 1 clients...!
[INFO](2023/03/29/ 07:11:27 AM) [Round: 0006] ...1 clients are selected and updated (with total sample size: 5040)! Time: 2840.0454030036926sec
[INFO](2023/03/29/ 07:11:27 AM) [Round: 0006] Evaluate selected 1 clients' models...!
[INFO](2023/03/29/ 07:32:34 AM) [Round: 0006] ...finished evaluation of 1 selected clients!
[INFO](2023/03/29/ 07:32:34 AM) [Round: 0006] Aggregate updated weights of 1 clients...!
[INFO](2023/03/29/ 07:32:35 AM) [Round: 0006] ...updated weights of 1 clients are successfully averaged!
[INFO](2023/03/29/ 07:39:08 AM) [Round: 0006] Evaluate global model's performance...!                
	[Server] ...finished evaluation!                
	=> Loss: 1.0022                
	=> Accuracy: 64.80%

[INFO](2023/03/29/ 07:39:08 AM) [Round: 0007] Select clients...!
[INFO](2023/03/29/ 07:39:08 AM) [Round: 0007] ...successfully transmitted models to 1 selected clients!
[INFO](2023/03/29/ 07:39:08 AM) [Round: 0007] Start updating selected 1 clients...!
[INFO](2023/03/29/ 08:26:41 AM) [Round: 0007] ...1 clients are selected and updated (with total sample size: 5040)! Time: 2852.501199245453sec
[INFO](2023/03/29/ 08:26:41 AM) [Round: 0007] Evaluate selected 1 clients' models...!
[INFO](2023/03/29/ 08:47:48 AM) [Round: 0007] ...finished evaluation of 1 selected clients!
[INFO](2023/03/29/ 08:47:48 AM) [Round: 0007] Aggregate updated weights of 1 clients...!
[INFO](2023/03/29/ 08:47:49 AM) [Round: 0007] ...updated weights of 1 clients are successfully averaged!
[INFO](2023/03/29/ 08:54:25 AM) [Round: 0007] Evaluate global model's performance...!                
	[Server] ...finished evaluation!                
	=> Loss: 1.1021                
	=> Accuracy: 64.80%

[INFO](2023/03/29/ 08:54:25 AM) [Round: 0008] Select clients...!
[INFO](2023/03/29/ 08:54:25 AM) [Round: 0008] ...successfully transmitted models to 1 selected clients!
[INFO](2023/03/29/ 08:54:25 AM) [Round: 0008] Start updating selected 1 clients...!
