[INFO](2023/03/29/ 08:55:31 AM) 
[WELCOME] Unfolding configurations...!
[INFO](2023/03/29/ 08:55:31 AM) {'global_config': {'seed': 5959, 'device': 'cuda', 'is_mp': False}}
[INFO](2023/03/29/ 08:55:31 AM) {'data_config': {'data_path': '../processed', 'dataset_name': 'MNIST', 'num_shards': 200, 'iid': False}}
[INFO](2023/03/29/ 08:55:31 AM) {'fed_config': {'C': 0.1, 'K': 2, 'R': 500, 'E': 2, 'B': 2, 'criterion': 'torch.nn.CrossEntropyLoss', 'optimizer': 'torch.optim.SGD'}}
[INFO](2023/03/29/ 08:55:31 AM) {'optim_config': {'lr': 5e-07, 'momentum': 0.9, 'weight_decay': 0.0001}}
[INFO](2023/03/29/ 08:55:31 AM) {'init_config': {'init_type': 'xavier', 'init_gain': 1.0, 'gpu_ids': [0]}}
[INFO](2023/03/29/ 08:55:31 AM) {'model_config': {'name': 'CNN', 'in_channels': 1, 'hidden_channels': 32, 'num_hiddens': 512, 'num_classes': 10}}
[INFO](2023/03/29/ 08:55:31 AM) {'log_config': {'log_path': './log/2023-03-29_08:55:28', 'log_name': 'FL.log', 'tb_port': 5252, 'tb_host': '0.0.0.0'}}
[INFO](2023/03/29/ 08:55:32 AM) [Round: 0000] ...successfully initialized model (# parameters: 37606496)!
[INFO](2023/03/29/ 09:37:29 AM) [Round: 0000] ...successfully created all 2 clients!
[INFO](2023/03/29/ 09:37:29 AM) [Round: 0000] ...successfully finished setup of all 2 clients!
[INFO](2023/03/29/ 09:37:29 AM) [Round: 0000] ...successfully transmitted models to all 2 clients!
[INFO](2023/03/29/ 09:37:29 AM) [Round: 0001] Select clients...!
[INFO](2023/03/29/ 09:37:29 AM) [Round: 0001] ...successfully transmitted models to 1 selected clients!
[INFO](2023/03/29/ 09:37:29 AM) [Round: 0001] Start updating selected 1 clients...!
[INFO](2023/03/29/ 10:22:09 AM) [Round: 0001] ...1 clients are selected and updated (with total sample size: 2571)! Time: 2679.750874519348sec
[INFO](2023/03/29/ 10:22:09 AM) [Round: 0001] Evaluate selected 1 clients' models...!
[INFO](2023/03/29/ 10:31:46 AM) [Round: 0001] ...finished evaluation of 1 selected clients!
[INFO](2023/03/29/ 10:31:46 AM) [Round: 0001] Aggregate updated weights of 1 clients...!
[INFO](2023/03/29/ 10:31:46 AM) [Round: 0001] ...updated weights of 1 clients are successfully averaged!
[INFO](2023/03/29/ 10:37:56 AM) [Round: 0001] Evaluate global model's performance...!                
	[Server] ...finished evaluation!                
	=> Loss: 1.1101                
	=> Accuracy: 48.38%

[INFO](2023/03/29/ 10:37:56 AM) [Round: 0002] Select clients...!
[INFO](2023/03/29/ 10:37:56 AM) [Round: 0002] ...successfully transmitted models to 1 selected clients!
[INFO](2023/03/29/ 10:37:56 AM) [Round: 0002] Start updating selected 1 clients...!
[INFO](2023/03/29/ 11:28:03 AM) [Round: 0002] ...1 clients are selected and updated (with total sample size: 2469)! Time: 3007.071828842163sec
[INFO](2023/03/29/ 11:28:03 AM) [Round: 0002] Evaluate selected 1 clients' models...!
[INFO](2023/03/29/ 11:38:09 AM) [Round: 0002] ...finished evaluation of 1 selected clients!
[INFO](2023/03/29/ 11:38:09 AM) [Round: 0002] Aggregate updated weights of 1 clients...!
[INFO](2023/03/29/ 11:38:09 AM) [Round: 0002] ...updated weights of 1 clients are successfully averaged!
[INFO](2023/03/29/ 11:44:20 AM) [Round: 0002] Evaluate global model's performance...!                
	[Server] ...finished evaluation!                
	=> Loss: 1.6781                
	=> Accuracy: 48.07%

[INFO](2023/03/29/ 11:44:20 AM) [Round: 0003] Select clients...!
[INFO](2023/03/29/ 11:44:20 AM) [Round: 0003] ...successfully transmitted models to 1 selected clients!
[INFO](2023/03/29/ 11:44:20 AM) [Round: 0003] Start updating selected 1 clients...!
