[INFO](2023/03/25/ 10:23:11 PM) 
[WELCOME] Unfolding configurations...!
[INFO](2023/03/25/ 10:23:11 PM) {'global_config': {'seed': 5959, 'device': 'cuda', 'is_mp': False}}
[INFO](2023/03/25/ 10:23:11 PM) {'data_config': {'data_path': '../processed', 'dataset_name': 'MNIST', 'num_shards': 200, 'iid': False}}
[INFO](2023/03/25/ 10:23:11 PM) {'fed_config': {'C': 0.1, 'K': 4, 'R': 500, 'E': 2, 'B': 2, 'criterion': 'torch.nn.CrossEntropyLoss', 'optimizer': 'torch.optim.SGD'}}
[INFO](2023/03/25/ 10:23:11 PM) {'optim_config': {'lr': 5e-07, 'momentum': 0.9, 'weight_decay': 0.0001}}
[INFO](2023/03/25/ 10:23:11 PM) {'init_config': {'init_type': 'xavier', 'init_gain': 1.0, 'gpu_ids': [0]}}
[INFO](2023/03/25/ 10:23:11 PM) {'model_config': {'name': 'CNN', 'in_channels': 1, 'hidden_channels': 32, 'num_hiddens': 512, 'num_classes': 10}}
[INFO](2023/03/25/ 10:23:11 PM) {'log_config': {'log_path': './log/2023-03-25_22:23:08', 'log_name': 'FL.log', 'tb_port': 5252, 'tb_host': '0.0.0.0'}}
[INFO](2023/03/25/ 10:23:12 PM) [Round: 0000] ...successfully initialized model (# parameters: 37606496)!
[INFO](2023/03/25/ 11:07:32 PM) [Round: 0000] ...successfully created all 4 clients!
[INFO](2023/03/25/ 11:07:32 PM) [Round: 0000] ...successfully finished setup of all 4 clients!
[INFO](2023/03/25/ 11:07:32 PM) [Round: 0000] ...successfully transmitted models to all 4 clients!
[INFO](2023/03/25/ 11:07:32 PM) [Round: 0001] Select clients...!
[INFO](2023/03/25/ 11:07:32 PM) [Round: 0001] ...successfully transmitted models to 1 selected clients!
[INFO](2023/03/25/ 11:07:32 PM) [Round: 0001] Start updating selected 1 clients...!
[INFO](2023/03/25/ 11:32:34 PM) [Round: 0001] ...1 clients are selected and updated (with total sample size: 1489)! Time: 1501.4426279067993sec
[INFO](2023/03/25/ 11:32:34 PM) [Round: 0001] Evaluate selected 1 clients' models...!
[INFO](2023/03/25/ 11:38:08 PM) [Round: 0001] ...finished evaluation of 1 selected clients!
[INFO](2023/03/25/ 11:38:08 PM) [Round: 0001] Aggregate updated weights of 1 clients...!
[INFO](2023/03/25/ 11:38:08 PM) [Round: 0001] ...updated weights of 1 clients are successfully averaged!
[INFO](2023/03/25/ 11:44:31 PM) [Round: 0001] Evaluate global model's performance...!                
	[Server] ...finished evaluation!                
	=> Loss: 1.8607                
	=> Accuracy: 85.94%

[INFO](2023/03/25/ 11:44:31 PM) [Round: 0002] Select clients...!
[INFO](2023/03/25/ 11:44:31 PM) [Round: 0002] ...successfully transmitted models to 1 selected clients!
[INFO](2023/03/25/ 11:44:31 PM) [Round: 0002] Start updating selected 1 clients...!
