[INFO](2023/03/27/ 08:05:49 PM) 
[WELCOME] Unfolding configurations...!
[INFO](2023/03/27/ 08:05:49 PM) {'global_config': {'seed': 5959, 'device': 'cuda', 'is_mp': False}}
[INFO](2023/03/27/ 08:05:49 PM) {'data_config': {'data_path': '../processed', 'dataset_name': 'MNIST', 'num_shards': 200, 'iid': False}}
[INFO](2023/03/27/ 08:05:49 PM) {'fed_config': {'C': 0.1, 'K': 1, 'R': 500, 'E': 1, 'B': 2, 'criterion': 'torch.nn.CrossEntropyLoss', 'optimizer': 'torch.optim.SGD'}}
[INFO](2023/03/27/ 08:05:49 PM) {'optim_config': {'lr': 5e-07, 'momentum': 0.9, 'weight_decay': 0.0001}}
[INFO](2023/03/27/ 08:05:49 PM) {'init_config': {'init_type': 'xavier', 'init_gain': 1.0, 'gpu_ids': [0]}}
[INFO](2023/03/27/ 08:05:49 PM) {'model_config': {'name': 'CNN', 'in_channels': 1, 'hidden_channels': 32, 'num_hiddens': 512, 'num_classes': 10}}
[INFO](2023/03/27/ 08:05:49 PM) {'log_config': {'log_path': './log/2023-03-27_20:05:46', 'log_name': 'FL.log', 'tb_port': 5252, 'tb_host': '0.0.0.0'}}
[INFO](2023/03/27/ 08:05:51 PM) [Round: 0000] ...successfully initialized model (# parameters: 37606496)!
[INFO](2023/03/27/ 08:48:34 PM) [Round: 0000] ...successfully created all 1 clients!
[INFO](2023/03/27/ 08:48:34 PM) [Round: 0000] ...successfully finished setup of all 1 clients!
[INFO](2023/03/27/ 08:48:34 PM) [Round: 0000] ...successfully transmitted models to all 1 clients!
[INFO](2023/03/27/ 08:48:34 PM) [Round: 0001] Select clients...!
[INFO](2023/03/27/ 08:48:34 PM) [Round: 0001] ...successfully transmitted models to 1 selected clients!
[INFO](2023/03/27/ 08:48:34 PM) [Round: 0001] Start updating selected 1 clients...!
[INFO](2023/03/27/ 09:39:02 PM) [Round: 0001] ...1 clients are selected and updated (with total sample size: 5401)! Time: 3027.4595623016357sec
[INFO](2023/03/27/ 09:39:02 PM) [Round: 0001] Evaluate selected 1 clients' models...!
[INFO](2023/03/27/ 10:03:54 PM) [Round: 0001] ...finished evaluation of 1 selected clients!
[INFO](2023/03/27/ 10:03:54 PM) [Round: 0001] Aggregate updated weights of 1 clients...!
[INFO](2023/03/27/ 10:03:54 PM) [Round: 0001] ...updated weights of 1 clients are successfully averaged!
[INFO](2023/03/27/ 10:10:07 PM) [Round: 0001] Evaluate global model's performance...!                
	[Server] ...finished evaluation!                
	=> Loss: 1.0397                
	=> Accuracy: 64.96%

[INFO](2023/03/27/ 10:10:07 PM) [Round: 0002] Select clients...!
[INFO](2023/03/27/ 10:10:07 PM) [Round: 0002] ...successfully transmitted models to 1 selected clients!
[INFO](2023/03/27/ 10:10:07 PM) [Round: 0002] Start updating selected 1 clients...!
