[INFO](2023/03/19/ 05:23:30 PM) 
[WELCOME] Unfolding configurations...!
[INFO](2023/03/19/ 05:23:30 PM) {'global_config': {'seed': 5959, 'device': 'cuda', 'is_mp': False}}
[INFO](2023/03/19/ 05:23:30 PM) {'data_config': {'data_path': '../processed', 'dataset_name': 'MNIST', 'num_shards': 200, 'iid': False}}
[INFO](2023/03/19/ 05:23:30 PM) {'fed_config': {'C': 0.1, 'K': 1, 'R': 500, 'E': 1, 'B': 2, 'criterion': 'torch.nn.CrossEntropyLoss', 'optimizer': 'torch.optim.SGD'}}
[INFO](2023/03/19/ 05:23:30 PM) {'optim_config': {'lr': 5e-07, 'momentum': 0.9, 'weight_decay': 0.0001}}
[INFO](2023/03/19/ 05:23:30 PM) {'init_config': {'init_type': 'xavier', 'init_gain': 1.0, 'gpu_ids': [0]}}
[INFO](2023/03/19/ 05:23:30 PM) {'model_config': {'name': 'CNN', 'in_channels': 1, 'hidden_channels': 32, 'num_hiddens': 512, 'num_classes': 10}}
[INFO](2023/03/19/ 05:23:30 PM) {'log_config': {'log_path': './log/2023-03-19_17:23:27', 'log_name': 'FL.log', 'tb_port': 5252, 'tb_host': '0.0.0.0'}}
[INFO](2023/03/19/ 05:23:31 PM) [Round: 0000] ...successfully initialized model (# parameters: 37606496)!
[INFO](2023/03/19/ 06:43:16 PM) [Round: 0000] ...successfully created all 1 clients!
[INFO](2023/03/19/ 06:43:16 PM) [Round: 0000] ...successfully finished setup of all 1 clients!
[INFO](2023/03/19/ 06:43:16 PM) [Round: 0000] ...successfully transmitted models to all 1 clients!
[INFO](2023/03/19/ 06:43:16 PM) [Round: 0001] Select clients...!
[INFO](2023/03/19/ 06:43:16 PM) [Round: 0001] ...successfully transmitted models to 1 selected clients!
[INFO](2023/03/19/ 06:43:16 PM) [Round: 0001] Start updating selected 1 clients...!
[INFO](2023/03/19/ 07:36:43 PM) [Round: 0001] ...1 clients are selected and updated (with total sample size: 5086)! Time: 3206.6179687976837sec
[INFO](2023/03/19/ 07:36:43 PM) [Round: 0001] Evaluate selected 1 clients' models...!
[INFO](2023/03/19/ 07:57:56 PM) [Round: 0001] ...finished evaluation of 1 selected clients!
[INFO](2023/03/19/ 07:57:56 PM) [Round: 0001] Aggregate updated weights of 1 clients...!
[INFO](2023/03/19/ 07:57:57 PM) [Round: 0001] ...updated weights of 1 clients are successfully averaged!
[INFO](2023/03/19/ 08:05:05 PM) [Round: 0001] Evaluate global model's performance...!                
	[Server] ...finished evaluation!                
	=> Loss: 0.5311                
	=> Accuracy: 86.09%

[INFO](2023/03/19/ 08:05:05 PM) [Round: 0002] Select clients...!
[INFO](2023/03/19/ 08:05:05 PM) [Round: 0002] ...successfully transmitted models to 1 selected clients!
[INFO](2023/03/19/ 08:05:05 PM) [Round: 0002] Start updating selected 1 clients...!
[INFO](2023/03/19/ 09:02:58 PM) [Round: 0002] ...1 clients are selected and updated (with total sample size: 5086)! Time: 3473.0867607593536sec
[INFO](2023/03/19/ 09:02:58 PM) [Round: 0002] Evaluate selected 1 clients' models...!
[INFO](2023/03/19/ 09:24:25 PM) [Round: 0002] ...finished evaluation of 1 selected clients!
[INFO](2023/03/19/ 09:24:25 PM) [Round: 0002] Aggregate updated weights of 1 clients...!
[INFO](2023/03/19/ 09:24:25 PM) [Round: 0002] ...updated weights of 1 clients are successfully averaged!
[INFO](2023/03/19/ 09:31:34 PM) [Round: 0002] Evaluate global model's performance...!                
	[Server] ...finished evaluation!                
	=> Loss: 0.6989                
	=> Accuracy: 68.56%

[INFO](2023/03/19/ 09:31:34 PM) [Round: 0003] Select clients...!
[INFO](2023/03/19/ 09:31:34 PM) [Round: 0003] ...successfully transmitted models to 1 selected clients!
[INFO](2023/03/19/ 09:31:34 PM) [Round: 0003] Start updating selected 1 clients...!
[INFO](2023/03/19/ 10:29:53 PM) [Round: 0003] ...1 clients are selected and updated (with total sample size: 5086)! Time: 3498.305725336075sec
[INFO](2023/03/19/ 10:29:53 PM) [Round: 0003] Evaluate selected 1 clients' models...!
