[INFO](2023/03/29/ 11:56:43 AM) 
[WELCOME] Unfolding configurations...!
[INFO](2023/03/29/ 11:56:43 AM) {'global_config': {'seed': 5959, 'device': 'cuda', 'is_mp': False}}
[INFO](2023/03/29/ 11:56:43 AM) {'data_config': {'data_path': '../processed', 'dataset_name': 'MNIST', 'num_shards': 200, 'iid': False}}
[INFO](2023/03/29/ 11:56:43 AM) {'fed_config': {'C': 0.1, 'K': 4, 'R': 500, 'E': 2, 'B': 2, 'criterion': 'torch.nn.CrossEntropyLoss', 'optimizer': 'torch.optim.SGD'}}
[INFO](2023/03/29/ 11:56:43 AM) {'optim_config': {'lr': 5e-07, 'momentum': 0.9, 'weight_decay': 0.0001}}
[INFO](2023/03/29/ 11:56:43 AM) {'init_config': {'init_type': 'xavier', 'init_gain': 1.0, 'gpu_ids': [0]}}
[INFO](2023/03/29/ 11:56:43 AM) {'model_config': {'name': 'CNN', 'in_channels': 1, 'hidden_channels': 32, 'num_hiddens': 512, 'num_classes': 10}}
[INFO](2023/03/29/ 11:56:43 AM) {'log_config': {'log_path': './log/2023-03-29_11:56:40', 'log_name': 'FL.log', 'tb_port': 5252, 'tb_host': '0.0.0.0'}}
[INFO](2023/03/29/ 11:56:45 AM) [Round: 0000] ...successfully initialized model (# parameters: 37606496)!
[INFO](2023/03/29/ 12:38:43 PM) [Round: 0000] ...successfully created all 4 clients!
[INFO](2023/03/29/ 12:38:43 PM) [Round: 0000] ...successfully finished setup of all 4 clients!
[INFO](2023/03/29/ 12:38:44 PM) [Round: 0000] ...successfully transmitted models to all 4 clients!
[INFO](2023/03/29/ 12:38:44 PM) [Round: 0001] Select clients...!
[INFO](2023/03/29/ 12:38:44 PM) [Round: 0001] ...successfully transmitted models to 1 selected clients!
[INFO](2023/03/29/ 12:38:44 PM) [Round: 0001] Start updating selected 1 clients...!
[INFO](2023/03/29/ 01:03:57 PM) [Round: 0001] ...1 clients are selected and updated (with total sample size: 1434)! Time: 1513.1341462135315sec
[INFO](2023/03/29/ 01:03:57 PM) [Round: 0001] Evaluate selected 1 clients' models...!
[INFO](2023/03/29/ 01:09:28 PM) [Round: 0001] ...finished evaluation of 1 selected clients!
[INFO](2023/03/29/ 01:09:28 PM) [Round: 0001] Aggregate updated weights of 1 clients...!
[INFO](2023/03/29/ 01:09:29 PM) [Round: 0001] ...updated weights of 1 clients are successfully averaged!
[INFO](2023/03/29/ 01:15:39 PM) [Round: 0001] Evaluate global model's performance...!                
	[Server] ...finished evaluation!                
	=> Loss: 1.2499                
	=> Accuracy: 66.67%

[INFO](2023/03/29/ 01:15:39 PM) [Round: 0002] Select clients...!
[INFO](2023/03/29/ 01:15:39 PM) [Round: 0002] ...successfully transmitted models to 1 selected clients!
[INFO](2023/03/29/ 01:15:39 PM) [Round: 0002] Start updating selected 1 clients...!
[INFO](2023/03/29/ 01:37:08 PM) [Round: 0002] ...1 clients are selected and updated (with total sample size: 1035)! Time: 1289.3072938919067sec
[INFO](2023/03/29/ 01:37:08 PM) [Round: 0002] Evaluate selected 1 clients' models...!
[INFO](2023/03/29/ 01:41:32 PM) [Round: 0002] ...finished evaluation of 1 selected clients!
[INFO](2023/03/29/ 01:41:32 PM) [Round: 0002] Aggregate updated weights of 1 clients...!
[INFO](2023/03/29/ 01:41:32 PM) [Round: 0002] ...updated weights of 1 clients are successfully averaged!
[INFO](2023/03/29/ 01:47:42 PM) [Round: 0002] Evaluate global model's performance...!                
	[Server] ...finished evaluation!                
	=> Loss: 1.1993                
	=> Accuracy: 62.25%

[INFO](2023/03/29/ 01:47:42 PM) [Round: 0003] Select clients...!
[INFO](2023/03/29/ 01:47:42 PM) [Round: 0003] ...successfully transmitted models to 1 selected clients!
[INFO](2023/03/29/ 01:47:42 PM) [Round: 0003] Start updating selected 1 clients...!
[INFO](2023/03/29/ 02:11:18 PM) [Round: 0003] ...1 clients are selected and updated (with total sample size: 1186)! Time: 1415.6393926143646sec
[INFO](2023/03/29/ 02:11:18 PM) [Round: 0003] Evaluate selected 1 clients' models...!
[INFO](2023/03/29/ 02:15:53 PM) [Round: 0003] ...finished evaluation of 1 selected clients!
[INFO](2023/03/29/ 02:15:53 PM) [Round: 0003] Aggregate updated weights of 1 clients...!
[INFO](2023/03/29/ 02:15:53 PM) [Round: 0003] ...updated weights of 1 clients are successfully averaged!
[INFO](2023/03/29/ 02:22:03 PM) [Round: 0003] Evaluate global model's performance...!                
	[Server] ...finished evaluation!                
	=> Loss: 1.0938                
	=> Accuracy: 61.94%

[INFO](2023/03/29/ 02:22:03 PM) [Round: 0004] Select clients...!
[INFO](2023/03/29/ 02:22:03 PM) [Round: 0004] ...successfully transmitted models to 1 selected clients!
[INFO](2023/03/29/ 02:22:04 PM) [Round: 0004] Start updating selected 1 clients...!
