[INFO](2023/03/25/ 09:47:20 AM) 
[WELCOME] Unfolding configurations...!
[INFO](2023/03/25/ 09:47:20 AM) {'global_config': {'seed': 5959, 'device': 'cuda', 'is_mp': False}}
[INFO](2023/03/25/ 09:47:20 AM) {'data_config': {'data_path': '../processed', 'dataset_name': 'MNIST', 'num_shards': 200, 'iid': False}}
[INFO](2023/03/25/ 09:47:20 AM) {'fed_config': {'C': 0.1, 'K': 1, 'R': 500, 'E': 1, 'B': 2, 'criterion': 'torch.nn.CrossEntropyLoss', 'optimizer': 'torch.optim.SGD'}}
[INFO](2023/03/25/ 09:47:20 AM) {'optim_config': {'lr': 5e-07, 'momentum': 0.9, 'weight_decay': 0.0001}}
[INFO](2023/03/25/ 09:47:20 AM) {'init_config': {'init_type': 'xavier', 'init_gain': 1.0, 'gpu_ids': [0]}}
[INFO](2023/03/25/ 09:47:20 AM) {'model_config': {'name': 'CNN', 'in_channels': 1, 'hidden_channels': 32, 'num_hiddens': 512, 'num_classes': 10}}
[INFO](2023/03/25/ 09:47:20 AM) {'log_config': {'log_path': './log/2023-03-25_09:47:17', 'log_name': 'FL.log', 'tb_port': 5252, 'tb_host': '0.0.0.0'}}
[INFO](2023/03/25/ 09:47:22 AM) [Round: 0000] ...successfully initialized model (# parameters: 41571424)!
[INFO](2023/03/25/ 10:30:15 AM) [Round: 0000] ...successfully created all 1 clients!
[INFO](2023/03/25/ 10:30:15 AM) [Round: 0000] ...successfully finished setup of all 1 clients!
[INFO](2023/03/25/ 10:30:15 AM) [Round: 0000] ...successfully transmitted models to all 1 clients!
[INFO](2023/03/25/ 10:30:15 AM) [Round: 0001] Select clients...!
[INFO](2023/03/25/ 10:30:15 AM) [Round: 0001] ...successfully transmitted models to 1 selected clients!
[INFO](2023/03/25/ 10:30:15 AM) [Round: 0001] Start updating selected 1 clients...!
[INFO](2023/03/25/ 11:38:03 AM) [Round: 0001] ...1 clients are selected and updated (with total sample size: 4984)! Time: 4067.5201740264893sec
[INFO](2023/03/25/ 11:38:03 AM) [Round: 0001] Evaluate selected 1 clients' models...!
[INFO](2023/03/25/ 12:02:31 PM) [Round: 0001] ...finished evaluation of 1 selected clients!
[INFO](2023/03/25/ 12:02:31 PM) [Round: 0001] Aggregate updated weights of 1 clients...!
[INFO](2023/03/25/ 12:02:31 PM) [Round: 0001] ...updated weights of 1 clients are successfully averaged!
[INFO](2023/03/25/ 12:11:15 PM) [Round: 0001] Evaluate global model's performance...!                
	[Server] ...finished evaluation!                
	=> Loss: 0.4517                
	=> Accuracy: 84.92%

[INFO](2023/03/25/ 12:11:15 PM) [Round: 0002] Select clients...!
[INFO](2023/03/25/ 12:11:15 PM) [Round: 0002] ...successfully transmitted models to 1 selected clients!
[INFO](2023/03/25/ 12:11:15 PM) [Round: 0002] Start updating selected 1 clients...!
[INFO](2023/03/25/ 01:30:06 PM) [Round: 0002] ...1 clients are selected and updated (with total sample size: 4984)! Time: 4731.215779781342sec
[INFO](2023/03/25/ 01:30:06 PM) [Round: 0002] Evaluate selected 1 clients' models...!
[INFO](2023/03/25/ 01:56:48 PM) [Round: 0002] ...finished evaluation of 1 selected clients!
[INFO](2023/03/25/ 01:56:48 PM) [Round: 0002] Aggregate updated weights of 1 clients...!
[INFO](2023/03/25/ 01:56:48 PM) [Round: 0002] ...updated weights of 1 clients are successfully averaged!
[INFO](2023/03/25/ 02:05:30 PM) [Round: 0002] Evaluate global model's performance...!                
	[Server] ...finished evaluation!                
	=> Loss: 0.3171                
	=> Accuracy: 92.37%

[INFO](2023/03/25/ 02:05:30 PM) [Round: 0003] Select clients...!
[INFO](2023/03/25/ 02:05:30 PM) [Round: 0003] ...successfully transmitted models to 1 selected clients!
[INFO](2023/03/25/ 02:05:30 PM) [Round: 0003] Start updating selected 1 clients...!
[INFO](2023/03/25/ 03:24:19 PM) [Round: 0003] ...1 clients are selected and updated (with total sample size: 4984)! Time: 4729.351907968521sec
[INFO](2023/03/25/ 03:24:19 PM) [Round: 0003] Evaluate selected 1 clients' models...!
[INFO](2023/03/25/ 03:51:01 PM) [Round: 0003] ...finished evaluation of 1 selected clients!
[INFO](2023/03/25/ 03:51:01 PM) [Round: 0003] Aggregate updated weights of 1 clients...!
[INFO](2023/03/25/ 03:51:01 PM) [Round: 0003] ...updated weights of 1 clients are successfully averaged!
[INFO](2023/03/25/ 03:59:43 PM) [Round: 0003] Evaluate global model's performance...!                
	[Server] ...finished evaluation!                
	=> Loss: 0.5712                
	=> Accuracy: 78.85%

[INFO](2023/03/25/ 03:59:43 PM) [Round: 0004] Select clients...!
[INFO](2023/03/25/ 03:59:43 PM) [Round: 0004] ...successfully transmitted models to 1 selected clients!
[INFO](2023/03/25/ 03:59:43 PM) [Round: 0004] Start updating selected 1 clients...!
[INFO](2023/03/25/ 05:18:15 PM) [Round: 0004] ...1 clients are selected and updated (with total sample size: 4984)! Time: 4711.732781648636sec
[INFO](2023/03/25/ 05:18:15 PM) [Round: 0004] Evaluate selected 1 clients' models...!
