[INFO](2023/03/16/ 09:46:35 PM) 
[WELCOME] Unfolding configurations...!
[INFO](2023/03/16/ 09:46:35 PM) {'global_config': {'seed': 5959, 'device': 'cuda', 'is_mp': False}}
[INFO](2023/03/16/ 09:46:35 PM) {'data_config': {'data_path': '../processed', 'dataset_name': 'MNIST', 'num_shards': 200, 'iid': False}}
[INFO](2023/03/16/ 09:46:35 PM) {'fed_config': {'C': 0.1, 'K': 1, 'R': 500, 'E': 1, 'B': 2, 'criterion': 'torch.nn.CrossEntropyLoss', 'optimizer': 'torch.optim.SGD'}}
[INFO](2023/03/16/ 09:46:35 PM) {'optim_config': {'lr': 5e-07, 'momentum': 0.9, 'weight_decay': 0.0001}}
[INFO](2023/03/16/ 09:46:35 PM) {'init_config': {'init_type': 'xavier', 'init_gain': 1.0, 'gpu_ids': [0]}}
[INFO](2023/03/16/ 09:46:35 PM) {'model_config': {'name': 'CNN', 'in_channels': 1, 'hidden_channels': 32, 'num_hiddens': 512, 'num_classes': 10}}
[INFO](2023/03/16/ 09:46:35 PM) {'log_config': {'log_path': './log/2023-03-16_21:46:32', 'log_name': 'FL.log', 'tb_port': 5252, 'tb_host': '0.0.0.0'}}
[INFO](2023/03/16/ 09:46:37 PM) [Round: 0000] ...successfully initialized model (# parameters: 37606496)!
[INFO](2023/03/16/ 09:46:51 PM) [Round: 0000] ...successfully created all 1 clients!
[INFO](2023/03/16/ 09:46:52 PM) [Round: 0000] ...successfully finished setup of all 1 clients!
[INFO](2023/03/16/ 09:46:52 PM) [Round: 0000] ...successfully transmitted models to all 1 clients!
[INFO](2023/03/16/ 09:46:52 PM) [Round: 0001] Select clients...!
[INFO](2023/03/16/ 09:46:52 PM) [Round: 0001] ...successfully transmitted models to 1 selected clients!
[INFO](2023/03/16/ 09:46:52 PM) [Round: 0001] Start updating selected 1 clients...!
[INFO](2023/03/16/ 10:37:13 PM) [Round: 0001] ...1 clients are selected and updated (with total sample size: 5086)!
[INFO](2023/03/16/ 10:37:13 PM) [Round: 0001] Evaluate selected 1 clients' models...!
[INFO](2023/03/16/ 10:58:21 PM) [Round: 0001] ...finished evaluation of 1 selected clients!
[INFO](2023/03/16/ 10:58:21 PM) [Round: 0001] Aggregate updated weights of 1 clients...!
[INFO](2023/03/16/ 10:58:21 PM) [Round: 0001] ...updated weights of 1 clients are successfully averaged!
[INFO](2023/03/16/ 11:05:35 PM) [Round: 0001] Evaluate global model's performance...!                
	[Server] ...finished evaluation!                
	=> Loss: 0.3742                
	=> Accuracy: 86.55%

[INFO](2023/03/16/ 11:05:35 PM) [Round: 0002] Select clients...!
[INFO](2023/03/16/ 11:05:35 PM) [Round: 0002] ...successfully transmitted models to 1 selected clients!
[INFO](2023/03/16/ 11:05:35 PM) [Round: 0002] Start updating selected 1 clients...!
[INFO](2023/03/17/ 12:03:14 AM) [Round: 0002] ...1 clients are selected and updated (with total sample size: 5086)!
[INFO](2023/03/17/ 12:03:14 AM) [Round: 0002] Evaluate selected 1 clients' models...!
[INFO](2023/03/17/ 12:25:09 AM) [Round: 0002] ...finished evaluation of 1 selected clients!
[INFO](2023/03/17/ 12:25:09 AM) [Round: 0002] Aggregate updated weights of 1 clients...!
[INFO](2023/03/17/ 12:25:09 AM) [Round: 0002] ...updated weights of 1 clients are successfully averaged!
[INFO](2023/03/17/ 12:32:26 AM) [Round: 0002] Evaluate global model's performance...!                
	[Server] ...finished evaluation!                
	=> Loss: 0.5173                
	=> Accuracy: 79.02%

[INFO](2023/03/17/ 12:32:26 AM) [Round: 0003] Select clients...!
[INFO](2023/03/17/ 12:32:26 AM) [Round: 0003] ...successfully transmitted models to 1 selected clients!
[INFO](2023/03/17/ 12:32:26 AM) [Round: 0003] Start updating selected 1 clients...!
[INFO](2023/03/17/ 01:30:07 AM) [Round: 0003] ...1 clients are selected and updated (with total sample size: 5086)!
[INFO](2023/03/17/ 01:30:07 AM) [Round: 0003] Evaluate selected 1 clients' models...!
[INFO](2023/03/17/ 01:51:44 AM) [Round: 0003] ...finished evaluation of 1 selected clients!
[INFO](2023/03/17/ 01:51:44 AM) [Round: 0003] Aggregate updated weights of 1 clients...!
[INFO](2023/03/17/ 01:51:44 AM) [Round: 0003] ...updated weights of 1 clients are successfully averaged!
[INFO](2023/03/17/ 01:59:00 AM) [Round: 0003] Evaluate global model's performance...!                
	[Server] ...finished evaluation!                
	=> Loss: 0.3939                
	=> Accuracy: 86.38%

[INFO](2023/03/17/ 01:59:00 AM) [Round: 0004] Select clients...!
[INFO](2023/03/17/ 01:59:00 AM) [Round: 0004] ...successfully transmitted models to 1 selected clients!
[INFO](2023/03/17/ 01:59:00 AM) [Round: 0004] Start updating selected 1 clients...!
[INFO](2023/03/17/ 02:56:36 AM) [Round: 0004] ...1 clients are selected and updated (with total sample size: 5086)!
[INFO](2023/03/17/ 02:56:36 AM) [Round: 0004] Evaluate selected 1 clients' models...!
[INFO](2023/03/17/ 03:18:13 AM) [Round: 0004] ...finished evaluation of 1 selected clients!
[INFO](2023/03/17/ 03:18:13 AM) [Round: 0004] Aggregate updated weights of 1 clients...!
[INFO](2023/03/17/ 03:18:13 AM) [Round: 0004] ...updated weights of 1 clients are successfully averaged!
[INFO](2023/03/17/ 03:25:28 AM) [Round: 0004] Evaluate global model's performance...!                
	[Server] ...finished evaluation!                
	=> Loss: 0.6504                
	=> Accuracy: 63.68%

[INFO](2023/03/17/ 03:25:28 AM) [Round: 0005] Select clients...!
[INFO](2023/03/17/ 03:25:29 AM) [Round: 0005] ...successfully transmitted models to 1 selected clients!
[INFO](2023/03/17/ 03:25:29 AM) [Round: 0005] Start updating selected 1 clients...!
[INFO](2023/03/17/ 04:23:08 AM) [Round: 0005] ...1 clients are selected and updated (with total sample size: 5086)!
[INFO](2023/03/17/ 04:23:08 AM) [Round: 0005] Evaluate selected 1 clients' models...!
[INFO](2023/03/17/ 04:44:44 AM) [Round: 0005] ...finished evaluation of 1 selected clients!
[INFO](2023/03/17/ 04:44:44 AM) [Round: 0005] Aggregate updated weights of 1 clients...!
[INFO](2023/03/17/ 04:44:45 AM) [Round: 0005] ...updated weights of 1 clients are successfully averaged!
[INFO](2023/03/17/ 04:51:59 AM) [Round: 0005] Evaluate global model's performance...!                
	[Server] ...finished evaluation!                
	=> Loss: 0.3756                
	=> Accuracy: 85.23%

[INFO](2023/03/17/ 04:51:59 AM) [Round: 0006] Select clients...!
[INFO](2023/03/17/ 04:51:59 AM) [Round: 0006] ...successfully transmitted models to 1 selected clients!
[INFO](2023/03/17/ 04:51:59 AM) [Round: 0006] Start updating selected 1 clients...!
[INFO](2023/03/17/ 05:49:31 AM) [Round: 0006] ...1 clients are selected and updated (with total sample size: 5086)!
[INFO](2023/03/17/ 05:49:31 AM) [Round: 0006] Evaluate selected 1 clients' models...!
[INFO](2023/03/17/ 06:11:07 AM) [Round: 0006] ...finished evaluation of 1 selected clients!
[INFO](2023/03/17/ 06:11:07 AM) [Round: 0006] Aggregate updated weights of 1 clients...!
[INFO](2023/03/17/ 06:11:07 AM) [Round: 0006] ...updated weights of 1 clients are successfully averaged!
[INFO](2023/03/17/ 06:18:20 AM) [Round: 0006] Evaluate global model's performance...!                
	[Server] ...finished evaluation!                
	=> Loss: 0.3797                
	=> Accuracy: 85.34%

[INFO](2023/03/17/ 06:18:21 AM) [Round: 0007] Select clients...!
[INFO](2023/03/17/ 06:18:21 AM) [Round: 0007] ...successfully transmitted models to 1 selected clients!
[INFO](2023/03/17/ 06:18:21 AM) [Round: 0007] Start updating selected 1 clients...!
[INFO](2023/03/17/ 07:15:54 AM) [Round: 0007] ...1 clients are selected and updated (with total sample size: 5086)!
[INFO](2023/03/17/ 07:15:54 AM) [Round: 0007] Evaluate selected 1 clients' models...!
[INFO](2023/03/17/ 07:37:29 AM) [Round: 0007] ...finished evaluation of 1 selected clients!
[INFO](2023/03/17/ 07:37:29 AM) [Round: 0007] Aggregate updated weights of 1 clients...!
[INFO](2023/03/17/ 07:37:29 AM) [Round: 0007] ...updated weights of 1 clients are successfully averaged!
[INFO](2023/03/17/ 07:44:45 AM) [Round: 0007] Evaluate global model's performance...!                
	[Server] ...finished evaluation!                
	=> Loss: 0.2560                
	=> Accuracy: 90.75%

[INFO](2023/03/17/ 07:44:45 AM) [Round: 0008] Select clients...!
[INFO](2023/03/17/ 07:44:45 AM) [Round: 0008] ...successfully transmitted models to 1 selected clients!
[INFO](2023/03/17/ 07:44:45 AM) [Round: 0008] Start updating selected 1 clients...!
[INFO](2023/03/17/ 08:42:34 AM) [Round: 0008] ...1 clients are selected and updated (with total sample size: 5086)!
[INFO](2023/03/17/ 08:42:34 AM) [Round: 0008] Evaluate selected 1 clients' models...!
[INFO](2023/03/17/ 09:04:10 AM) [Round: 0008] ...finished evaluation of 1 selected clients!
[INFO](2023/03/17/ 09:04:10 AM) [Round: 0008] Aggregate updated weights of 1 clients...!
[INFO](2023/03/17/ 09:04:10 AM) [Round: 0008] ...updated weights of 1 clients are successfully averaged!
[INFO](2023/03/17/ 09:11:25 AM) [Round: 0008] Evaluate global model's performance...!                
	[Server] ...finished evaluation!                
	=> Loss: 0.4480                
	=> Accuracy: 81.84%

[INFO](2023/03/17/ 09:11:25 AM) [Round: 0009] Select clients...!
[INFO](2023/03/17/ 09:11:25 AM) [Round: 0009] ...successfully transmitted models to 1 selected clients!
[INFO](2023/03/17/ 09:11:25 AM) [Round: 0009] Start updating selected 1 clients...!
