[INFO](2023/03/29/ 08:28:10 PM) 
[WELCOME] Unfolding configurations...!
[INFO](2023/03/29/ 08:28:10 PM) {'global_config': {'seed': 5959, 'device': 'cuda', 'is_mp': False}}
[INFO](2023/03/29/ 08:28:10 PM) {'data_config': {'data_path': '../processed', 'dataset_name': 'MNIST', 'num_shards': 200, 'iid': False}}
[INFO](2023/03/29/ 08:28:10 PM) {'fed_config': {'C': 0.1, 'K': 1, 'R': 500, 'E': 1, 'B': 2, 'criterion': 'torch.nn.CrossEntropyLoss', 'optimizer': 'torch.optim.SGD'}}
[INFO](2023/03/29/ 08:28:10 PM) {'optim_config': {'lr': 5e-07, 'momentum': 0.9, 'weight_decay': 0.0001}}
[INFO](2023/03/29/ 08:28:10 PM) {'init_config': {'init_type': 'xavier', 'init_gain': 1.0, 'gpu_ids': [0]}}
[INFO](2023/03/29/ 08:28:10 PM) {'model_config': {'name': 'CNN', 'in_channels': 1, 'hidden_channels': 32, 'num_hiddens': 512, 'num_classes': 10}}
[INFO](2023/03/29/ 08:28:10 PM) {'log_config': {'log_path': './log/2023-03-29_20:28:07', 'log_name': 'FL.log', 'tb_port': 5252, 'tb_host': '0.0.0.0'}}
[INFO](2023/03/29/ 08:28:12 PM) [Round: 0000] ...successfully initialized model (# parameters: 38670432)!
[INFO](2023/03/29/ 09:10:35 PM) [Round: 0000] ...successfully created all 1 clients!
[INFO](2023/03/29/ 09:10:35 PM) [Round: 0000] ...successfully finished setup of all 1 clients!
[INFO](2023/03/29/ 09:10:35 PM) [Round: 0000] ...successfully transmitted models to all 1 clients!
[INFO](2023/03/29/ 09:10:35 PM) [Round: 0001] Select clients...!
[INFO](2023/03/29/ 09:10:35 PM) [Round: 0001] ...successfully transmitted models to 1 selected clients!
[INFO](2023/03/29/ 09:10:35 PM) [Round: 0001] Start updating selected 1 clients...!
[INFO](2023/03/29/ 10:20:34 PM) [Round: 0001] ...1 clients are selected and updated (with total sample size: 5040)! Time: 4198.491937160492sec
[INFO](2023/03/29/ 10:20:34 PM) [Round: 0001] Evaluate selected 1 clients' models...!
[INFO](2023/03/29/ 10:44:27 PM) [Round: 0001] ...finished evaluation of 1 selected clients!
[INFO](2023/03/29/ 10:44:27 PM) [Round: 0001] Aggregate updated weights of 1 clients...!
[INFO](2023/03/29/ 10:44:27 PM) [Round: 0001] ...updated weights of 1 clients are successfully averaged!
[INFO](2023/03/29/ 10:52:13 PM) [Round: 0001] Evaluate global model's performance...!                
	[Server] ...finished evaluation!                
	=> Loss: 0.9511                
	=> Accuracy: 48.01%

[INFO](2023/03/29/ 10:52:13 PM) [Round: 0002] Select clients...!
[INFO](2023/03/29/ 10:52:13 PM) [Round: 0002] ...successfully transmitted models to 1 selected clients!
[INFO](2023/03/29/ 10:52:13 PM) [Round: 0002] Start updating selected 1 clients...!
[INFO](2023/03/30/ 12:06:35 AM) [Round: 0002] ...1 clients are selected and updated (with total sample size: 5040)! Time: 4461.126919269562sec
[INFO](2023/03/30/ 12:06:35 AM) [Round: 0002] Evaluate selected 1 clients' models...!
[INFO](2023/03/30/ 12:31:19 AM) [Round: 0002] ...finished evaluation of 1 selected clients!
[INFO](2023/03/30/ 12:31:19 AM) [Round: 0002] Aggregate updated weights of 1 clients...!
[INFO](2023/03/30/ 12:31:19 AM) [Round: 0002] ...updated weights of 1 clients are successfully averaged!
[INFO](2023/03/30/ 12:39:02 AM) [Round: 0002] Evaluate global model's performance...!                
	[Server] ...finished evaluation!                
	=> Loss: 0.9375                
	=> Accuracy: 51.68%

[INFO](2023/03/30/ 12:39:02 AM) [Round: 0003] Select clients...!
[INFO](2023/03/30/ 12:39:02 AM) [Round: 0003] ...successfully transmitted models to 1 selected clients!
[INFO](2023/03/30/ 12:39:02 AM) [Round: 0003] Start updating selected 1 clients...!
[INFO](2023/03/30/ 01:53:23 AM) [Round: 0003] ...1 clients are selected and updated (with total sample size: 5040)! Time: 4460.815259933472sec
[INFO](2023/03/30/ 01:53:23 AM) [Round: 0003] Evaluate selected 1 clients' models...!
[INFO](2023/03/30/ 02:18:13 AM) [Round: 0003] ...finished evaluation of 1 selected clients!
[INFO](2023/03/30/ 02:18:13 AM) [Round: 0003] Aggregate updated weights of 1 clients...!
[INFO](2023/03/30/ 02:18:13 AM) [Round: 0003] ...updated weights of 1 clients are successfully averaged!
[INFO](2023/03/30/ 02:25:59 AM) [Round: 0003] Evaluate global model's performance...!                
	[Server] ...finished evaluation!                
	=> Loss: 0.8072                
	=> Accuracy: 70.83%

[INFO](2023/03/30/ 02:26:00 AM) [Round: 0004] Select clients...!
[INFO](2023/03/30/ 02:26:00 AM) [Round: 0004] ...successfully transmitted models to 1 selected clients!
[INFO](2023/03/30/ 02:26:00 AM) [Round: 0004] Start updating selected 1 clients...!
[INFO](2023/03/30/ 03:41:18 AM) [Round: 0004] ...1 clients are selected and updated (with total sample size: 5040)! Time: 4517.96108007431sec
[INFO](2023/03/30/ 03:41:18 AM) [Round: 0004] Evaluate selected 1 clients' models...!
[INFO](2023/03/30/ 04:06:05 AM) [Round: 0004] ...finished evaluation of 1 selected clients!
[INFO](2023/03/30/ 04:06:05 AM) [Round: 0004] Aggregate updated weights of 1 clients...!
[INFO](2023/03/30/ 04:06:05 AM) [Round: 0004] ...updated weights of 1 clients are successfully averaged!
[INFO](2023/03/30/ 04:13:52 AM) [Round: 0004] Evaluate global model's performance...!                
	[Server] ...finished evaluation!                
	=> Loss: 0.8798                
	=> Accuracy: 65.17%

[INFO](2023/03/30/ 04:13:52 AM) [Round: 0005] Select clients...!
[INFO](2023/03/30/ 04:13:52 AM) [Round: 0005] ...successfully transmitted models to 1 selected clients!
[INFO](2023/03/30/ 04:13:52 AM) [Round: 0005] Start updating selected 1 clients...!
[INFO](2023/03/30/ 05:30:22 AM) [Round: 0005] ...1 clients are selected and updated (with total sample size: 5040)! Time: 4589.484434366226sec
[INFO](2023/03/30/ 05:30:22 AM) [Round: 0005] Evaluate selected 1 clients' models...!
[INFO](2023/03/30/ 05:55:13 AM) [Round: 0005] ...finished evaluation of 1 selected clients!
[INFO](2023/03/30/ 05:55:13 AM) [Round: 0005] Aggregate updated weights of 1 clients...!
[INFO](2023/03/30/ 05:55:13 AM) [Round: 0005] ...updated weights of 1 clients are successfully averaged!
[INFO](2023/03/30/ 06:03:00 AM) [Round: 0005] Evaluate global model's performance...!                
	[Server] ...finished evaluation!                
	=> Loss: 0.9772                
	=> Accuracy: 64.12%

[INFO](2023/03/30/ 06:03:00 AM) [Round: 0006] Select clients...!
[INFO](2023/03/30/ 06:03:01 AM) [Round: 0006] ...successfully transmitted models to 1 selected clients!
[INFO](2023/03/30/ 06:03:01 AM) [Round: 0006] Start updating selected 1 clients...!
[INFO](2023/03/30/ 07:18:33 AM) [Round: 0006] ...1 clients are selected and updated (with total sample size: 5040)! Time: 4532.831033229828sec
[INFO](2023/03/30/ 07:18:34 AM) [Round: 0006] Evaluate selected 1 clients' models...!
[INFO](2023/03/30/ 07:43:21 AM) [Round: 0006] ...finished evaluation of 1 selected clients!
[INFO](2023/03/30/ 07:43:21 AM) [Round: 0006] Aggregate updated weights of 1 clients...!
[INFO](2023/03/30/ 07:43:22 AM) [Round: 0006] ...updated weights of 1 clients are successfully averaged!
[INFO](2023/03/30/ 07:51:05 AM) [Round: 0006] Evaluate global model's performance...!                
	[Server] ...finished evaluation!                
	=> Loss: 0.8255                
	=> Accuracy: 67.79%

[INFO](2023/03/30/ 07:51:05 AM) [Round: 0007] Select clients...!
[INFO](2023/03/30/ 07:51:05 AM) [Round: 0007] ...successfully transmitted models to 1 selected clients!
[INFO](2023/03/30/ 07:51:05 AM) [Round: 0007] Start updating selected 1 clients...!
[INFO](2023/03/30/ 09:07:33 AM) [Round: 0007] ...1 clients are selected and updated (with total sample size: 5040)! Time: 4587.853537559509sec
[INFO](2023/03/30/ 09:07:33 AM) [Round: 0007] Evaluate selected 1 clients' models...!
