[INFO](2023/03/24/ 09:35:54 AM) 
[WELCOME] Unfolding configurations...!
[INFO](2023/03/24/ 09:35:54 AM) {'global_config': {'seed': 5959, 'device': 'cuda', 'is_mp': False}}
[INFO](2023/03/24/ 09:35:54 AM) {'data_config': {'data_path': '../processed', 'dataset_name': 'MNIST', 'num_shards': 200, 'iid': False}}
[INFO](2023/03/24/ 09:35:54 AM) {'fed_config': {'C': 0.1, 'K': 1, 'R': 500, 'E': 1, 'B': 2, 'criterion': 'torch.nn.CrossEntropyLoss', 'optimizer': 'torch.optim.SGD'}}
[INFO](2023/03/24/ 09:35:54 AM) {'optim_config': {'lr': 5e-07, 'momentum': 0.9, 'weight_decay': 0.0001}}
[INFO](2023/03/24/ 09:35:54 AM) {'init_config': {'init_type': 'xavier', 'init_gain': 1.0, 'gpu_ids': [0]}}
[INFO](2023/03/24/ 09:35:54 AM) {'model_config': {'name': 'CNN', 'in_channels': 1, 'hidden_channels': 32, 'num_hiddens': 512, 'num_classes': 10}}
[INFO](2023/03/24/ 09:35:54 AM) {'log_config': {'log_path': './log/2023-03-24_09:35:51', 'log_name': 'FL.log', 'tb_port': 5252, 'tb_host': '0.0.0.0'}}
[INFO](2023/03/24/ 09:35:55 AM) [Round: 0000] ...successfully initialized model (# parameters: 41819232)!
[INFO](2023/03/24/ 10:17:51 AM) [Round: 0000] ...successfully created all 1 clients!
[INFO](2023/03/24/ 10:17:51 AM) [Round: 0000] ...successfully finished setup of all 1 clients!
[INFO](2023/03/24/ 10:17:51 AM) [Round: 0000] ...successfully transmitted models to all 1 clients!
[INFO](2023/03/24/ 10:17:51 AM) [Round: 0001] Select clients...!
[INFO](2023/03/24/ 10:17:51 AM) [Round: 0001] ...successfully transmitted models to 1 selected clients!
[INFO](2023/03/24/ 10:17:51 AM) [Round: 0001] Start updating selected 1 clients...!
[INFO](2023/03/24/ 11:48:01 AM) [Round: 0001] ...1 clients are selected and updated (with total sample size: 4984)! Time: 5409.756018638611sec
[INFO](2023/03/24/ 11:48:01 AM) [Round: 0001] Evaluate selected 1 clients' models...!
[INFO](2023/03/24/ 12:17:46 PM) [Round: 0001] ...finished evaluation of 1 selected clients!
[INFO](2023/03/24/ 12:17:47 PM) [Round: 0001] Aggregate updated weights of 1 clients...!
[INFO](2023/03/24/ 12:17:47 PM) [Round: 0001] ...updated weights of 1 clients are successfully averaged!
[INFO](2023/03/24/ 12:27:50 PM) [Round: 0001] Evaluate global model's performance...!                
	[Server] ...finished evaluation!                
	=> Loss: 0.7282                
	=> Accuracy: 71.51%

[INFO](2023/03/24/ 12:27:50 PM) [Round: 0002] Select clients...!
[INFO](2023/03/24/ 12:27:50 PM) [Round: 0002] ...successfully transmitted models to 1 selected clients!
[INFO](2023/03/24/ 12:27:50 PM) [Round: 0002] Start updating selected 1 clients...!
[INFO](2023/03/24/ 02:10:48 PM) [Round: 0002] ...1 clients are selected and updated (with total sample size: 4984)! Time: 6178.467315196991sec
[INFO](2023/03/24/ 02:10:48 PM) [Round: 0002] Evaluate selected 1 clients' models...!
[INFO](2023/03/24/ 02:41:42 PM) [Round: 0002] ...finished evaluation of 1 selected clients!
[INFO](2023/03/24/ 02:41:42 PM) [Round: 0002] Aggregate updated weights of 1 clients...!
[INFO](2023/03/24/ 02:41:42 PM) [Round: 0002] ...updated weights of 1 clients are successfully averaged!
[INFO](2023/03/24/ 02:51:49 PM) [Round: 0002] Evaluate global model's performance...!                
	[Server] ...finished evaluation!                
	=> Loss: 0.6355                
	=> Accuracy: 77.82%

[INFO](2023/03/24/ 02:51:49 PM) [Round: 0003] Select clients...!
[INFO](2023/03/24/ 02:51:49 PM) [Round: 0003] ...successfully transmitted models to 1 selected clients!
[INFO](2023/03/24/ 02:51:49 PM) [Round: 0003] Start updating selected 1 clients...!
