[INFO](2023/03/22/ 08:07:55 PM) 
[WELCOME] Unfolding configurations...!
[INFO](2023/03/22/ 08:07:55 PM) {'global_config': {'seed': 5959, 'device': 'cuda', 'is_mp': False}}
[INFO](2023/03/22/ 08:07:55 PM) {'data_config': {'data_path': '../processed', 'dataset_name': 'MNIST', 'num_shards': 200, 'iid': False}}
[INFO](2023/03/22/ 08:07:55 PM) {'fed_config': {'C': 0.1, 'K': 1, 'R': 500, 'E': 1, 'B': 2, 'criterion': 'torch.nn.CrossEntropyLoss', 'optimizer': 'torch.optim.SGD'}}
[INFO](2023/03/22/ 08:07:55 PM) {'optim_config': {'lr': 5e-07, 'momentum': 0.9, 'weight_decay': 0.0001}}
[INFO](2023/03/22/ 08:07:55 PM) {'init_config': {'init_type': 'xavier', 'init_gain': 1.0, 'gpu_ids': [0]}}
[INFO](2023/03/22/ 08:07:55 PM) {'model_config': {'name': 'CNN', 'in_channels': 1, 'hidden_channels': 32, 'num_hiddens': 512, 'num_classes': 10}}
[INFO](2023/03/22/ 08:07:55 PM) {'log_config': {'log_path': './log/2023-03-22_20:07:52', 'log_name': 'FL.log', 'tb_port': 5252, 'tb_host': '0.0.0.0'}}
[INFO](2023/03/22/ 08:07:57 PM) [Round: 0000] ...successfully initialized model (# parameters: 37870688)!
[INFO](2023/03/22/ 08:50:43 PM) [Round: 0000] ...successfully created all 1 clients!
[INFO](2023/03/22/ 08:50:43 PM) [Round: 0000] ...successfully finished setup of all 1 clients!
[INFO](2023/03/22/ 08:50:43 PM) [Round: 0000] ...successfully transmitted models to all 1 clients!
[INFO](2023/03/22/ 08:50:43 PM) [Round: 0001] Select clients...!
[INFO](2023/03/22/ 08:50:43 PM) [Round: 0001] ...successfully transmitted models to 1 selected clients!
[INFO](2023/03/22/ 08:50:43 PM) [Round: 0001] Start updating selected 1 clients...!
[INFO](2023/03/22/ 09:53:36 PM) [Round: 0001] ...1 clients are selected and updated (with total sample size: 4984)! Time: 3773.3834743499756sec
[INFO](2023/03/22/ 09:53:36 PM) [Round: 0001] Evaluate selected 1 clients' models...!
[INFO](2023/03/22/ 10:16:19 PM) [Round: 0001] ...finished evaluation of 1 selected clients!
[INFO](2023/03/22/ 10:16:19 PM) [Round: 0001] Aggregate updated weights of 1 clients...!
[INFO](2023/03/22/ 10:16:19 PM) [Round: 0001] ...updated weights of 1 clients are successfully averaged!
[INFO](2023/03/22/ 10:24:04 PM) [Round: 0001] Evaluate global model's performance...!                
	[Server] ...finished evaluation!                
	=> Loss: 0.6993                
	=> Accuracy: 66.95%

[INFO](2023/03/22/ 10:24:04 PM) [Round: 0002] Select clients...!
[INFO](2023/03/22/ 10:24:04 PM) [Round: 0002] ...successfully transmitted models to 1 selected clients!
[INFO](2023/03/22/ 10:24:04 PM) [Round: 0002] Start updating selected 1 clients...!
[INFO](2023/03/22/ 11:31:16 PM) [Round: 0002] ...1 clients are selected and updated (with total sample size: 4984)! Time: 4031.238398551941sec
[INFO](2023/03/22/ 11:31:16 PM) [Round: 0002] Evaluate selected 1 clients' models...!
[INFO](2023/03/22/ 11:54:54 PM) [Round: 0002] ...finished evaluation of 1 selected clients!
[INFO](2023/03/22/ 11:54:54 PM) [Round: 0002] Aggregate updated weights of 1 clients...!
[INFO](2023/03/22/ 11:54:55 PM) [Round: 0002] ...updated weights of 1 clients are successfully averaged!
[INFO](2023/03/23/ 12:02:38 AM) [Round: 0002] Evaluate global model's performance...!                
	[Server] ...finished evaluation!                
	=> Loss: 0.8757                
	=> Accuracy: 70.67%

[INFO](2023/03/23/ 12:02:38 AM) [Round: 0003] Select clients...!
[INFO](2023/03/23/ 12:02:38 AM) [Round: 0003] ...successfully transmitted models to 1 selected clients!
[INFO](2023/03/23/ 12:02:38 AM) [Round: 0003] Start updating selected 1 clients...!
[INFO](2023/03/23/ 01:09:01 AM) [Round: 0003] ...1 clients are selected and updated (with total sample size: 4984)! Time: 3983.4058945178986sec
[INFO](2023/03/23/ 01:09:01 AM) [Round: 0003] Evaluate selected 1 clients' models...!
[INFO](2023/03/23/ 01:32:34 AM) [Round: 0003] ...finished evaluation of 1 selected clients!
[INFO](2023/03/23/ 01:32:34 AM) [Round: 0003] Aggregate updated weights of 1 clients...!
[INFO](2023/03/23/ 01:32:34 AM) [Round: 0003] ...updated weights of 1 clients are successfully averaged!
[INFO](2023/03/23/ 01:40:16 AM) [Round: 0003] Evaluate global model's performance...!                
	[Server] ...finished evaluation!                
	=> Loss: 0.7486                
	=> Accuracy: 69.41%

[INFO](2023/03/23/ 01:40:16 AM) [Round: 0004] Select clients...!
[INFO](2023/03/23/ 01:40:16 AM) [Round: 0004] ...successfully transmitted models to 1 selected clients!
[INFO](2023/03/23/ 01:40:16 AM) [Round: 0004] Start updating selected 1 clients...!
[INFO](2023/03/23/ 02:48:03 AM) [Round: 0004] ...1 clients are selected and updated (with total sample size: 4984)! Time: 4067.520444393158sec
[INFO](2023/03/23/ 02:48:03 AM) [Round: 0004] Evaluate selected 1 clients' models...!
[INFO](2023/03/23/ 03:11:38 AM) [Round: 0004] ...finished evaluation of 1 selected clients!
[INFO](2023/03/23/ 03:11:38 AM) [Round: 0004] Aggregate updated weights of 1 clients...!
[INFO](2023/03/23/ 03:11:38 AM) [Round: 0004] ...updated weights of 1 clients are successfully averaged!
[INFO](2023/03/23/ 03:19:17 AM) [Round: 0004] Evaluate global model's performance...!                
	[Server] ...finished evaluation!                
	=> Loss: 1.0317                
	=> Accuracy: 59.86%

[INFO](2023/03/23/ 03:19:17 AM) [Round: 0005] Select clients...!
[INFO](2023/03/23/ 03:19:17 AM) [Round: 0005] ...successfully transmitted models to 1 selected clients!
[INFO](2023/03/23/ 03:19:17 AM) [Round: 0005] Start updating selected 1 clients...!
[INFO](2023/03/23/ 04:25:52 AM) [Round: 0005] ...1 clients are selected and updated (with total sample size: 4984)! Time: 3994.6927003860474sec
[INFO](2023/03/23/ 04:25:52 AM) [Round: 0005] Evaluate selected 1 clients' models...!
[INFO](2023/03/23/ 04:49:28 AM) [Round: 0005] ...finished evaluation of 1 selected clients!
[INFO](2023/03/23/ 04:49:28 AM) [Round: 0005] Aggregate updated weights of 1 clients...!
[INFO](2023/03/23/ 04:49:28 AM) [Round: 0005] ...updated weights of 1 clients are successfully averaged!
[INFO](2023/03/23/ 04:57:08 AM) [Round: 0005] Evaluate global model's performance...!                
	[Server] ...finished evaluation!                
	=> Loss: 0.6350                
	=> Accuracy: 73.44%

[INFO](2023/03/23/ 04:57:08 AM) [Round: 0006] Select clients...!
[INFO](2023/03/23/ 04:57:08 AM) [Round: 0006] ...successfully transmitted models to 1 selected clients!
[INFO](2023/03/23/ 04:57:08 AM) [Round: 0006] Start updating selected 1 clients...!
[INFO](2023/03/23/ 06:03:33 AM) [Round: 0006] ...1 clients are selected and updated (with total sample size: 4984)! Time: 3984.4357306957245sec
[INFO](2023/03/23/ 06:03:33 AM) [Round: 0006] Evaluate selected 1 clients' models...!
[INFO](2023/03/23/ 06:27:08 AM) [Round: 0006] ...finished evaluation of 1 selected clients!
[INFO](2023/03/23/ 06:27:09 AM) [Round: 0006] Aggregate updated weights of 1 clients...!
[INFO](2023/03/23/ 06:27:09 AM) [Round: 0006] ...updated weights of 1 clients are successfully averaged!
[INFO](2023/03/23/ 06:34:51 AM) [Round: 0006] Evaluate global model's performance...!                
	[Server] ...finished evaluation!                
	=> Loss: 0.7320                
	=> Accuracy: 72.06%

[INFO](2023/03/23/ 06:34:51 AM) [Round: 0007] Select clients...!
[INFO](2023/03/23/ 06:34:51 AM) [Round: 0007] ...successfully transmitted models to 1 selected clients!
[INFO](2023/03/23/ 06:34:51 AM) [Round: 0007] Start updating selected 1 clients...!
[INFO](2023/03/23/ 07:43:24 AM) [Round: 0007] ...1 clients are selected and updated (with total sample size: 4984)! Time: 4112.396307229996sec
[INFO](2023/03/23/ 07:43:24 AM) [Round: 0007] Evaluate selected 1 clients' models...!
[INFO](2023/03/23/ 08:07:01 AM) [Round: 0007] ...finished evaluation of 1 selected clients!
[INFO](2023/03/23/ 08:07:01 AM) [Round: 0007] Aggregate updated weights of 1 clients...!
[INFO](2023/03/23/ 08:07:02 AM) [Round: 0007] ...updated weights of 1 clients are successfully averaged!
[INFO](2023/03/23/ 08:14:43 AM) [Round: 0007] Evaluate global model's performance...!                
	[Server] ...finished evaluation!                
	=> Loss: 0.9287                
	=> Accuracy: 79.03%

[INFO](2023/03/23/ 08:14:43 AM) [Round: 0008] Select clients...!
[INFO](2023/03/23/ 08:14:43 AM) [Round: 0008] ...successfully transmitted models to 1 selected clients!
[INFO](2023/03/23/ 08:14:43 AM) [Round: 0008] Start updating selected 1 clients...!
[INFO](2023/03/23/ 09:21:31 AM) [Round: 0008] ...1 clients are selected and updated (with total sample size: 4984)! Time: 4007.669043302536sec
[INFO](2023/03/23/ 09:21:31 AM) [Round: 0008] Evaluate selected 1 clients' models...!
