[INFO](2023/03/21/ 08:20:52 PM) 
[WELCOME] Unfolding configurations...!
[INFO](2023/03/21/ 08:20:52 PM) {'global_config': {'seed': 5959, 'device': 'cuda', 'is_mp': False}}
[INFO](2023/03/21/ 08:20:52 PM) {'data_config': {'data_path': '../processed', 'dataset_name': 'MNIST', 'num_shards': 200, 'iid': False}}
[INFO](2023/03/21/ 08:20:52 PM) {'fed_config': {'C': 0.1, 'K': 1, 'R': 500, 'E': 1, 'B': 2, 'criterion': 'torch.nn.CrossEntropyLoss', 'optimizer': 'torch.optim.SGD'}}
[INFO](2023/03/21/ 08:20:52 PM) {'optim_config': {'lr': 5e-07, 'momentum': 0.9, 'weight_decay': 0.0001}}
[INFO](2023/03/21/ 08:20:52 PM) {'init_config': {'init_type': 'xavier', 'init_gain': 1.0, 'gpu_ids': [0]}}
[INFO](2023/03/21/ 08:20:52 PM) {'model_config': {'name': 'CNN', 'in_channels': 1, 'hidden_channels': 32, 'num_hiddens': 512, 'num_classes': 10}}
[INFO](2023/03/21/ 08:20:52 PM) {'log_config': {'log_path': './log/2023-03-21_20:20:49', 'log_name': 'FL.log', 'tb_port': 5252, 'tb_host': '0.0.0.0'}}
[INFO](2023/03/21/ 08:20:53 PM) [Round: 0000] ...successfully initialized model (# parameters: 38132064)!
[INFO](2023/03/21/ 08:41:20 PM) [Round: 0000] ...successfully created all 1 clients!
[INFO](2023/03/21/ 08:41:20 PM) [Round: 0000] ...successfully finished setup of all 1 clients!
[INFO](2023/03/21/ 08:41:20 PM) [Round: 0000] ...successfully transmitted models to all 1 clients!
[INFO](2023/03/21/ 08:41:20 PM) [Round: 0001] Select clients...!
[INFO](2023/03/21/ 08:41:20 PM) [Round: 0001] ...successfully transmitted models to 1 selected clients!
[INFO](2023/03/21/ 08:41:20 PM) [Round: 0001] Start updating selected 1 clients...!
[INFO](2023/03/21/ 09:21:04 PM) [Round: 0001] ...1 clients are selected and updated (with total sample size: 4984)! Time: 2383.9300758838654sec
[INFO](2023/03/21/ 09:21:04 PM) [Round: 0001] Evaluate selected 1 clients' models...!
[INFO](2023/03/21/ 09:41:36 PM) [Round: 0001] ...finished evaluation of 1 selected clients!
[INFO](2023/03/21/ 09:41:36 PM) [Round: 0001] Aggregate updated weights of 1 clients...!
[INFO](2023/03/21/ 09:41:36 PM) [Round: 0001] ...updated weights of 1 clients are successfully averaged!
[INFO](2023/03/21/ 09:48:29 PM) [Round: 0001] Evaluate global model's performance...!                
	[Server] ...finished evaluation!                
	=> Loss: 0.4951                
	=> Accuracy: 80.05%

[INFO](2023/03/21/ 09:48:29 PM) [Round: 0002] Select clients...!
[INFO](2023/03/21/ 09:48:30 PM) [Round: 0002] ...successfully transmitted models to 1 selected clients!
[INFO](2023/03/21/ 09:48:30 PM) [Round: 0002] Start updating selected 1 clients...!
[INFO](2023/03/21/ 10:40:36 PM) [Round: 0002] ...1 clients are selected and updated (with total sample size: 4984)! Time: 3126.4220004081726sec
[INFO](2023/03/21/ 10:40:36 PM) [Round: 0002] Evaluate selected 1 clients' models...!
[INFO](2023/03/21/ 11:01:46 PM) [Round: 0002] ...finished evaluation of 1 selected clients!
[INFO](2023/03/21/ 11:01:46 PM) [Round: 0002] Aggregate updated weights of 1 clients...!
[INFO](2023/03/21/ 11:01:47 PM) [Round: 0002] ...updated weights of 1 clients are successfully averaged!
[INFO](2023/03/21/ 11:08:38 PM) [Round: 0002] Evaluate global model's performance...!                
	[Server] ...finished evaluation!                
	=> Loss: 1.1655                
	=> Accuracy: 72.48%

[INFO](2023/03/21/ 11:08:38 PM) [Round: 0003] Select clients...!
[INFO](2023/03/21/ 11:08:38 PM) [Round: 0003] ...successfully transmitted models to 1 selected clients!
[INFO](2023/03/21/ 11:08:38 PM) [Round: 0003] Start updating selected 1 clients...!
[INFO](2023/03/22/ 12:00:45 AM) [Round: 0003] ...1 clients are selected and updated (with total sample size: 4984)! Time: 3126.908191204071sec
[INFO](2023/03/22/ 12:00:45 AM) [Round: 0003] Evaluate selected 1 clients' models...!
[INFO](2023/03/22/ 12:21:52 AM) [Round: 0003] ...finished evaluation of 1 selected clients!
[INFO](2023/03/22/ 12:21:52 AM) [Round: 0003] Aggregate updated weights of 1 clients...!
[INFO](2023/03/22/ 12:21:52 AM) [Round: 0003] ...updated weights of 1 clients are successfully averaged!
[INFO](2023/03/22/ 12:28:44 AM) [Round: 0003] Evaluate global model's performance...!                
	[Server] ...finished evaluation!                
	=> Loss: 0.9843                
	=> Accuracy: 73.50%

[INFO](2023/03/22/ 12:28:44 AM) [Round: 0004] Select clients...!
[INFO](2023/03/22/ 12:28:44 AM) [Round: 0004] ...successfully transmitted models to 1 selected clients!
[INFO](2023/03/22/ 12:28:44 AM) [Round: 0004] Start updating selected 1 clients...!
[INFO](2023/03/22/ 01:20:49 AM) [Round: 0004] ...1 clients are selected and updated (with total sample size: 4984)! Time: 3124.937570333481sec
[INFO](2023/03/22/ 01:20:49 AM) [Round: 0004] Evaluate selected 1 clients' models...!
[INFO](2023/03/22/ 01:42:01 AM) [Round: 0004] ...finished evaluation of 1 selected clients!
[INFO](2023/03/22/ 01:42:01 AM) [Round: 0004] Aggregate updated weights of 1 clients...!
[INFO](2023/03/22/ 01:42:01 AM) [Round: 0004] ...updated weights of 1 clients are successfully averaged!
[INFO](2023/03/22/ 01:48:56 AM) [Round: 0004] Evaluate global model's performance...!                
	[Server] ...finished evaluation!                
	=> Loss: 0.9347                
	=> Accuracy: 75.60%

[INFO](2023/03/22/ 01:48:56 AM) [Round: 0005] Select clients...!
[INFO](2023/03/22/ 01:48:56 AM) [Round: 0005] ...successfully transmitted models to 1 selected clients!
[INFO](2023/03/22/ 01:48:56 AM) [Round: 0005] Start updating selected 1 clients...!
[INFO](2023/03/22/ 02:41:06 AM) [Round: 0005] ...1 clients are selected and updated (with total sample size: 4984)! Time: 3130.049971103668sec
[INFO](2023/03/22/ 02:41:06 AM) [Round: 0005] Evaluate selected 1 clients' models...!
[INFO](2023/03/22/ 03:02:20 AM) [Round: 0005] ...finished evaluation of 1 selected clients!
[INFO](2023/03/22/ 03:02:20 AM) [Round: 0005] Aggregate updated weights of 1 clients...!
[INFO](2023/03/22/ 03:02:20 AM) [Round: 0005] ...updated weights of 1 clients are successfully averaged!
[INFO](2023/03/22/ 03:09:14 AM) [Round: 0005] Evaluate global model's performance...!                
	[Server] ...finished evaluation!                
	=> Loss: 1.1159                
	=> Accuracy: 68.75%

[INFO](2023/03/22/ 03:09:15 AM) [Round: 0006] Select clients...!
[INFO](2023/03/22/ 03:09:15 AM) [Round: 0006] ...successfully transmitted models to 1 selected clients!
[INFO](2023/03/22/ 03:09:15 AM) [Round: 0006] Start updating selected 1 clients...!
[INFO](2023/03/22/ 04:02:23 AM) [Round: 0006] ...1 clients are selected and updated (with total sample size: 4984)! Time: 3188.5895495414734sec
[INFO](2023/03/22/ 04:02:23 AM) [Round: 0006] Evaluate selected 1 clients' models...!
[INFO](2023/03/22/ 04:23:37 AM) [Round: 0006] ...finished evaluation of 1 selected clients!
[INFO](2023/03/22/ 04:23:37 AM) [Round: 0006] Aggregate updated weights of 1 clients...!
[INFO](2023/03/22/ 04:23:37 AM) [Round: 0006] ...updated weights of 1 clients are successfully averaged!
[INFO](2023/03/22/ 04:30:33 AM) [Round: 0006] Evaluate global model's performance...!                
	[Server] ...finished evaluation!                
	=> Loss: 1.2064                
	=> Accuracy: 83.05%

[INFO](2023/03/22/ 04:30:33 AM) [Round: 0007] Select clients...!
[INFO](2023/03/22/ 04:30:33 AM) [Round: 0007] ...successfully transmitted models to 1 selected clients!
[INFO](2023/03/22/ 04:30:33 AM) [Round: 0007] Start updating selected 1 clients...!
[INFO](2023/03/22/ 05:23:50 AM) [Round: 0007] ...1 clients are selected and updated (with total sample size: 4984)! Time: 3197.064635038376sec
[INFO](2023/03/22/ 05:23:50 AM) [Round: 0007] Evaluate selected 1 clients' models...!
[INFO](2023/03/22/ 05:45:04 AM) [Round: 0007] ...finished evaluation of 1 selected clients!
[INFO](2023/03/22/ 05:45:04 AM) [Round: 0007] Aggregate updated weights of 1 clients...!
[INFO](2023/03/22/ 05:45:04 AM) [Round: 0007] ...updated weights of 1 clients are successfully averaged!
[INFO](2023/03/22/ 05:52:00 AM) [Round: 0007] Evaluate global model's performance...!                
	[Server] ...finished evaluation!                
	=> Loss: 1.0456                
	=> Accuracy: 72.48%

[INFO](2023/03/22/ 05:52:00 AM) [Round: 0008] Select clients...!
[INFO](2023/03/22/ 05:52:00 AM) [Round: 0008] ...successfully transmitted models to 1 selected clients!
[INFO](2023/03/22/ 05:52:00 AM) [Round: 0008] Start updating selected 1 clients...!
[INFO](2023/03/22/ 06:44:31 AM) [Round: 0008] ...1 clients are selected and updated (with total sample size: 4984)! Time: 3150.3574481010437sec
[INFO](2023/03/22/ 06:44:31 AM) [Round: 0008] Evaluate selected 1 clients' models...!
[INFO](2023/03/22/ 07:05:38 AM) [Round: 0008] ...finished evaluation of 1 selected clients!
[INFO](2023/03/22/ 07:05:38 AM) [Round: 0008] Aggregate updated weights of 1 clients...!
[INFO](2023/03/22/ 07:05:38 AM) [Round: 0008] ...updated weights of 1 clients are successfully averaged!
[INFO](2023/03/22/ 07:12:33 AM) [Round: 0008] Evaluate global model's performance...!                
	[Server] ...finished evaluation!                
	=> Loss: 1.5605                
	=> Accuracy: 84.01%

[INFO](2023/03/22/ 07:12:33 AM) [Round: 0009] Select clients...!
[INFO](2023/03/22/ 07:12:33 AM) [Round: 0009] ...successfully transmitted models to 1 selected clients!
[INFO](2023/03/22/ 07:12:33 AM) [Round: 0009] Start updating selected 1 clients...!
[INFO](2023/03/22/ 08:05:04 AM) [Round: 0009] ...1 clients are selected and updated (with total sample size: 4984)! Time: 3151.413566827774sec
[INFO](2023/03/22/ 08:05:04 AM) [Round: 0009] Evaluate selected 1 clients' models...!
[INFO](2023/03/22/ 08:26:12 AM) [Round: 0009] ...finished evaluation of 1 selected clients!
[INFO](2023/03/22/ 08:26:12 AM) [Round: 0009] Aggregate updated weights of 1 clients...!
[INFO](2023/03/22/ 08:26:12 AM) [Round: 0009] ...updated weights of 1 clients are successfully averaged!
[INFO](2023/03/22/ 08:33:07 AM) [Round: 0009] Evaluate global model's performance...!                
	[Server] ...finished evaluation!                
	=> Loss: 1.1044                
	=> Accuracy: 73.38%

[INFO](2023/03/22/ 08:33:07 AM) [Round: 0010] Select clients...!
[INFO](2023/03/22/ 08:33:07 AM) [Round: 0010] ...successfully transmitted models to 1 selected clients!
[INFO](2023/03/22/ 08:33:07 AM) [Round: 0010] Start updating selected 1 clients...!
[INFO](2023/03/22/ 09:25:42 AM) [Round: 0010] ...1 clients are selected and updated (with total sample size: 4984)! Time: 3154.97620344162sec
[INFO](2023/03/22/ 09:25:42 AM) [Round: 0010] Evaluate selected 1 clients' models...!
[INFO](2023/03/22/ 09:46:54 AM) [Round: 0010] ...finished evaluation of 1 selected clients!
[INFO](2023/03/22/ 09:46:54 AM) [Round: 0010] Aggregate updated weights of 1 clients...!
[INFO](2023/03/22/ 09:46:55 AM) [Round: 0010] ...updated weights of 1 clients are successfully averaged!
