[INFO](2023/04/01/ 09:36:41 AM) 
[WELCOME] Unfolding configurations...!
[INFO](2023/04/01/ 09:36:41 AM) {'global_config': {'seed': 5959, 'device': 'cuda', 'is_mp': False}}
[INFO](2023/04/01/ 09:36:41 AM) {'data_config': {'data_path': '../processed', 'dataset_name': 'MNIST', 'num_shards': 200, 'iid': False}}
[INFO](2023/04/01/ 09:36:41 AM) {'fed_config': {'C': 0.1, 'K': 1, 'R': 500, 'E': 1, 'B': 2, 'criterion': 'torch.nn.CrossEntropyLoss', 'optimizer': 'torch.optim.SGD'}}
[INFO](2023/04/01/ 09:36:41 AM) {'optim_config': {'lr': 5e-07, 'momentum': 0.9, 'weight_decay': 0.0001}}
[INFO](2023/04/01/ 09:36:41 AM) {'init_config': {'init_type': 'xavier', 'init_gain': 1.0, 'gpu_ids': [0]}}
[INFO](2023/04/01/ 09:36:41 AM) {'model_config': {'name': 'CNN', 'in_channels': 1, 'hidden_channels': 32, 'num_hiddens': 512, 'num_classes': 10}}
[INFO](2023/04/01/ 09:36:41 AM) {'log_config': {'log_path': './log/2023-04-01_09:36:38', 'log_name': 'FL.log', 'tb_port': 5252, 'tb_host': '0.0.0.0'}}
[INFO](2023/04/01/ 09:36:43 AM) [Round: 0000] ...successfully initialized model (# parameters: 37606496)!
[INFO](2023/04/01/ 10:07:58 AM) [Round: 0000] ...successfully created all 1 clients!
[INFO](2023/04/01/ 10:07:58 AM) [Round: 0000] ...successfully finished setup of all 1 clients!
[INFO](2023/04/01/ 10:07:58 AM) [Round: 0000] ...successfully transmitted models to all 1 clients!
[INFO](2023/04/01/ 10:07:58 AM) [Round: 0001] Select clients...!
[INFO](2023/04/01/ 10:07:58 AM) [Round: 0001] ...successfully transmitted models to 1 selected clients!
[INFO](2023/04/01/ 10:07:58 AM) [Round: 0001] Start updating selected 1 clients...!
[INFO](2023/04/01/ 10:38:36 AM) [Round: 0001] ...1 clients are selected and updated (with total sample size: 3443)! Time: 1837.381775379181sec
[INFO](2023/04/01/ 10:38:36 AM) [Round: 0001] Evaluate selected 1 clients' models...!
[INFO](2023/04/01/ 10:52:09 AM) [Round: 0001] ...finished evaluation of 1 selected clients!
[INFO](2023/04/01/ 10:52:09 AM) [Round: 0001] Aggregate updated weights of 1 clients...!
[INFO](2023/04/01/ 10:52:09 AM) [Round: 0001] ...updated weights of 1 clients are successfully averaged!
[INFO](2023/04/01/ 10:55:26 AM) [Round: 0001] Evaluate global model's performance...!                
	[Server] ...finished evaluation!                
	=> Loss: 0.8357                
	=> Accuracy: 83.29%

[INFO](2023/04/01/ 10:55:26 AM) [Round: 0002] Select clients...!
[INFO](2023/04/01/ 10:55:26 AM) [Round: 0002] ...successfully transmitted models to 1 selected clients!
[INFO](2023/04/01/ 10:55:26 AM) [Round: 0002] Start updating selected 1 clients...!
[INFO](2023/04/01/ 11:30:16 AM) [Round: 0002] ...1 clients are selected and updated (with total sample size: 3443)! Time: 2089.0273745059967sec
[INFO](2023/04/01/ 11:30:16 AM) [Round: 0002] Evaluate selected 1 clients' models...!
[INFO](2023/04/01/ 11:44:06 AM) [Round: 0002] ...finished evaluation of 1 selected clients!
[INFO](2023/04/01/ 11:44:06 AM) [Round: 0002] Aggregate updated weights of 1 clients...!
[INFO](2023/04/01/ 11:44:06 AM) [Round: 0002] ...updated weights of 1 clients are successfully averaged!
[INFO](2023/04/01/ 11:47:24 AM) [Round: 0002] Evaluate global model's performance...!                
	[Server] ...finished evaluation!                
	=> Loss: 0.7538                
	=> Accuracy: 87.01%

[INFO](2023/04/01/ 11:47:24 AM) [Round: 0003] Select clients...!
[INFO](2023/04/01/ 11:47:24 AM) [Round: 0003] ...successfully transmitted models to 1 selected clients!
[INFO](2023/04/01/ 11:47:24 AM) [Round: 0003] Start updating selected 1 clients...!
[INFO](2023/04/01/ 12:22:13 PM) [Round: 0003] ...1 clients are selected and updated (with total sample size: 3443)! Time: 2088.8160622119904sec
[INFO](2023/04/01/ 12:22:13 PM) [Round: 0003] Evaluate selected 1 clients' models...!
[INFO](2023/04/01/ 12:36:06 PM) [Round: 0003] ...finished evaluation of 1 selected clients!
[INFO](2023/04/01/ 12:36:06 PM) [Round: 0003] Aggregate updated weights of 1 clients...!
[INFO](2023/04/01/ 12:36:07 PM) [Round: 0003] ...updated weights of 1 clients are successfully averaged!
[INFO](2023/04/01/ 12:39:25 PM) [Round: 0003] Evaluate global model's performance...!                
	[Server] ...finished evaluation!                
	=> Loss: 0.8017                
	=> Accuracy: 74.71%

[INFO](2023/04/01/ 12:39:25 PM) [Round: 0004] Select clients...!
[INFO](2023/04/01/ 12:39:25 PM) [Round: 0004] ...successfully transmitted models to 1 selected clients!
[INFO](2023/04/01/ 12:39:25 PM) [Round: 0004] Start updating selected 1 clients...!
[INFO](2023/04/01/ 01:14:17 PM) [Round: 0004] ...1 clients are selected and updated (with total sample size: 3443)! Time: 2092.061618566513sec
[INFO](2023/04/01/ 01:14:17 PM) [Round: 0004] Evaluate selected 1 clients' models...!
[INFO](2023/04/01/ 01:28:12 PM) [Round: 0004] ...finished evaluation of 1 selected clients!
[INFO](2023/04/01/ 01:28:12 PM) [Round: 0004] Aggregate updated weights of 1 clients...!
[INFO](2023/04/01/ 01:28:12 PM) [Round: 0004] ...updated weights of 1 clients are successfully averaged!
[INFO](2023/04/01/ 01:31:30 PM) [Round: 0004] Evaluate global model's performance...!                
	[Server] ...finished evaluation!                
	=> Loss: 0.9873                
	=> Accuracy: 60.21%

[INFO](2023/04/01/ 01:31:31 PM) [Round: 0005] Select clients...!
[INFO](2023/04/01/ 01:31:31 PM) [Round: 0005] ...successfully transmitted models to 1 selected clients!
[INFO](2023/04/01/ 01:31:31 PM) [Round: 0005] Start updating selected 1 clients...!
[INFO](2023/04/01/ 02:06:23 PM) [Round: 0005] ...1 clients are selected and updated (with total sample size: 3443)! Time: 2092.3450660705566sec
[INFO](2023/04/01/ 02:06:23 PM) [Round: 0005] Evaluate selected 1 clients' models...!
[INFO](2023/04/01/ 02:20:18 PM) [Round: 0005] ...finished evaluation of 1 selected clients!
[INFO](2023/04/01/ 02:20:18 PM) [Round: 0005] Aggregate updated weights of 1 clients...!
[INFO](2023/04/01/ 02:20:18 PM) [Round: 0005] ...updated weights of 1 clients are successfully averaged!
[INFO](2023/04/01/ 02:23:36 PM) [Round: 0005] Evaluate global model's performance...!                
	[Server] ...finished evaluation!                
	=> Loss: 0.8892                
	=> Accuracy: 83.18%

[INFO](2023/04/01/ 02:23:36 PM) [Round: 0006] Select clients...!
[INFO](2023/04/01/ 02:23:36 PM) [Round: 0006] ...successfully transmitted models to 1 selected clients!
[INFO](2023/04/01/ 02:23:36 PM) [Round: 0006] Start updating selected 1 clients...!
[INFO](2023/04/01/ 02:58:19 PM) [Round: 0006] ...1 clients are selected and updated (with total sample size: 3443)! Time: 2083.2735702991486sec
[INFO](2023/04/01/ 02:58:19 PM) [Round: 0006] Evaluate selected 1 clients' models...!
