[INFO](2023/03/16/ 10:18:11 AM) 
[WELCOME] Unfolding configurations...!
[INFO](2023/03/16/ 10:18:11 AM) {'global_config': {'seed': 5959, 'device': 'cuda', 'is_mp': False}}
[INFO](2023/03/16/ 10:18:11 AM) {'data_config': {'data_path': '../processed', 'dataset_name': 'MNIST', 'num_shards': 200, 'iid': False}}
[INFO](2023/03/16/ 10:18:11 AM) {'fed_config': {'C': 0.1, 'K': 1, 'R': 500, 'E': 1, 'B': 2, 'criterion': 'torch.nn.CrossEntropyLoss', 'optimizer': 'torch.optim.SGD'}}
[INFO](2023/03/16/ 10:18:11 AM) {'optim_config': {'lr': 5e-07, 'momentum': 0.9, 'weight_decay': 0.0001}}
[INFO](2023/03/16/ 10:18:11 AM) {'init_config': {'init_type': 'xavier', 'init_gain': 1.0, 'gpu_ids': [0]}}
[INFO](2023/03/16/ 10:18:11 AM) {'model_config': {'name': 'CNN', 'in_channels': 1, 'hidden_channels': 32, 'num_hiddens': 512, 'num_classes': 10}}
[INFO](2023/03/16/ 10:18:11 AM) {'log_config': {'log_path': './log/2023-03-16_10:18:08', 'log_name': 'FL.log', 'tb_port': 5252, 'tb_host': '0.0.0.0'}}
[INFO](2023/03/16/ 10:18:12 AM) [Round: 0000] ...successfully initialized model (# parameters: 34457696)!
[INFO](2023/03/16/ 10:18:27 AM) [Round: 0000] ...successfully created all 1 clients!
[INFO](2023/03/16/ 10:18:27 AM) [Round: 0000] ...successfully finished setup of all 1 clients!
[INFO](2023/03/16/ 10:18:27 AM) [Round: 0000] ...successfully transmitted models to all 1 clients!
[INFO](2023/03/16/ 10:18:27 AM) [Round: 0001] Select clients...!
[INFO](2023/03/16/ 10:18:27 AM) [Round: 0001] ...successfully transmitted models to 1 selected clients!
[INFO](2023/03/16/ 10:18:27 AM) [Round: 0001] Start updating selected 1 clients...!
[INFO](2023/03/16/ 10:53:49 AM) [Round: 0001] ...1 clients are selected and updated (with total sample size: 5086)!
[INFO](2023/03/16/ 10:53:49 AM) [Round: 0001] Evaluate selected 1 clients' models...!
[INFO](2023/03/16/ 11:12:16 AM) [Round: 0001] ...finished evaluation of 1 selected clients!
[INFO](2023/03/16/ 11:12:16 AM) [Round: 0001] Aggregate updated weights of 1 clients...!
[INFO](2023/03/16/ 11:12:17 AM) [Round: 0001] ...updated weights of 1 clients are successfully averaged!
[INFO](2023/03/16/ 11:18:45 AM) [Round: 0001] Evaluate global model's performance...!                
	[Server] ...finished evaluation!                
	=> Loss: 0.7331                
	=> Accuracy: 71.90%

[INFO](2023/03/16/ 11:18:45 AM) [Round: 0002] Select clients...!
[INFO](2023/03/16/ 11:18:46 AM) [Round: 0002] ...successfully transmitted models to 1 selected clients!
[INFO](2023/03/16/ 11:18:46 AM) [Round: 0002] Start updating selected 1 clients...!
[INFO](2023/03/16/ 11:57:20 AM) [Round: 0002] ...1 clients are selected and updated (with total sample size: 5086)!
[INFO](2023/03/16/ 11:57:20 AM) [Round: 0002] Evaluate selected 1 clients' models...!
[INFO](2023/03/16/ 12:16:15 PM) [Round: 0002] ...finished evaluation of 1 selected clients!
[INFO](2023/03/16/ 12:16:15 PM) [Round: 0002] Aggregate updated weights of 1 clients...!
[INFO](2023/03/16/ 12:16:15 PM) [Round: 0002] ...updated weights of 1 clients are successfully averaged!
[INFO](2023/03/16/ 12:22:34 PM) [Round: 0002] Evaluate global model's performance...!                
	[Server] ...finished evaluation!                
	=> Loss: 1.5503                
	=> Accuracy: 65.17%

[INFO](2023/03/16/ 12:22:34 PM) [Round: 0003] Select clients...!
[INFO](2023/03/16/ 12:22:34 PM) [Round: 0003] ...successfully transmitted models to 1 selected clients!
[INFO](2023/03/16/ 12:22:34 PM) [Round: 0003] Start updating selected 1 clients...!
[INFO](2023/03/16/ 01:01:04 PM) [Round: 0003] ...1 clients are selected and updated (with total sample size: 5086)!
[INFO](2023/03/16/ 01:01:04 PM) [Round: 0003] Evaluate selected 1 clients' models...!
[INFO](2023/03/16/ 01:19:54 PM) [Round: 0003] ...finished evaluation of 1 selected clients!
[INFO](2023/03/16/ 01:19:54 PM) [Round: 0003] Aggregate updated weights of 1 clients...!
[INFO](2023/03/16/ 01:19:55 PM) [Round: 0003] ...updated weights of 1 clients are successfully averaged!
[INFO](2023/03/16/ 01:26:12 PM) [Round: 0003] Evaluate global model's performance...!                
	[Server] ...finished evaluation!                
	=> Loss: 0.5833                
	=> Accuracy: 81.32%

[INFO](2023/03/16/ 01:26:13 PM) [Round: 0004] Select clients...!
[INFO](2023/03/16/ 01:26:13 PM) [Round: 0004] ...successfully transmitted models to 1 selected clients!
[INFO](2023/03/16/ 01:26:13 PM) [Round: 0004] Start updating selected 1 clients...!
[INFO](2023/03/16/ 02:04:43 PM) [Round: 0004] ...1 clients are selected and updated (with total sample size: 5086)!
[INFO](2023/03/16/ 02:04:43 PM) [Round: 0004] Evaluate selected 1 clients' models...!
[INFO](2023/03/16/ 02:23:30 PM) [Round: 0004] ...finished evaluation of 1 selected clients!
[INFO](2023/03/16/ 02:23:30 PM) [Round: 0004] Aggregate updated weights of 1 clients...!
[INFO](2023/03/16/ 02:23:30 PM) [Round: 0004] ...updated weights of 1 clients are successfully averaged!
[INFO](2023/03/16/ 02:29:49 PM) [Round: 0004] Evaluate global model's performance...!                
	[Server] ...finished evaluation!                
	=> Loss: 0.3678                
	=> Accuracy: 83.74%

[INFO](2023/03/16/ 02:29:49 PM) [Round: 0005] Select clients...!
[INFO](2023/03/16/ 02:29:49 PM) [Round: 0005] ...successfully transmitted models to 1 selected clients!
[INFO](2023/03/16/ 02:29:49 PM) [Round: 0005] Start updating selected 1 clients...!
