[INFO](2023/03/23/ 05:16:35 PM) 
[WELCOME] Unfolding configurations...!
[INFO](2023/03/23/ 05:16:35 PM) {'global_config': {'seed': 5959, 'device': 'cuda', 'is_mp': False}}
[INFO](2023/03/23/ 05:16:35 PM) {'data_config': {'data_path': '../processed', 'dataset_name': 'MNIST', 'num_shards': 200, 'iid': False}}
[INFO](2023/03/23/ 05:16:35 PM) {'fed_config': {'C': 0.1, 'K': 1, 'R': 500, 'E': 1, 'B': 2, 'criterion': 'torch.nn.CrossEntropyLoss', 'optimizer': 'torch.optim.SGD'}}
[INFO](2023/03/23/ 05:16:35 PM) {'optim_config': {'lr': 5e-07, 'momentum': 0.9, 'weight_decay': 0.0001}}
[INFO](2023/03/23/ 05:16:35 PM) {'init_config': {'init_type': 'xavier', 'init_gain': 1.0, 'gpu_ids': [0]}}
[INFO](2023/03/23/ 05:16:35 PM) {'model_config': {'name': 'CNN', 'in_channels': 1, 'hidden_channels': 32, 'num_hiddens': 512, 'num_classes': 10}}
[INFO](2023/03/23/ 05:16:35 PM) {'log_config': {'log_path': './log/2023-03-23_17:16:32', 'log_name': 'FL.log', 'tb_port': 5252, 'tb_host': '0.0.0.0'}}
[INFO](2023/03/23/ 05:16:37 PM) [Round: 0000] ...successfully initialized model (# parameters: 38138464)!
[INFO](2023/03/23/ 05:57:57 PM) [Round: 0000] ...successfully created all 1 clients!
[INFO](2023/03/23/ 05:57:57 PM) [Round: 0000] ...successfully finished setup of all 1 clients!
[INFO](2023/03/23/ 05:57:57 PM) [Round: 0000] ...successfully transmitted models to all 1 clients!
[INFO](2023/03/23/ 05:57:57 PM) [Round: 0001] Select clients...!
[INFO](2023/03/23/ 05:57:57 PM) [Round: 0001] ...successfully transmitted models to 1 selected clients!
[INFO](2023/03/23/ 05:57:57 PM) [Round: 0001] Start updating selected 1 clients...!
[INFO](2023/03/23/ 07:04:08 PM) [Round: 0001] ...1 clients are selected and updated (with total sample size: 4984)! Time: 3970.3758108615875sec
[INFO](2023/03/23/ 07:04:08 PM) [Round: 0001] Evaluate selected 1 clients' models...!
[INFO](2023/03/23/ 07:28:13 PM) [Round: 0001] ...finished evaluation of 1 selected clients!
[INFO](2023/03/23/ 07:28:13 PM) [Round: 0001] Aggregate updated weights of 1 clients...!
[INFO](2023/03/23/ 07:28:13 PM) [Round: 0001] ...updated weights of 1 clients are successfully averaged!
[INFO](2023/03/23/ 07:36:14 PM) [Round: 0001] Evaluate global model's performance...!                
	[Server] ...finished evaluation!                
	=> Loss: 0.8248                
	=> Accuracy: 81.91%

[INFO](2023/03/23/ 07:36:14 PM) [Round: 0002] Select clients...!
[INFO](2023/03/23/ 07:36:15 PM) [Round: 0002] ...successfully transmitted models to 1 selected clients!
[INFO](2023/03/23/ 07:36:15 PM) [Round: 0002] Start updating selected 1 clients...!
[INFO](2023/03/23/ 08:46:21 PM) [Round: 0002] ...1 clients are selected and updated (with total sample size: 4984)! Time: 4206.032284736633sec
[INFO](2023/03/23/ 08:46:21 PM) [Round: 0002] Evaluate selected 1 clients' models...!
[INFO](2023/03/23/ 09:10:59 PM) [Round: 0002] ...finished evaluation of 1 selected clients!
[INFO](2023/03/23/ 09:10:59 PM) [Round: 0002] Aggregate updated weights of 1 clients...!
[INFO](2023/03/23/ 09:10:59 PM) [Round: 0002] ...updated weights of 1 clients are successfully averaged!
[INFO](2023/03/23/ 09:19:00 PM) [Round: 0002] Evaluate global model's performance...!                
	[Server] ...finished evaluation!                
	=> Loss: 0.5774                
	=> Accuracy: 84.68%

[INFO](2023/03/23/ 09:19:00 PM) [Round: 0003] Select clients...!
[INFO](2023/03/23/ 09:19:00 PM) [Round: 0003] ...successfully transmitted models to 1 selected clients!
[INFO](2023/03/23/ 09:19:00 PM) [Round: 0003] Start updating selected 1 clients...!
[INFO](2023/03/23/ 10:29:24 PM) [Round: 0003] ...1 clients are selected and updated (with total sample size: 4984)! Time: 4223.964648246765sec
[INFO](2023/03/23/ 10:29:24 PM) [Round: 0003] Evaluate selected 1 clients' models...!
[INFO](2023/03/23/ 10:53:53 PM) [Round: 0003] ...finished evaluation of 1 selected clients!
[INFO](2023/03/23/ 10:53:53 PM) [Round: 0003] Aggregate updated weights of 1 clients...!
[INFO](2023/03/23/ 10:53:53 PM) [Round: 0003] ...updated weights of 1 clients are successfully averaged!
[INFO](2023/03/23/ 11:01:52 PM) [Round: 0003] Evaluate global model's performance...!                
	[Server] ...finished evaluation!                
	=> Loss: 0.8171                
	=> Accuracy: 66.47%

[INFO](2023/03/23/ 11:01:52 PM) [Round: 0004] Select clients...!
[INFO](2023/03/23/ 11:01:52 PM) [Round: 0004] ...successfully transmitted models to 1 selected clients!
[INFO](2023/03/23/ 11:01:52 PM) [Round: 0004] Start updating selected 1 clients...!
[INFO](2023/03/24/ 12:11:28 AM) [Round: 0004] ...1 clients are selected and updated (with total sample size: 4984)! Time: 4176.441551208496sec
[INFO](2023/03/24/ 12:11:28 AM) [Round: 0004] Evaluate selected 1 clients' models...!
[INFO](2023/03/24/ 12:36:34 AM) [Round: 0004] ...finished evaluation of 1 selected clients!
[INFO](2023/03/24/ 12:36:34 AM) [Round: 0004] Aggregate updated weights of 1 clients...!
[INFO](2023/03/24/ 12:36:34 AM) [Round: 0004] ...updated weights of 1 clients are successfully averaged!
[INFO](2023/03/24/ 12:44:34 AM) [Round: 0004] Evaluate global model's performance...!                
	[Server] ...finished evaluation!                
	=> Loss: 0.8422                
	=> Accuracy: 61.72%

[INFO](2023/03/24/ 12:44:34 AM) [Round: 0005] Select clients...!
[INFO](2023/03/24/ 12:44:35 AM) [Round: 0005] ...successfully transmitted models to 1 selected clients!
[INFO](2023/03/24/ 12:44:35 AM) [Round: 0005] Start updating selected 1 clients...!
[INFO](2023/03/24/ 01:55:18 AM) [Round: 0005] ...1 clients are selected and updated (with total sample size: 4984)! Time: 4242.8979024887085sec
[INFO](2023/03/24/ 01:55:18 AM) [Round: 0005] Evaluate selected 1 clients' models...!
[INFO](2023/03/24/ 02:19:51 AM) [Round: 0005] ...finished evaluation of 1 selected clients!
[INFO](2023/03/24/ 02:19:52 AM) [Round: 0005] Aggregate updated weights of 1 clients...!
[INFO](2023/03/24/ 02:19:52 AM) [Round: 0005] ...updated weights of 1 clients are successfully averaged!
[INFO](2023/03/24/ 02:27:52 AM) [Round: 0005] Evaluate global model's performance...!                
	[Server] ...finished evaluation!                
	=> Loss: 0.7814                
	=> Accuracy: 67.67%

[INFO](2023/03/24/ 02:27:52 AM) [Round: 0006] Select clients...!
[INFO](2023/03/24/ 02:27:52 AM) [Round: 0006] ...successfully transmitted models to 1 selected clients!
[INFO](2023/03/24/ 02:27:52 AM) [Round: 0006] Start updating selected 1 clients...!
[INFO](2023/03/24/ 03:37:30 AM) [Round: 0006] ...1 clients are selected and updated (with total sample size: 4984)! Time: 4178.010562419891sec
[INFO](2023/03/24/ 03:37:30 AM) [Round: 0006] Evaluate selected 1 clients' models...!
[INFO](2023/03/24/ 04:01:59 AM) [Round: 0006] ...finished evaluation of 1 selected clients!
[INFO](2023/03/24/ 04:01:59 AM) [Round: 0006] Aggregate updated weights of 1 clients...!
[INFO](2023/03/24/ 04:01:59 AM) [Round: 0006] ...updated weights of 1 clients are successfully averaged!
[INFO](2023/03/24/ 04:09:56 AM) [Round: 0006] Evaluate global model's performance...!                
	[Server] ...finished evaluation!                
	=> Loss: 0.9342                
	=> Accuracy: 70.61%

[INFO](2023/03/24/ 04:09:56 AM) [Round: 0007] Select clients...!
[INFO](2023/03/24/ 04:09:56 AM) [Round: 0007] ...successfully transmitted models to 1 selected clients!
[INFO](2023/03/24/ 04:09:56 AM) [Round: 0007] Start updating selected 1 clients...!
[INFO](2023/03/24/ 05:19:33 AM) [Round: 0007] ...1 clients are selected and updated (with total sample size: 4984)! Time: 4176.3739268779755sec
[INFO](2023/03/24/ 05:19:33 AM) [Round: 0007] Evaluate selected 1 clients' models...!
[INFO](2023/03/24/ 05:44:07 AM) [Round: 0007] ...finished evaluation of 1 selected clients!
[INFO](2023/03/24/ 05:44:07 AM) [Round: 0007] Aggregate updated weights of 1 clients...!
[INFO](2023/03/24/ 05:44:07 AM) [Round: 0007] ...updated weights of 1 clients are successfully averaged!
[INFO](2023/03/24/ 05:52:09 AM) [Round: 0007] Evaluate global model's performance...!                
	[Server] ...finished evaluation!                
	=> Loss: 0.5772                
	=> Accuracy: 82.09%

[INFO](2023/03/24/ 05:52:09 AM) [Round: 0008] Select clients...!
[INFO](2023/03/24/ 05:52:09 AM) [Round: 0008] ...successfully transmitted models to 1 selected clients!
[INFO](2023/03/24/ 05:52:09 AM) [Round: 0008] Start updating selected 1 clients...!
[INFO](2023/03/24/ 07:02:38 AM) [Round: 0008] ...1 clients are selected and updated (with total sample size: 4984)! Time: 4229.297186374664sec
[INFO](2023/03/24/ 07:02:38 AM) [Round: 0008] Evaluate selected 1 clients' models...!
[INFO](2023/03/24/ 07:27:12 AM) [Round: 0008] ...finished evaluation of 1 selected clients!
[INFO](2023/03/24/ 07:27:12 AM) [Round: 0008] Aggregate updated weights of 1 clients...!
[INFO](2023/03/24/ 07:27:12 AM) [Round: 0008] ...updated weights of 1 clients are successfully averaged!
[INFO](2023/03/24/ 07:35:13 AM) [Round: 0008] Evaluate global model's performance...!                
	[Server] ...finished evaluation!                
	=> Loss: 0.7015                
	=> Accuracy: 67.25%

[INFO](2023/03/24/ 07:35:13 AM) [Round: 0009] Select clients...!
[INFO](2023/03/24/ 07:35:13 AM) [Round: 0009] ...successfully transmitted models to 1 selected clients!
[INFO](2023/03/24/ 07:35:13 AM) [Round: 0009] Start updating selected 1 clients...!
[INFO](2023/03/24/ 08:45:32 AM) [Round: 0009] ...1 clients are selected and updated (with total sample size: 4984)! Time: 4218.980794906616sec
[INFO](2023/03/24/ 08:45:32 AM) [Round: 0009] Evaluate selected 1 clients' models...!
[INFO](2023/03/24/ 09:10:04 AM) [Round: 0009] ...finished evaluation of 1 selected clients!
[INFO](2023/03/24/ 09:10:04 AM) [Round: 0009] Aggregate updated weights of 1 clients...!
[INFO](2023/03/24/ 09:10:04 AM) [Round: 0009] ...updated weights of 1 clients are successfully averaged!
[INFO](2023/03/24/ 09:18:04 AM) [Round: 0009] Evaluate global model's performance...!                
	[Server] ...finished evaluation!                
	=> Loss: 1.0909                
	=> Accuracy: 70.85%

[INFO](2023/03/24/ 09:18:04 AM) [Round: 0010] Select clients...!
[INFO](2023/03/24/ 09:18:04 AM) [Round: 0010] ...successfully transmitted models to 1 selected clients!
[INFO](2023/03/24/ 09:18:04 AM) [Round: 0010] Start updating selected 1 clients...!
