[INFO](2023/03/30/ 09:15:56 AM) 
[WELCOME] Unfolding configurations...!
[INFO](2023/03/30/ 09:15:56 AM) {'global_config': {'seed': 5959, 'device': 'cuda', 'is_mp': False}}
[INFO](2023/03/30/ 09:15:56 AM) {'data_config': {'data_path': '../processed', 'dataset_name': 'MNIST', 'num_shards': 200, 'iid': False}}
[INFO](2023/03/30/ 09:15:56 AM) {'fed_config': {'C': 0.1, 'K': 1, 'R': 500, 'E': 1, 'B': 2, 'criterion': 'torch.nn.CrossEntropyLoss', 'optimizer': 'torch.optim.SGD'}}
[INFO](2023/03/30/ 09:15:56 AM) {'optim_config': {'lr': 5e-07, 'momentum': 0.9, 'weight_decay': 0.0001}}
[INFO](2023/03/30/ 09:15:56 AM) {'init_config': {'init_type': 'xavier', 'init_gain': 1.0, 'gpu_ids': [0]}}
[INFO](2023/03/30/ 09:15:56 AM) {'model_config': {'name': 'CNN', 'in_channels': 1, 'hidden_channels': 32, 'num_hiddens': 512, 'num_classes': 10}}
[INFO](2023/03/30/ 09:15:56 AM) {'log_config': {'log_path': './log/2023-03-30_09:15:53', 'log_name': 'FL.log', 'tb_port': 5252, 'tb_host': '0.0.0.0'}}
[INFO](2023/03/30/ 09:15:58 AM) [Round: 0000] ...successfully initialized model (# parameters: 39982176)!
[INFO](2023/03/30/ 09:57:27 AM) [Round: 0000] ...successfully created all 1 clients!
[INFO](2023/03/30/ 09:57:27 AM) [Round: 0000] ...successfully finished setup of all 1 clients!
[INFO](2023/03/30/ 09:57:27 AM) [Round: 0000] ...successfully transmitted models to all 1 clients!
[INFO](2023/03/30/ 09:57:27 AM) [Round: 0001] Select clients...!
[INFO](2023/03/30/ 09:57:27 AM) [Round: 0001] ...successfully transmitted models to 1 selected clients!
[INFO](2023/03/30/ 09:57:27 AM) [Round: 0001] Start updating selected 1 clients...!
[INFO](2023/03/30/ 11:02:12 AM) [Round: 0001] ...1 clients are selected and updated (with total sample size: 4573)! Time: 3884.4796159267426sec
[INFO](2023/03/30/ 11:02:12 AM) [Round: 0001] Evaluate selected 1 clients' models...!
[INFO](2023/03/30/ 11:24:26 AM) [Round: 0001] ...finished evaluation of 1 selected clients!
[INFO](2023/03/30/ 11:24:26 AM) [Round: 0001] Aggregate updated weights of 1 clients...!
[INFO](2023/03/30/ 11:24:26 AM) [Round: 0001] ...updated weights of 1 clients are successfully averaged!
[INFO](2023/03/30/ 11:31:33 AM) [Round: 0001] Evaluate global model's performance...!                
	[Server] ...finished evaluation!                
	=> Loss: 1.0003                
	=> Accuracy: 44.06%

[INFO](2023/03/30/ 11:31:33 AM) [Round: 0002] Select clients...!
[INFO](2023/03/30/ 11:31:33 AM) [Round: 0002] ...successfully transmitted models to 1 selected clients!
[INFO](2023/03/30/ 11:31:33 AM) [Round: 0002] Start updating selected 1 clients...!
[INFO](2023/03/30/ 12:40:05 PM) [Round: 0002] ...1 clients are selected and updated (with total sample size: 4573)! Time: 4112.2341401577sec
[INFO](2023/03/30/ 12:40:05 PM) [Round: 0002] Evaluate selected 1 clients' models...!
[INFO](2023/03/30/ 01:02:56 PM) [Round: 0002] ...finished evaluation of 1 selected clients!
[INFO](2023/03/30/ 01:02:56 PM) [Round: 0002] Aggregate updated weights of 1 clients...!
[INFO](2023/03/30/ 01:02:56 PM) [Round: 0002] ...updated weights of 1 clients are successfully averaged!
[INFO](2023/03/30/ 01:09:59 PM) [Round: 0002] Evaluate global model's performance...!                
	[Server] ...finished evaluation!                
	=> Loss: 0.9497                
	=> Accuracy: 53.53%

[INFO](2023/03/30/ 01:09:59 PM) [Round: 0003] Select clients...!
[INFO](2023/03/30/ 01:09:59 PM) [Round: 0003] ...successfully transmitted models to 1 selected clients!
[INFO](2023/03/30/ 01:09:59 PM) [Round: 0003] Start updating selected 1 clients...!
[INFO](2023/03/30/ 02:18:21 PM) [Round: 0003] ...1 clients are selected and updated (with total sample size: 4573)! Time: 4101.842080593109sec
[INFO](2023/03/30/ 02:18:21 PM) [Round: 0003] Evaluate selected 1 clients' models...!
[INFO](2023/03/30/ 02:40:41 PM) [Round: 0003] ...finished evaluation of 1 selected clients!
[INFO](2023/03/30/ 02:40:41 PM) [Round: 0003] Aggregate updated weights of 1 clients...!
[INFO](2023/03/30/ 02:40:41 PM) [Round: 0003] ...updated weights of 1 clients are successfully averaged!
[INFO](2023/03/30/ 02:47:41 PM) [Round: 0003] Evaluate global model's performance...!                
	[Server] ...finished evaluation!                
	=> Loss: 0.9195                
	=> Accuracy: 53.95%

[INFO](2023/03/30/ 02:47:41 PM) [Round: 0004] Select clients...!
[INFO](2023/03/30/ 02:47:41 PM) [Round: 0004] ...successfully transmitted models to 1 selected clients!
[INFO](2023/03/30/ 02:47:41 PM) [Round: 0004] Start updating selected 1 clients...!
[INFO](2023/03/30/ 03:56:07 PM) [Round: 0004] ...1 clients are selected and updated (with total sample size: 4573)! Time: 4105.941832065582sec
[INFO](2023/03/30/ 03:56:07 PM) [Round: 0004] Evaluate selected 1 clients' models...!
[INFO](2023/03/30/ 04:19:03 PM) [Round: 0004] ...finished evaluation of 1 selected clients!
[INFO](2023/03/30/ 04:19:03 PM) [Round: 0004] Aggregate updated weights of 1 clients...!
[INFO](2023/03/30/ 04:19:03 PM) [Round: 0004] ...updated weights of 1 clients are successfully averaged!
[INFO](2023/03/30/ 04:26:07 PM) [Round: 0004] Evaluate global model's performance...!                
	[Server] ...finished evaluation!                
	=> Loss: 0.9587                
	=> Accuracy: 52.64%

[INFO](2023/03/30/ 04:26:07 PM) [Round: 0005] Select clients...!
[INFO](2023/03/30/ 04:26:07 PM) [Round: 0005] ...successfully transmitted models to 1 selected clients!
[INFO](2023/03/30/ 04:26:07 PM) [Round: 0005] Start updating selected 1 clients...!
[INFO](2023/03/30/ 05:34:31 PM) [Round: 0005] ...1 clients are selected and updated (with total sample size: 4573)! Time: 4103.95787024498sec
[INFO](2023/03/30/ 05:34:31 PM) [Round: 0005] Evaluate selected 1 clients' models...!
[INFO](2023/03/30/ 05:57:29 PM) [Round: 0005] ...finished evaluation of 1 selected clients!
[INFO](2023/03/30/ 05:57:29 PM) [Round: 0005] Aggregate updated weights of 1 clients...!
[INFO](2023/03/30/ 05:57:29 PM) [Round: 0005] ...updated weights of 1 clients are successfully averaged!
[INFO](2023/03/30/ 06:04:30 PM) [Round: 0005] Evaluate global model's performance...!                
	[Server] ...finished evaluation!                
	=> Loss: 0.9195                
	=> Accuracy: 47.36%

[INFO](2023/03/30/ 06:04:30 PM) [Round: 0006] Select clients...!
[INFO](2023/03/30/ 06:04:30 PM) [Round: 0006] ...successfully transmitted models to 1 selected clients!
[INFO](2023/03/30/ 06:04:30 PM) [Round: 0006] Start updating selected 1 clients...!
[INFO](2023/03/30/ 07:12:26 PM) [Round: 0006] ...1 clients are selected and updated (with total sample size: 4573)! Time: 4075.675573825836sec
[INFO](2023/03/30/ 07:12:26 PM) [Round: 0006] Evaluate selected 1 clients' models...!
[INFO](2023/03/30/ 07:35:28 PM) [Round: 0006] ...finished evaluation of 1 selected clients!
[INFO](2023/03/30/ 07:35:28 PM) [Round: 0006] Aggregate updated weights of 1 clients...!
[INFO](2023/03/30/ 07:35:28 PM) [Round: 0006] ...updated weights of 1 clients are successfully averaged!
[INFO](2023/03/30/ 07:42:30 PM) [Round: 0006] Evaluate global model's performance...!                
	[Server] ...finished evaluation!                
	=> Loss: 0.8561                
	=> Accuracy: 63.35%

[INFO](2023/03/30/ 07:42:30 PM) [Round: 0007] Select clients...!
[INFO](2023/03/30/ 07:42:30 PM) [Round: 0007] ...successfully transmitted models to 1 selected clients!
[INFO](2023/03/30/ 07:42:30 PM) [Round: 0007] Start updating selected 1 clients...!
[INFO](2023/03/30/ 08:52:45 PM) [Round: 0007] ...1 clients are selected and updated (with total sample size: 4573)! Time: 4215.145944356918sec
[INFO](2023/03/30/ 08:52:45 PM) [Round: 0007] Evaluate selected 1 clients' models...!
[INFO](2023/03/30/ 09:15:42 PM) [Round: 0007] ...finished evaluation of 1 selected clients!
[INFO](2023/03/30/ 09:15:42 PM) [Round: 0007] Aggregate updated weights of 1 clients...!
[INFO](2023/03/30/ 09:15:42 PM) [Round: 0007] ...updated weights of 1 clients are successfully averaged!
