[INFO](2023/03/17/ 04:53:47 PM) 
[WELCOME] Unfolding configurations...!
[INFO](2023/03/17/ 04:53:47 PM) {'global_config': {'seed': 5959, 'device': 'cuda', 'is_mp': False}}
[INFO](2023/03/17/ 04:53:47 PM) {'data_config': {'data_path': '../processed', 'dataset_name': 'MNIST', 'num_shards': 200, 'iid': False}}
[INFO](2023/03/17/ 04:53:47 PM) {'fed_config': {'C': 0.1, 'K': 1, 'R': 500, 'E': 1, 'B': 2, 'criterion': 'torch.nn.CrossEntropyLoss', 'optimizer': 'torch.optim.SGD'}}
[INFO](2023/03/17/ 04:53:47 PM) {'optim_config': {'lr': 5e-07, 'momentum': 0.9, 'weight_decay': 0.0001}}
[INFO](2023/03/17/ 04:53:47 PM) {'init_config': {'init_type': 'xavier', 'init_gain': 1.0, 'gpu_ids': [0]}}
[INFO](2023/03/17/ 04:53:47 PM) {'model_config': {'name': 'CNN', 'in_channels': 1, 'hidden_channels': 32, 'num_hiddens': 512, 'num_classes': 10}}
[INFO](2023/03/17/ 04:53:47 PM) {'log_config': {'log_path': './log/2023-03-17_16:53:44', 'log_name': 'FL.log', 'tb_port': 5252, 'tb_host': '0.0.0.0'}}
[INFO](2023/03/17/ 04:53:48 PM) [Round: 0000] ...successfully initialized model (# parameters: 37606496)!
[INFO](2023/03/17/ 04:54:04 PM) [Round: 0000] ...successfully created all 1 clients!
[INFO](2023/03/17/ 04:54:04 PM) [Round: 0000] ...successfully finished setup of all 1 clients!
[INFO](2023/03/17/ 04:54:04 PM) [Round: 0000] ...successfully transmitted models to all 1 clients!
[INFO](2023/03/17/ 04:54:05 PM) [Round: 0001] Select clients...!
[INFO](2023/03/17/ 04:54:05 PM) [Round: 0001] ...successfully transmitted models to 1 selected clients!
[INFO](2023/03/17/ 04:54:05 PM) [Round: 0001] Start updating selected 1 clients...!
[INFO](2023/03/17/ 05:47:29 PM) [Round: 0001] ...1 clients are selected and updated (with total sample size: 5086)! Time: 3204.5611369609833sec
[INFO](2023/03/17/ 05:47:29 PM) [Round: 0001] Evaluate selected 1 clients' models...!
[INFO](2023/03/17/ 06:08:20 PM) [Round: 0001] ...finished evaluation of 1 selected clients!
[INFO](2023/03/17/ 06:08:20 PM) [Round: 0001] Aggregate updated weights of 1 clients...!
[INFO](2023/03/17/ 06:08:20 PM) [Round: 0001] ...updated weights of 1 clients are successfully averaged!
[INFO](2023/03/17/ 06:15:29 PM) [Round: 0001] Evaluate global model's performance...!                
	[Server] ...finished evaluation!                
	=> Loss: 0.4754                
	=> Accuracy: 77.93%

[INFO](2023/03/17/ 06:15:29 PM) [Round: 0002] Select clients...!
[INFO](2023/03/17/ 06:15:29 PM) [Round: 0002] ...successfully transmitted models to 1 selected clients!
[INFO](2023/03/17/ 06:15:29 PM) [Round: 0002] Start updating selected 1 clients...!
[INFO](2023/03/17/ 07:12:50 PM) [Round: 0002] ...1 clients are selected and updated (with total sample size: 5086)! Time: 3441.683685541153sec
[INFO](2023/03/17/ 07:12:50 PM) [Round: 0002] Evaluate selected 1 clients' models...!
[INFO](2023/03/17/ 07:34:09 PM) [Round: 0002] ...finished evaluation of 1 selected clients!
[INFO](2023/03/17/ 07:34:09 PM) [Round: 0002] Aggregate updated weights of 1 clients...!
[INFO](2023/03/17/ 07:34:09 PM) [Round: 0002] ...updated weights of 1 clients are successfully averaged!
[INFO](2023/03/17/ 07:41:15 PM) [Round: 0002] Evaluate global model's performance...!                
	[Server] ...finished evaluation!                
	=> Loss: 0.5243                
	=> Accuracy: 79.54%

[INFO](2023/03/17/ 07:41:15 PM) [Round: 0003] Select clients...!
[INFO](2023/03/17/ 07:41:15 PM) [Round: 0003] ...successfully transmitted models to 1 selected clients!
[INFO](2023/03/17/ 07:41:15 PM) [Round: 0003] Start updating selected 1 clients...!
[INFO](2023/03/17/ 08:39:18 PM) [Round: 0003] ...1 clients are selected and updated (with total sample size: 5086)! Time: 3482.1660208702087sec
[INFO](2023/03/17/ 08:39:18 PM) [Round: 0003] Evaluate selected 1 clients' models...!
[INFO](2023/03/17/ 09:00:34 PM) [Round: 0003] ...finished evaluation of 1 selected clients!
[INFO](2023/03/17/ 09:00:34 PM) [Round: 0003] Aggregate updated weights of 1 clients...!
[INFO](2023/03/17/ 09:00:34 PM) [Round: 0003] ...updated weights of 1 clients are successfully averaged!
[INFO](2023/03/17/ 09:07:42 PM) [Round: 0003] Evaluate global model's performance...!                
	[Server] ...finished evaluation!                
	=> Loss: 0.4073                
	=> Accuracy: 86.09%

[INFO](2023/03/17/ 09:07:42 PM) [Round: 0004] Select clients...!
[INFO](2023/03/17/ 09:07:42 PM) [Round: 0004] ...successfully transmitted models to 1 selected clients!
[INFO](2023/03/17/ 09:07:42 PM) [Round: 0004] Start updating selected 1 clients...!
[INFO](2023/03/17/ 10:05:02 PM) [Round: 0004] ...1 clients are selected and updated (with total sample size: 5086)! Time: 3439.3013002872467sec
[INFO](2023/03/17/ 10:05:02 PM) [Round: 0004] Evaluate selected 1 clients' models...!
[INFO](2023/03/17/ 10:26:15 PM) [Round: 0004] ...finished evaluation of 1 selected clients!
[INFO](2023/03/17/ 10:26:15 PM) [Round: 0004] Aggregate updated weights of 1 clients...!
[INFO](2023/03/17/ 10:26:15 PM) [Round: 0004] ...updated weights of 1 clients are successfully averaged!
[INFO](2023/03/17/ 10:33:21 PM) [Round: 0004] Evaluate global model's performance...!                
	[Server] ...finished evaluation!                
	=> Loss: 0.5670                
	=> Accuracy: 74.02%

[INFO](2023/03/17/ 10:33:21 PM) [Round: 0005] Select clients...!
[INFO](2023/03/17/ 10:33:21 PM) [Round: 0005] ...successfully transmitted models to 1 selected clients!
[INFO](2023/03/17/ 10:33:21 PM) [Round: 0005] Start updating selected 1 clients...!
[INFO](2023/03/17/ 11:30:49 PM) [Round: 0005] ...1 clients are selected and updated (with total sample size: 5086)! Time: 3447.7927463054657sec
[INFO](2023/03/17/ 11:30:49 PM) [Round: 0005] Evaluate selected 1 clients' models...!
[INFO](2023/03/17/ 11:52:10 PM) [Round: 0005] ...finished evaluation of 1 selected clients!
[INFO](2023/03/17/ 11:52:10 PM) [Round: 0005] Aggregate updated weights of 1 clients...!
[INFO](2023/03/17/ 11:52:10 PM) [Round: 0005] ...updated weights of 1 clients are successfully averaged!
[INFO](2023/03/17/ 11:59:17 PM) [Round: 0005] Evaluate global model's performance...!                
	[Server] ...finished evaluation!                
	=> Loss: 0.6921                
	=> Accuracy: 75.80%

[INFO](2023/03/17/ 11:59:17 PM) [Round: 0006] Select clients...!
[INFO](2023/03/17/ 11:59:17 PM) [Round: 0006] ...successfully transmitted models to 1 selected clients!
[INFO](2023/03/17/ 11:59:17 PM) [Round: 0006] Start updating selected 1 clients...!
[INFO](2023/03/18/ 12:56:39 AM) [Round: 0006] ...1 clients are selected and updated (with total sample size: 5086)! Time: 3442.2470440864563sec
[INFO](2023/03/18/ 12:56:39 AM) [Round: 0006] Evaluate selected 1 clients' models...!
[INFO](2023/03/18/ 01:17:58 AM) [Round: 0006] ...finished evaluation of 1 selected clients!
[INFO](2023/03/18/ 01:17:58 AM) [Round: 0006] Aggregate updated weights of 1 clients...!
[INFO](2023/03/18/ 01:17:58 AM) [Round: 0006] ...updated weights of 1 clients are successfully averaged!
[INFO](2023/03/18/ 01:25:05 AM) [Round: 0006] Evaluate global model's performance...!                
	[Server] ...finished evaluation!                
	=> Loss: 0.7009                
	=> Accuracy: 72.64%

[INFO](2023/03/18/ 01:25:05 AM) [Round: 0007] Select clients...!
[INFO](2023/03/18/ 01:25:05 AM) [Round: 0007] ...successfully transmitted models to 1 selected clients!
[INFO](2023/03/18/ 01:25:05 AM) [Round: 0007] Start updating selected 1 clients...!
[INFO](2023/03/18/ 02:23:03 AM) [Round: 0007] ...1 clients are selected and updated (with total sample size: 5086)! Time: 3477.8966794013977sec
[INFO](2023/03/18/ 02:23:03 AM) [Round: 0007] Evaluate selected 1 clients' models...!
[INFO](2023/03/18/ 02:44:21 AM) [Round: 0007] ...finished evaluation of 1 selected clients!
[INFO](2023/03/18/ 02:44:21 AM) [Round: 0007] Aggregate updated weights of 1 clients...!
[INFO](2023/03/18/ 02:44:22 AM) [Round: 0007] ...updated weights of 1 clients are successfully averaged!
[INFO](2023/03/18/ 02:51:29 AM) [Round: 0007] Evaluate global model's performance...!                
	[Server] ...finished evaluation!                
	=> Loss: 0.6211                
	=> Accuracy: 80.06%

[INFO](2023/03/18/ 02:51:29 AM) [Round: 0008] Select clients...!
[INFO](2023/03/18/ 02:51:29 AM) [Round: 0008] ...successfully transmitted models to 1 selected clients!
[INFO](2023/03/18/ 02:51:29 AM) [Round: 0008] Start updating selected 1 clients...!
[INFO](2023/03/18/ 03:50:31 AM) [Round: 0008] ...1 clients are selected and updated (with total sample size: 5086)! Time: 3542.0964682102203sec
[INFO](2023/03/18/ 03:50:31 AM) [Round: 0008] Evaluate selected 1 clients' models...!
[INFO](2023/03/18/ 04:11:47 AM) [Round: 0008] ...finished evaluation of 1 selected clients!
[INFO](2023/03/18/ 04:11:47 AM) [Round: 0008] Aggregate updated weights of 1 clients...!
[INFO](2023/03/18/ 04:11:47 AM) [Round: 0008] ...updated weights of 1 clients are successfully averaged!
[INFO](2023/03/18/ 04:18:54 AM) [Round: 0008] Evaluate global model's performance...!                
	[Server] ...finished evaluation!                
	=> Loss: 0.6986                
	=> Accuracy: 76.49%

[INFO](2023/03/18/ 04:18:54 AM) [Round: 0009] Select clients...!
[INFO](2023/03/18/ 04:18:54 AM) [Round: 0009] ...successfully transmitted models to 1 selected clients!
[INFO](2023/03/18/ 04:18:54 AM) [Round: 0009] Start updating selected 1 clients...!
[INFO](2023/03/18/ 05:17:37 AM) [Round: 0009] ...1 clients are selected and updated (with total sample size: 5086)! Time: 3523.1269319057465sec
[INFO](2023/03/18/ 05:17:37 AM) [Round: 0009] Evaluate selected 1 clients' models...!
[INFO](2023/03/18/ 05:38:50 AM) [Round: 0009] ...finished evaluation of 1 selected clients!
[INFO](2023/03/18/ 05:38:50 AM) [Round: 0009] Aggregate updated weights of 1 clients...!
[INFO](2023/03/18/ 05:38:50 AM) [Round: 0009] ...updated weights of 1 clients are successfully averaged!
[INFO](2023/03/18/ 05:45:57 AM) [Round: 0009] Evaluate global model's performance...!                
	[Server] ...finished evaluation!                
	=> Loss: 0.7069                
	=> Accuracy: 76.72%

[INFO](2023/03/18/ 05:45:57 AM) [Round: 0010] Select clients...!
[INFO](2023/03/18/ 05:45:57 AM) [Round: 0010] ...successfully transmitted models to 1 selected clients!
[INFO](2023/03/18/ 05:45:57 AM) [Round: 0010] Start updating selected 1 clients...!
[INFO](2023/03/18/ 06:43:11 AM) [Round: 0010] ...1 clients are selected and updated (with total sample size: 5086)! Time: 3433.8085508346558sec
[INFO](2023/03/18/ 06:43:11 AM) [Round: 0010] Evaluate selected 1 clients' models...!
[INFO](2023/03/18/ 07:04:23 AM) [Round: 0010] ...finished evaluation of 1 selected clients!
[INFO](2023/03/18/ 07:04:23 AM) [Round: 0010] Aggregate updated weights of 1 clients...!
[INFO](2023/03/18/ 07:04:24 AM) [Round: 0010] ...updated weights of 1 clients are successfully averaged!
[INFO](2023/03/18/ 07:11:31 AM) [Round: 0010] Evaluate global model's performance...!                
	[Server] ...finished evaluation!                
	=> Loss: 0.4501                
	=> Accuracy: 88.85%

[INFO](2023/03/18/ 07:11:31 AM) [Round: 0011] Select clients...!
[INFO](2023/03/18/ 07:11:31 AM) [Round: 0011] ...successfully transmitted models to 1 selected clients!
[INFO](2023/03/18/ 07:11:31 AM) [Round: 0011] Start updating selected 1 clients...!
[INFO](2023/03/18/ 08:08:39 AM) [Round: 0011] ...1 clients are selected and updated (with total sample size: 5086)! Time: 3428.7533645629883sec
[INFO](2023/03/18/ 08:08:40 AM) [Round: 0011] Evaluate selected 1 clients' models...!
[INFO](2023/03/18/ 08:29:58 AM) [Round: 0011] ...finished evaluation of 1 selected clients!
[INFO](2023/03/18/ 08:29:58 AM) [Round: 0011] Aggregate updated weights of 1 clients...!
[INFO](2023/03/18/ 08:29:58 AM) [Round: 0011] ...updated weights of 1 clients are successfully averaged!
[INFO](2023/03/18/ 08:37:06 AM) [Round: 0011] Evaluate global model's performance...!                
	[Server] ...finished evaluation!                
	=> Loss: 0.7236                
	=> Accuracy: 74.43%

[INFO](2023/03/18/ 08:37:06 AM) [Round: 0012] Select clients...!
[INFO](2023/03/18/ 08:37:06 AM) [Round: 0012] ...successfully transmitted models to 1 selected clients!
[INFO](2023/03/18/ 08:37:06 AM) [Round: 0012] Start updating selected 1 clients...!
[INFO](2023/03/18/ 09:34:02 AM) [Round: 0012] ...1 clients are selected and updated (with total sample size: 5086)! Time: 3416.0274403095245sec
[INFO](2023/03/18/ 09:34:02 AM) [Round: 0012] Evaluate selected 1 clients' models...!
[INFO](2023/03/18/ 09:55:20 AM) [Round: 0012] ...finished evaluation of 1 selected clients!
[INFO](2023/03/18/ 09:55:20 AM) [Round: 0012] Aggregate updated weights of 1 clients...!
[INFO](2023/03/18/ 09:55:20 AM) [Round: 0012] ...updated weights of 1 clients are successfully averaged!
[INFO](2023/03/18/ 10:02:27 AM) [Round: 0012] Evaluate global model's performance...!                
	[Server] ...finished evaluation!                
	=> Loss: 0.3858                
	=> Accuracy: 85.63%

[INFO](2023/03/18/ 10:02:27 AM) [Round: 0013] Select clients...!
[INFO](2023/03/18/ 10:02:27 AM) [Round: 0013] ...successfully transmitted models to 1 selected clients!
[INFO](2023/03/18/ 10:02:27 AM) [Round: 0013] Start updating selected 1 clients...!
